{"D:\\Projects\\my_restaurant\\admin\\buyIngradients.js": {"path":"D:\\Projects\\my_restaurant\\admin\\buyIngradients.js","statementMap":{"0":{"start":{"line":1,"column":24},"end":{"line":1,"column":68}},"1":{"start":{"line":2,"column":31},"end":{"line":2,"column":77}},"2":{"start":{"line":3,"column":17},"end":{"line":3,"column":44}},"3":{"start":{"line":4,"column":28},"end":{"line":4,"column":68}},"4":{"start":{"line":5,"column":11},"end":{"line":5,"column":24}},"5":{"start":{"line":6,"column":25},"end":{"line":6,"column":62}},"6":{"start":{"line":7,"column":27},"end":{"line":7,"column":63}},"7":{"start":{"line":8,"column":28},"end":{"line":8,"column":82}},"8":{"start":{"line":9,"column":23},"end":{"line":9,"column":66}},"9":{"start":{"line":10,"column":35},"end":{"line":10,"column":85}},"10":{"start":{"line":11,"column":27},"end":{"line":11,"column":69}},"11":{"start":{"line":14,"column":0},"end":{"line":49,"column":1}},"12":{"start":{"line":17,"column":4},"end":{"line":43,"column":5}},"13":{"start":{"line":17,"column":17},"end":{"line":17,"column":18}},"14":{"start":{"line":20,"column":8},"end":{"line":42,"column":9}},"15":{"start":{"line":22,"column":25},"end":{"line":22,"column":100}},"16":{"start":{"line":24,"column":28},"end":{"line":24,"column":34}},"17":{"start":{"line":26,"column":12},"end":{"line":36,"column":13}},"18":{"start":{"line":28,"column":16},"end":{"line":28,"column":91}},"19":{"start":{"line":30,"column":16},"end":{"line":35,"column":17}},"20":{"start":{"line":30,"column":29},"end":{"line":30,"column":30}},"21":{"start":{"line":32,"column":34},"end":{"line":32,"column":81}},"22":{"start":{"line":33,"column":20},"end":{"line":33,"column":83}},"23":{"start":{"line":34,"column":20},"end":{"line":34,"column":75}},"24":{"start":{"line":40,"column":12},"end":{"line":40,"column":70}},"25":{"start":{"line":41,"column":12},"end":{"line":41,"column":24}},"26":{"start":{"line":46,"column":4},"end":{"line":46,"column":90}},"27":{"start":{"line":48,"column":4},"end":{"line":48,"column":47}},"28":{"start":{"line":52,"column":0},"end":{"line":92,"column":1}},"29":{"start":{"line":57,"column":27},"end":{"line":57,"column":29}},"30":{"start":{"line":60,"column":4},"end":{"line":80,"column":5}},"31":{"start":{"line":60,"column":17},"end":{"line":60,"column":18}},"32":{"start":{"line":61,"column":8},"end":{"line":79,"column":9}},"33":{"start":{"line":62,"column":12},"end":{"line":74,"column":13}},"34":{"start":{"line":64,"column":16},"end":{"line":68,"column":17}},"35":{"start":{"line":64,"column":29},"end":{"line":64,"column":30}},"36":{"start":{"line":67,"column":20},"end":{"line":67,"column":57}},"37":{"start":{"line":72,"column":16},"end":{"line":72,"column":53}},"38":{"start":{"line":78,"column":12},"end":{"line":78,"column":24}},"39":{"start":{"line":84,"column":16},"end":{"line":84,"column":48}},"40":{"start":{"line":86,"column":17},"end":{"line":86,"column":51}},"41":{"start":{"line":89,"column":4},"end":{"line":89,"column":49}},"42":{"start":{"line":91,"column":4},"end":{"line":91,"column":34}}},"fnMap":{"0":{"name":"addIngradients","decl":{"start":{"line":14,"column":41},"end":{"line":14,"column":55}},"loc":{"start":{"line":14,"column":79},"end":{"line":49,"column":1}},"line":14},"1":{"name":"removeMoney","decl":{"start":{"line":52,"column":38},"end":{"line":52,"column":49}},"loc":{"start":{"line":52,"column":73},"end":{"line":92,"column":1}},"line":52}},"branchMap":{"0":{"loc":{"start":{"line":20,"column":8},"end":{"line":42,"column":9}},"type":"if","locations":[{"start":{"line":20,"column":8},"end":{"line":42,"column":9}},{"start":{"line":38,"column":15},"end":{"line":42,"column":9}}],"line":20},"1":{"loc":{"start":{"line":26,"column":12},"end":{"line":36,"column":13}},"type":"if","locations":[{"start":{"line":26,"column":12},"end":{"line":36,"column":13}},{"start":{},"end":{}}],"line":26},"2":{"loc":{"start":{"line":61,"column":8},"end":{"line":79,"column":9}},"type":"if","locations":[{"start":{"line":61,"column":8},"end":{"line":79,"column":9}},{"start":{"line":75,"column":15},"end":{"line":79,"column":9}}],"line":61},"3":{"loc":{"start":{"line":62,"column":12},"end":{"line":74,"column":13}},"type":"if","locations":[{"start":{"line":62,"column":12},"end":{"line":74,"column":13}},{"start":{"line":69,"column":19},"end":{"line":74,"column":13}}],"line":62}},"s":{"0":2,"1":2,"2":2,"3":2,"4":2,"5":2,"6":2,"7":2,"8":2,"9":2,"10":2,"11":2,"12":4,"13":4,"14":4,"15":3,"16":3,"17":3,"18":3,"19":3,"20":3,"21":10,"22":10,"23":10,"24":1,"25":1,"26":3,"27":3,"28":2,"29":3,"30":3,"31":3,"32":3,"33":2,"34":1,"35":1,"36":2,"37":1,"38":1,"39":2,"40":2,"41":2,"42":2},"f":{"0":4,"1":3},"b":{"0":[3,1],"1":[3,0],"2":[2,1],"3":[1,1]},"_coverageSchema":"1a1c01bbd47fc00a2c39e90264f33305004495a9","hash":"25498539f1323739b2d7d5a6b1a854208ddba7e3"}
,"D:\\Projects\\my_restaurant\\admin\\buyReadyMeals.js": {"path":"D:\\Projects\\my_restaurant\\admin\\buyReadyMeals.js","statementMap":{"0":{"start":{"line":1,"column":11},"end":{"line":1,"column":24}},"1":{"start":{"line":2,"column":27},"end":{"line":2,"column":64}},"2":{"start":{"line":3,"column":31},"end":{"line":3,"column":77}},"3":{"start":{"line":4,"column":28},"end":{"line":4,"column":81}},"4":{"start":{"line":5,"column":19},"end":{"line":5,"column":53}},"5":{"start":{"line":6,"column":23},"end":{"line":6,"column":56}},"6":{"start":{"line":7,"column":17},"end":{"line":7,"column":44}},"7":{"start":{"line":8,"column":28},"end":{"line":8,"column":68}},"8":{"start":{"line":9,"column":23},"end":{"line":9,"column":66}},"9":{"start":{"line":10,"column":25},"end":{"line":10,"column":62}},"10":{"start":{"line":11,"column":27},"end":{"line":11,"column":63}},"11":{"start":{"line":14,"column":0},"end":{"line":46,"column":1}},"12":{"start":{"line":17,"column":4},"end":{"line":39,"column":5}},"13":{"start":{"line":17,"column":17},"end":{"line":17,"column":18}},"14":{"start":{"line":20,"column":8},"end":{"line":38,"column":9}},"15":{"start":{"line":23,"column":25},"end":{"line":23,"column":92}},"16":{"start":{"line":24,"column":28},"end":{"line":24,"column":34}},"17":{"start":{"line":27,"column":12},"end":{"line":31,"column":13}},"18":{"start":{"line":30,"column":16},"end":{"line":30,"column":69}},"19":{"start":{"line":36,"column":12},"end":{"line":36,"column":70}},"20":{"start":{"line":37,"column":12},"end":{"line":37,"column":24}},"21":{"start":{"line":42,"column":4},"end":{"line":42,"column":63}},"22":{"start":{"line":45,"column":4},"end":{"line":45,"column":32}},"23":{"start":{"line":49,"column":0},"end":{"line":84,"column":1}},"24":{"start":{"line":52,"column":16},"end":{"line":52,"column":17}},"25":{"start":{"line":55,"column":4},"end":{"line":73,"column":5}},"26":{"start":{"line":55,"column":17},"end":{"line":55,"column":18}},"27":{"start":{"line":58,"column":8},"end":{"line":72,"column":9}},"28":{"start":{"line":61,"column":30},"end":{"line":61,"column":65}},"29":{"start":{"line":64,"column":24},"end":{"line":64,"column":51}},"30":{"start":{"line":67,"column":12},"end":{"line":67,"column":60}},"31":{"start":{"line":71,"column":12},"end":{"line":71,"column":24}},"32":{"start":{"line":76,"column":17},"end":{"line":76,"column":51}},"33":{"start":{"line":79,"column":4},"end":{"line":79,"column":49}},"34":{"start":{"line":83,"column":4},"end":{"line":83,"column":34}}},"fnMap":{"0":{"name":"addReadyMeals","decl":{"start":{"line":14,"column":40},"end":{"line":14,"column":53}},"loc":{"start":{"line":14,"column":70},"end":{"line":46,"column":1}},"line":14},"1":{"name":"removeMoney","decl":{"start":{"line":49,"column":38},"end":{"line":49,"column":49}},"loc":{"start":{"line":49,"column":66},"end":{"line":84,"column":1}},"line":49}},"branchMap":{"0":{"loc":{"start":{"line":20,"column":8},"end":{"line":38,"column":9}},"type":"if","locations":[{"start":{"line":20,"column":8},"end":{"line":38,"column":9}},{"start":{"line":33,"column":15},"end":{"line":38,"column":9}}],"line":20},"1":{"loc":{"start":{"line":27,"column":12},"end":{"line":31,"column":13}},"type":"if","locations":[{"start":{"line":27,"column":12},"end":{"line":31,"column":13}},{"start":{},"end":{}}],"line":27},"2":{"loc":{"start":{"line":58,"column":8},"end":{"line":72,"column":9}},"type":"if","locations":[{"start":{"line":58,"column":8},"end":{"line":72,"column":9}},{"start":{"line":68,"column":15},"end":{"line":72,"column":9}}],"line":58}},"s":{"0":4,"1":4,"2":4,"3":4,"4":4,"5":4,"6":4,"7":4,"8":4,"9":4,"10":4,"11":4,"12":3,"13":3,"14":3,"15":2,"16":2,"17":2,"18":2,"19":1,"20":1,"21":2,"22":2,"23":4,"24":3,"25":3,"26":3,"27":3,"28":2,"29":2,"30":2,"31":1,"32":2,"33":2,"34":2},"f":{"0":3,"1":3},"b":{"0":[2,1],"1":[2,0],"2":[2,1]},"_coverageSchema":"1a1c01bbd47fc00a2c39e90264f33305004495a9","hash":"1d3533e21d1553809ab14989c61163d9f08a5063"}
,"D:\\Projects\\my_restaurant\\budget\\operationWithBudget.js": {"path":"D:\\Projects\\my_restaurant\\budget\\operationWithBudget.js","statementMap":{"0":{"start":{"line":1,"column":25},"end":{"line":1,"column":54}},"1":{"start":{"line":2,"column":13},"end":{"line":2,"column":36}},"2":{"start":{"line":3,"column":11},"end":{"line":3,"column":24}},"3":{"start":{"line":4,"column":14},"end":{"line":4,"column":60}},"4":{"start":{"line":5,"column":25},"end":{"line":5,"column":61}},"5":{"start":{"line":6,"column":30},"end":{"line":6,"column":71}},"6":{"start":{"line":7,"column":26},"end":{"line":7,"column":72}},"7":{"start":{"line":8,"column":23},"end":{"line":8,"column":66}},"8":{"start":{"line":11,"column":0},"end":{"line":44,"column":1}},"9":{"start":{"line":14,"column":17},"end":{"line":14,"column":70}},"10":{"start":{"line":17,"column":4},"end":{"line":17,"column":82}},"11":{"start":{"line":18,"column":4},"end":{"line":18,"column":33}},"12":{"start":{"line":21,"column":4},"end":{"line":21,"column":95}},"13":{"start":{"line":24,"column":4},"end":{"line":30,"column":5}},"14":{"start":{"line":29,"column":8},"end":{"line":29,"column":85}},"15":{"start":{"line":36,"column":4},"end":{"line":36,"column":38}},"16":{"start":{"line":40,"column":4},"end":{"line":40,"column":85}},"17":{"start":{"line":41,"column":4},"end":{"line":41,"column":33}},"18":{"start":{"line":43,"column":4},"end":{"line":43,"column":15}},"19":{"start":{"line":47,"column":0},"end":{"line":57,"column":1}},"20":{"start":{"line":50,"column":4},"end":{"line":50,"column":97}},"21":{"start":{"line":53,"column":4},"end":{"line":53,"column":63}},"22":{"start":{"line":56,"column":4},"end":{"line":56,"column":38}},"23":{"start":{"line":60,"column":0},"end":{"line":71,"column":1}},"24":{"start":{"line":64,"column":4},"end":{"line":64,"column":99}},"25":{"start":{"line":67,"column":4},"end":{"line":67,"column":63}},"26":{"start":{"line":70,"column":4},"end":{"line":70,"column":38}},"27":{"start":{"line":74,"column":0},"end":{"line":84,"column":1}},"28":{"start":{"line":77,"column":4},"end":{"line":83,"column":5}},"29":{"start":{"line":81,"column":8},"end":{"line":81,"column":48}},"30":{"start":{"line":82,"column":8},"end":{"line":82,"column":20}},"31":{"start":{"line":88,"column":0},"end":{"line":98,"column":1}},"32":{"start":{"line":91,"column":4},"end":{"line":91,"column":85}},"33":{"start":{"line":97,"column":4},"end":{"line":97,"column":46}},"34":{"start":{"line":102,"column":0},"end":{"line":112,"column":1}},"35":{"start":{"line":105,"column":4},"end":{"line":105,"column":80}},"36":{"start":{"line":111,"column":4},"end":{"line":111,"column":46}},"37":{"start":{"line":114,"column":0},"end":{"line":117,"column":1}},"38":{"start":{"line":115,"column":14},"end":{"line":115,"column":42}},"39":{"start":{"line":116,"column":4},"end":{"line":116,"column":40}}},"fnMap":{"0":{"name":"Calculate","decl":{"start":{"line":11,"column":36},"end":{"line":11,"column":45}},"loc":{"start":{"line":11,"column":48},"end":{"line":44,"column":1}},"line":11},"1":{"name":"removeFromBudget","decl":{"start":{"line":47,"column":43},"end":{"line":47,"column":59}},"loc":{"start":{"line":47,"column":67},"end":{"line":57,"column":1}},"line":47},"2":{"name":"addToBudget","decl":{"start":{"line":60,"column":38},"end":{"line":60,"column":49}},"loc":{"start":{"line":60,"column":57},"end":{"line":71,"column":1}},"line":60},"3":{"name":"checkBudgetForBankruptcy","decl":{"start":{"line":74,"column":51},"end":{"line":74,"column":75}},"loc":{"start":{"line":74,"column":78},"end":{"line":84,"column":1}},"line":74},"4":{"name":"_removeFromBudget","decl":{"start":{"line":88,"column":44},"end":{"line":88,"column":61}},"loc":{"start":{"line":88,"column":69},"end":{"line":98,"column":1}},"line":88},"5":{"name":"_addToBudget","decl":{"start":{"line":102,"column":39},"end":{"line":102,"column":51}},"loc":{"start":{"line":102,"column":59},"end":{"line":112,"column":1}},"line":102},"6":{"name":"(anonymous_6)","decl":{"start":{"line":114,"column":33},"end":{"line":114,"column":34}},"loc":{"start":{"line":114,"column":57},"end":{"line":117,"column":1}},"line":114}},"branchMap":{"0":{"loc":{"start":{"line":24,"column":4},"end":{"line":30,"column":5}},"type":"if","locations":[{"start":{"line":24,"column":4},"end":{"line":30,"column":5}},{"start":{"line":26,"column":11},"end":{"line":30,"column":5}}],"line":24},"1":{"loc":{"start":{"line":77,"column":4},"end":{"line":83,"column":5}},"type":"if","locations":[{"start":{"line":77,"column":4},"end":{"line":83,"column":5}},{"start":{},"end":{}}],"line":77},"2":{"loc":{"start":{"line":115,"column":23},"end":{"line":115,"column":33}},"type":"binary-expr","locations":[{"start":{"line":115,"column":23},"end":{"line":115,"column":27}},{"start":{"line":115,"column":31},"end":{"line":115,"column":33}}],"line":115}},"s":{"0":8,"1":8,"2":8,"3":8,"4":8,"5":8,"6":8,"7":8,"8":8,"9":1,"10":1,"11":1,"12":1,"13":1,"14":1,"15":1,"16":1,"17":1,"18":1,"19":8,"20":5,"21":5,"22":5,"23":8,"24":5,"25":5,"26":5,"27":8,"28":8,"29":1,"30":1,"31":8,"32":6,"33":6,"34":8,"35":5,"36":5,"37":8,"38":10,"39":10},"f":{"0":1,"1":5,"2":5,"3":8,"4":6,"5":5,"6":10},"b":{"0":[0,1],"1":[1,7],"2":[10,10]},"_coverageSchema":"1a1c01bbd47fc00a2c39e90264f33305004495a9","hash":"c0ceb187ef0844840a2d3c5a4147585fc20e5e60"}
,"D:\\Projects\\my_restaurant\\budget\\restaurantBudget.js": {"path":"D:\\Projects\\my_restaurant\\budget\\restaurantBudget.js","statementMap":{"0":{"start":{"line":1,"column":11},"end":{"line":1,"column":24}},"1":{"start":{"line":4,"column":13},"end":{"line":4,"column":65}},"2":{"start":{"line":7,"column":0},"end":{"line":7,"column":51}}},"fnMap":{},"branchMap":{},"s":{"0":9,"1":9,"2":9},"f":{},"b":{},"_coverageSchema":"1a1c01bbd47fc00a2c39e90264f33305004495a9","hash":"debb5b31b169887279143e4a736c6ad54a6abe2e"}
,"D:\\Projects\\my_restaurant\\menu\\baseIngradients.js": {"path":"D:\\Projects\\my_restaurant\\menu\\baseIngradients.js","statementMap":{"0":{"start":{"line":1,"column":11},"end":{"line":1,"column":24}},"1":{"start":{"line":6,"column":22},"end":{"line":6,"column":73}},"2":{"start":{"line":9,"column":0},"end":{"line":9,"column":79}}},"fnMap":{},"branchMap":{},"s":{"0":7,"1":7,"2":7},"f":{},"b":{},"_coverageSchema":"1a1c01bbd47fc00a2c39e90264f33305004495a9","hash":"8088fd7a07db4d3e01a7d0f82eb4e6117cc4d7b2"}
,"D:\\Projects\\my_restaurant\\menu\\getIngradients.js": {"path":"D:\\Projects\\my_restaurant\\menu\\getIngradients.js","statementMap":{"0":{"start":{"line":1,"column":27},"end":{"line":1,"column":58}},"1":{"start":{"line":2,"column":24},"end":{"line":2,"column":52}},"2":{"start":{"line":3,"column":19},"end":{"line":3,"column":53}},"3":{"start":{"line":6,"column":23},"end":{"line":6,"column":25}},"4":{"start":{"line":11,"column":22},"end":{"line":11,"column":65}},"5":{"start":{"line":13,"column":4},"end":{"line":25,"column":5}},"6":{"start":{"line":13,"column":17},"end":{"line":13,"column":18}},"7":{"start":{"line":16,"column":8},"end":{"line":19,"column":9}},"8":{"start":{"line":18,"column":12},"end":{"line":18,"column":45}},"9":{"start":{"line":21,"column":8},"end":{"line":24,"column":9}},"10":{"start":{"line":23,"column":12},"end":{"line":23,"column":49}},"11":{"start":{"line":27,"column":4},"end":{"line":27,"column":27}},"12":{"start":{"line":31,"column":0},"end":{"line":40,"column":1}},"13":{"start":{"line":33,"column":17},"end":{"line":33,"column":40}},"14":{"start":{"line":37,"column":4},"end":{"line":37,"column":25}},"15":{"start":{"line":39,"column":4},"end":{"line":39,"column":17}},"16":{"start":{"line":43,"column":0},"end":{"line":69,"column":1}},"17":{"start":{"line":45,"column":27},"end":{"line":45,"column":29}},"18":{"start":{"line":46,"column":26},"end":{"line":46,"column":28}},"19":{"start":{"line":48,"column":22},"end":{"line":48,"column":65}},"20":{"start":{"line":50,"column":4},"end":{"line":60,"column":5}},"21":{"start":{"line":50,"column":17},"end":{"line":50,"column":18}},"22":{"start":{"line":52,"column":8},"end":{"line":55,"column":9}},"23":{"start":{"line":54,"column":12},"end":{"line":54,"column":49}},"24":{"start":{"line":56,"column":8},"end":{"line":59,"column":9}},"25":{"start":{"line":58,"column":12},"end":{"line":58,"column":48}},"26":{"start":{"line":62,"column":4},"end":{"line":68,"column":5}},"27":{"start":{"line":64,"column":8},"end":{"line":64,"column":50}},"28":{"start":{"line":67,"column":8},"end":{"line":67,"column":50}}},"fnMap":{"0":{"name":"getAllIngradients","decl":{"start":{"line":9,"column":9},"end":{"line":9,"column":26}},"loc":{"start":{"line":9,"column":33},"end":{"line":28,"column":1}},"line":9},"1":{"name":"ingradients","decl":{"start":{"line":31,"column":38},"end":{"line":31,"column":49}},"loc":{"start":{"line":31,"column":56},"end":{"line":40,"column":1}},"line":31},"2":{"name":"getReadyMeals","decl":{"start":{"line":43,"column":40},"end":{"line":43,"column":53}},"loc":{"start":{"line":43,"column":60},"end":{"line":69,"column":1}},"line":43}},"branchMap":{"0":{"loc":{"start":{"line":16,"column":8},"end":{"line":19,"column":9}},"type":"if","locations":[{"start":{"line":16,"column":8},"end":{"line":19,"column":9}},{"start":{},"end":{}}],"line":16},"1":{"loc":{"start":{"line":21,"column":8},"end":{"line":24,"column":9}},"type":"if","locations":[{"start":{"line":21,"column":8},"end":{"line":24,"column":9}},{"start":{},"end":{}}],"line":21},"2":{"loc":{"start":{"line":52,"column":8},"end":{"line":55,"column":9}},"type":"if","locations":[{"start":{"line":52,"column":8},"end":{"line":55,"column":9}},{"start":{},"end":{}}],"line":52},"3":{"loc":{"start":{"line":56,"column":8},"end":{"line":59,"column":9}},"type":"if","locations":[{"start":{"line":56,"column":8},"end":{"line":59,"column":9}},{"start":{},"end":{}}],"line":56},"4":{"loc":{"start":{"line":62,"column":4},"end":{"line":68,"column":5}},"type":"if","locations":[{"start":{"line":62,"column":4},"end":{"line":68,"column":5}},{"start":{"line":65,"column":11},"end":{"line":68,"column":5}}],"line":62}},"s":{"0":5,"1":5,"2":5,"3":5,"4":35,"5":35,"6":35,"7":93,"8":29,"9":93,"10":64,"11":35,"12":5,"13":6,"14":6,"15":6,"16":5,"17":6,"18":6,"19":6,"20":6,"21":6,"22":8,"23":6,"24":8,"25":2,"26":6,"27":2,"28":4},"f":{"0":35,"1":6,"2":6},"b":{"0":[29,64],"1":[64,29],"2":[6,2],"3":[2,6],"4":[2,4]},"_coverageSchema":"1a1c01bbd47fc00a2c39e90264f33305004495a9","hash":"0eca3585a97e38f4d9f58188c77da8c7de023d78"}
,"D:\\Projects\\my_restaurant\\menu\\getPrice.js": {"path":"D:\\Projects\\my_restaurant\\menu\\getPrice.js","statementMap":{"0":{"start":{"line":1,"column":24},"end":{"line":1,"column":52}},"1":{"start":{"line":4,"column":12},"end":{"line":4,"column":13}},"2":{"start":{"line":8,"column":4},"end":{"line":17,"column":5}},"3":{"start":{"line":8,"column":17},"end":{"line":8,"column":18}},"4":{"start":{"line":10,"column":8},"end":{"line":16,"column":9}},"5":{"start":{"line":12,"column":12},"end":{"line":12,"column":75}},"6":{"start":{"line":14,"column":12},"end":{"line":14,"column":47}},"7":{"start":{"line":15,"column":12},"end":{"line":15,"column":24}},"8":{"start":{"line":19,"column":4},"end":{"line":19,"column":16}},"9":{"start":{"line":23,"column":0},"end":{"line":32,"column":1}},"10":{"start":{"line":25,"column":17},"end":{"line":25,"column":41}},"11":{"start":{"line":29,"column":4},"end":{"line":29,"column":13}},"12":{"start":{"line":31,"column":4},"end":{"line":31,"column":17}}},"fnMap":{"0":{"name":"getAllPrice","decl":{"start":{"line":6,"column":9},"end":{"line":6,"column":20}},"loc":{"start":{"line":6,"column":34},"end":{"line":20,"column":1}},"line":6},"1":{"name":"price","decl":{"start":{"line":23,"column":32},"end":{"line":23,"column":37}},"loc":{"start":{"line":23,"column":51},"end":{"line":32,"column":1}},"line":23}},"branchMap":{"0":{"loc":{"start":{"line":10,"column":8},"end":{"line":16,"column":9}},"type":"if","locations":[{"start":{"line":10,"column":8},"end":{"line":16,"column":9}},{"start":{"line":13,"column":15},"end":{"line":16,"column":9}}],"line":10}},"s":{"0":5,"1":5,"2":21,"3":21,"4":58,"5":57,"6":1,"7":1,"8":20,"9":5,"10":21,"11":21,"12":21},"f":{"0":21,"1":21},"b":{"0":[57,1]},"_coverageSchema":"1a1c01bbd47fc00a2c39e90264f33305004495a9","hash":"4eaf1319ce20f1ccebfbc5afde719f3b211d6603"}
,"D:\\Projects\\my_restaurant\\menu\\notBaseIngradients.js": {"path":"D:\\Projects\\my_restaurant\\menu\\notBaseIngradients.js","statementMap":{"0":{"start":{"line":1,"column":11},"end":{"line":1,"column":24}},"1":{"start":{"line":6,"column":25},"end":{"line":6,"column":79}},"2":{"start":{"line":9,"column":0},"end":{"line":9,"column":88}}},"fnMap":{},"branchMap":{},"s":{"0":10,"1":10,"2":10},"f":{},"b":{},"_coverageSchema":"1a1c01bbd47fc00a2c39e90264f33305004495a9","hash":"492701d2caa68a2cf109a70c65c54ab9ff129a92"}
,"D:\\Projects\\my_restaurant\\output\\eating.js": {"path":"D:\\Projects\\my_restaurant\\output\\eating.js","statementMap":{"0":{"start":{"line":1,"column":13},"end":{"line":1,"column":36}},"1":{"start":{"line":4,"column":0},"end":{"line":19,"column":1}},"2":{"start":{"line":7,"column":15},"end":{"line":7,"column":29}},"3":{"start":{"line":10,"column":15},"end":{"line":10,"column":29}},"4":{"start":{"line":13,"column":4},"end":{"line":13,"column":39}},"5":{"start":{"line":15,"column":4},"end":{"line":15,"column":80}},"6":{"start":{"line":18,"column":4},"end":{"line":18,"column":43}}},"fnMap":{"0":{"name":"eating","decl":{"start":{"line":4,"column":33},"end":{"line":4,"column":39}},"loc":{"start":{"line":4,"column":42},"end":{"line":19,"column":1}},"line":4}},"branchMap":{},"s":{"0":1,"1":1,"2":1,"3":1,"4":1,"5":1,"6":1},"f":{"0":1},"b":{},"_coverageSchema":"1a1c01bbd47fc00a2c39e90264f33305004495a9","hash":"49c2330bf7c8be4f45c527e1d95c1bf92f0d7a47"}
,"D:\\Projects\\my_restaurant\\output\\userInfo.js": {"path":"D:\\Projects\\my_restaurant\\output\\userInfo.js","statementMap":{"0":{"start":{"line":1,"column":13},"end":{"line":1,"column":36}},"1":{"start":{"line":2,"column":14},"end":{"line":2,"column":30}},"2":{"start":{"line":3,"column":31},"end":{"line":3,"column":77}},"3":{"start":{"line":4,"column":16},"end":{"line":4,"column":43}},"4":{"start":{"line":5,"column":28},"end":{"line":5,"column":68}},"5":{"start":{"line":6,"column":14},"end":{"line":6,"column":60}},"6":{"start":{"line":7,"column":28},"end":{"line":7,"column":68}},"7":{"start":{"line":8,"column":23},"end":{"line":8,"column":66}},"8":{"start":{"line":9,"column":25},"end":{"line":9,"column":62}},"9":{"start":{"line":10,"column":51},"end":{"line":10,"column":117}},"10":{"start":{"line":11,"column":38},"end":{"line":11,"column":91}},"11":{"start":{"line":12,"column":39},"end":{"line":12,"column":93}},"12":{"start":{"line":13,"column":22},"end":{"line":13,"column":55}},"13":{"start":{"line":14,"column":19},"end":{"line":14,"column":53}},"14":{"start":{"line":15,"column":26},"end":{"line":15,"column":72}},"15":{"start":{"line":18,"column":0},"end":{"line":60,"column":1}},"16":{"start":{"line":21,"column":4},"end":{"line":21,"column":80}},"17":{"start":{"line":24,"column":4},"end":{"line":24,"column":46}},"18":{"start":{"line":27,"column":4},"end":{"line":27,"column":47}},"19":{"start":{"line":30,"column":4},"end":{"line":30,"column":51}},"20":{"start":{"line":33,"column":4},"end":{"line":33,"column":47}},"21":{"start":{"line":36,"column":4},"end":{"line":36,"column":54}},"22":{"start":{"line":39,"column":4},"end":{"line":39,"column":60}},"23":{"start":{"line":41,"column":4},"end":{"line":41,"column":80}},"24":{"start":{"line":44,"column":4},"end":{"line":44,"column":61}},"25":{"start":{"line":47,"column":4},"end":{"line":51,"column":5}},"26":{"start":{"line":48,"column":8},"end":{"line":48,"column":65}},"27":{"start":{"line":50,"column":8},"end":{"line":50,"column":73}},"28":{"start":{"line":54,"column":4},"end":{"line":54,"column":19}},"29":{"start":{"line":56,"column":4},"end":{"line":56,"column":80}},"30":{"start":{"line":59,"column":4},"end":{"line":59,"column":152}},"31":{"start":{"line":63,"column":0},"end":{"line":108,"column":1}},"32":{"start":{"line":66,"column":19},"end":{"line":66,"column":34}},"33":{"start":{"line":69,"column":17},"end":{"line":69,"column":50}},"34":{"start":{"line":72,"column":4},"end":{"line":107,"column":5}},"35":{"start":{"line":75,"column":8},"end":{"line":75,"column":64}},"36":{"start":{"line":76,"column":8},"end":{"line":76,"column":25}},"37":{"start":{"line":79,"column":8},"end":{"line":79,"column":41}},"38":{"start":{"line":86,"column":8},"end":{"line":100,"column":9}},"39":{"start":{"line":88,"column":12},"end":{"line":88,"column":46}},"40":{"start":{"line":90,"column":12},"end":{"line":90,"column":32}},"41":{"start":{"line":93,"column":24},"end":{"line":93,"column":59}},"42":{"start":{"line":94,"column":12},"end":{"line":94,"column":54}},"43":{"start":{"line":97,"column":12},"end":{"line":97,"column":63}},"44":{"start":{"line":99,"column":12},"end":{"line":99,"column":49}},"45":{"start":{"line":104,"column":8},"end":{"line":104,"column":80}},"46":{"start":{"line":106,"column":8},"end":{"line":106,"column":66}},"47":{"start":{"line":111,"column":0},"end":{"line":122,"column":1}},"48":{"start":{"line":113,"column":4},"end":{"line":121,"column":5}},"49":{"start":{"line":116,"column":8},"end":{"line":116,"column":36}},"50":{"start":{"line":120,"column":8},"end":{"line":120,"column":24}},"51":{"start":{"line":125,"column":0},"end":{"line":132,"column":1}},"52":{"start":{"line":128,"column":4},"end":{"line":128,"column":68}},"53":{"start":{"line":131,"column":4},"end":{"line":131,"column":35}},"54":{"start":{"line":135,"column":0},"end":{"line":147,"column":1}},"55":{"start":{"line":138,"column":4},"end":{"line":146,"column":5}},"56":{"start":{"line":141,"column":8},"end":{"line":141,"column":19}},"57":{"start":{"line":145,"column":8},"end":{"line":145,"column":20}},"58":{"start":{"line":150,"column":0},"end":{"line":183,"column":1}},"59":{"start":{"line":153,"column":4},"end":{"line":182,"column":5}},"60":{"start":{"line":156,"column":8},"end":{"line":156,"column":59}},"61":{"start":{"line":164,"column":8},"end":{"line":168,"column":9}},"62":{"start":{"line":166,"column":12},"end":{"line":166,"column":46}},"63":{"start":{"line":175,"column":8},"end":{"line":175,"column":59}},"64":{"start":{"line":176,"column":8},"end":{"line":176,"column":37}},"65":{"start":{"line":179,"column":8},"end":{"line":179,"column":87}},"66":{"start":{"line":181,"column":8},"end":{"line":181,"column":20}}},"fnMap":{"0":{"name":"StartInfoForUser","decl":{"start":{"line":18,"column":43},"end":{"line":18,"column":59}},"loc":{"start":{"line":18,"column":62},"end":{"line":60,"column":1}},"line":18},"1":{"name":"fullPayment","decl":{"start":{"line":63,"column":38},"end":{"line":63,"column":49}},"loc":{"start":{"line":63,"column":52},"end":{"line":108,"column":1}},"line":63},"2":{"name":"haveAllergy","decl":{"start":{"line":111,"column":38},"end":{"line":111,"column":49}},"loc":{"start":{"line":111,"column":52},"end":{"line":122,"column":1}},"line":111},"3":{"name":"budgetAfterPay","decl":{"start":{"line":125,"column":41},"end":{"line":125,"column":55}},"loc":{"start":{"line":125,"column":58},"end":{"line":132,"column":1}},"line":125},"4":{"name":"canBuy","decl":{"start":{"line":135,"column":33},"end":{"line":135,"column":39}},"loc":{"start":{"line":135,"column":42},"end":{"line":147,"column":1}},"line":135},"5":{"name":"start","decl":{"start":{"line":150,"column":32},"end":{"line":150,"column":37}},"loc":{"start":{"line":150,"column":40},"end":{"line":183,"column":1}},"line":150}},"branchMap":{"0":{"loc":{"start":{"line":47,"column":4},"end":{"line":51,"column":5}},"type":"if","locations":[{"start":{"line":47,"column":4},"end":{"line":51,"column":5}},{"start":{"line":49,"column":11},"end":{"line":51,"column":5}}],"line":47},"1":{"loc":{"start":{"line":72,"column":4},"end":{"line":107,"column":5}},"type":"if","locations":[{"start":{"line":72,"column":4},"end":{"line":107,"column":5}},{"start":{"line":102,"column":11},"end":{"line":107,"column":5}}],"line":72},"2":{"loc":{"start":{"line":86,"column":8},"end":{"line":100,"column":9}},"type":"if","locations":[{"start":{"line":86,"column":8},"end":{"line":100,"column":9}},{"start":{"line":91,"column":15},"end":{"line":100,"column":9}}],"line":86},"3":{"loc":{"start":{"line":113,"column":4},"end":{"line":121,"column":5}},"type":"if","locations":[{"start":{"line":113,"column":4},"end":{"line":121,"column":5}},{"start":{"line":117,"column":11},"end":{"line":121,"column":5}}],"line":113},"4":{"loc":{"start":{"line":138,"column":4},"end":{"line":146,"column":5}},"type":"if","locations":[{"start":{"line":138,"column":4},"end":{"line":146,"column":5}},{"start":{"line":142,"column":11},"end":{"line":146,"column":5}}],"line":138},"5":{"loc":{"start":{"line":153,"column":4},"end":{"line":182,"column":5}},"type":"if","locations":[{"start":{"line":153,"column":4},"end":{"line":182,"column":5}},{"start":{"line":158,"column":11},"end":{"line":182,"column":5}}],"line":153},"6":{"loc":{"start":{"line":153,"column":8},"end":{"line":153,"column":70}},"type":"binary-expr","locations":[{"start":{"line":153,"column":8},"end":{"line":153,"column":42}},{"start":{"line":153,"column":46},"end":{"line":153,"column":70}}],"line":153},"7":{"loc":{"start":{"line":164,"column":8},"end":{"line":168,"column":9}},"type":"if","locations":[{"start":{"line":164,"column":8},"end":{"line":168,"column":9}},{"start":{},"end":{}}],"line":164},"8":{"loc":{"start":{"line":164,"column":12},"end":{"line":164,"column":75}},"type":"binary-expr","locations":[{"start":{"line":164,"column":12},"end":{"line":164,"column":47}},{"start":{"line":164,"column":51},"end":{"line":164,"column":75}}],"line":164}},"s":{"0":1,"1":1,"2":1,"3":1,"4":1,"5":1,"6":1,"7":1,"8":1,"9":1,"10":1,"11":1,"12":1,"13":1,"14":1,"15":1,"16":1,"17":1,"18":1,"19":1,"20":1,"21":1,"22":1,"23":1,"24":1,"25":1,"26":0,"27":1,"28":1,"29":1,"30":1,"31":1,"32":4,"33":4,"34":4,"35":1,"36":1,"37":1,"38":1,"39":0,"40":0,"41":1,"42":1,"43":1,"44":1,"45":3,"46":3,"47":1,"48":6,"49":3,"50":3,"51":1,"52":6,"53":6,"54":1,"55":4,"56":2,"57":2,"58":1,"59":2,"60":1,"61":1,"62":0,"63":1,"64":1,"65":1,"66":1},"f":{"0":1,"1":4,"2":6,"3":6,"4":4,"5":2},"b":{"0":[0,1],"1":[1,3],"2":[0,1],"3":[3,3],"4":[2,2],"5":[1,1],"6":[2,1],"7":[0,1],"8":[1,1]},"_coverageSchema":"1a1c01bbd47fc00a2c39e90264f33305004495a9","hash":"3a2efc7b8edfa14ba692a388f2541a28e2849332"}
,"D:\\Projects\\my_restaurant\\restaurantLogs\\logs.js": {"path":"D:\\Projects\\my_restaurant\\restaurantLogs\\logs.js","statementMap":{"0":{"start":{"line":1,"column":11},"end":{"line":1,"column":24}},"1":{"start":{"line":6,"column":15},"end":{"line":6,"column":55}},"2":{"start":{"line":9,"column":0},"end":{"line":9,"column":59}}},"fnMap":{},"branchMap":{},"s":{"0":10,"1":10,"2":10},"f":{},"b":{},"_coverageSchema":"1a1c01bbd47fc00a2c39e90264f33305004495a9","hash":"4442483e258e60b8055cc230275fd2c116190580"}
,"D:\\Projects\\my_restaurant\\restaurantLogs\\operationWithLogs.js": {"path":"D:\\Projects\\my_restaurant\\restaurantLogs\\operationWithLogs.js","statementMap":{"0":{"start":{"line":1,"column":11},"end":{"line":1,"column":24}},"1":{"start":{"line":2,"column":17},"end":{"line":2,"column":34}},"2":{"start":{"line":5,"column":0},"end":{"line":5,"column":31}},"3":{"start":{"line":8,"column":0},"end":{"line":15,"column":1}},"4":{"start":{"line":11,"column":4},"end":{"line":11,"column":28}},"5":{"start":{"line":14,"column":4},"end":{"line":14,"column":23}},"6":{"start":{"line":18,"column":0},"end":{"line":29,"column":1}},"7":{"start":{"line":21,"column":4},"end":{"line":21,"column":33}},"8":{"start":{"line":24,"column":4},"end":{"line":24,"column":27}},"9":{"start":{"line":28,"column":4},"end":{"line":28,"column":30}},"10":{"start":{"line":32,"column":0},"end":{"line":36,"column":1}},"11":{"start":{"line":35,"column":4},"end":{"line":35,"column":76}},"12":{"start":{"line":39,"column":0},"end":{"line":49,"column":1}},"13":{"start":{"line":42,"column":17},"end":{"line":42,"column":44}},"14":{"start":{"line":43,"column":4},"end":{"line":43,"column":32}},"15":{"start":{"line":45,"column":4},"end":{"line":45,"column":23}},"16":{"start":{"line":48,"column":4},"end":{"line":48,"column":17}},"17":{"start":{"line":52,"column":0},"end":{"line":56,"column":1}},"18":{"start":{"line":55,"column":4},"end":{"line":55,"column":51}}},"fnMap":{"0":{"name":"addLogs","decl":{"start":{"line":8,"column":34},"end":{"line":8,"column":41}},"loc":{"start":{"line":8,"column":49},"end":{"line":15,"column":1}},"line":8},"1":{"name":"writeLogs","decl":{"start":{"line":18,"column":36},"end":{"line":18,"column":45}},"loc":{"start":{"line":18,"column":48},"end":{"line":29,"column":1}},"line":18},"2":{"name":"writeFile_writeLogs","decl":{"start":{"line":32,"column":46},"end":{"line":32,"column":65}},"loc":{"start":{"line":32,"column":67},"end":{"line":36,"column":1}},"line":32},"3":{"name":"showLogs","decl":{"start":{"line":39,"column":35},"end":{"line":39,"column":43}},"loc":{"start":{"line":39,"column":46},"end":{"line":49,"column":1}},"line":39},"4":{"name":"readFile_showLogs","decl":{"start":{"line":52,"column":44},"end":{"line":52,"column":61}},"loc":{"start":{"line":52,"column":63},"end":{"line":56,"column":1}},"line":52}},"branchMap":{},"s":{"0":9,"1":9,"2":9,"3":9,"4":9,"5":9,"6":9,"7":12,"8":12,"9":12,"10":9,"11":11,"12":9,"13":1,"14":1,"15":1,"16":1,"17":9,"18":0},"f":{"0":9,"1":12,"2":11,"3":1,"4":0},"b":{},"_coverageSchema":"1a1c01bbd47fc00a2c39e90264f33305004495a9","hash":"334cadcfe5cf51015703a03696f48fe0a9e82c23"}
,"D:\\Projects\\my_restaurant\\systemCommands\\systemCommands.js": {"path":"D:\\Projects\\my_restaurant\\systemCommands\\systemCommands.js","statementMap":{"0":{"start":{"line":1,"column":0},"end":{"line":8,"column":1}},"1":{"start":{"line":3,"column":4},"end":{"line":3,"column":53}},"2":{"start":{"line":4,"column":4},"end":{"line":4,"column":21}},"3":{"start":{"line":5,"column":4},"end":{"line":5,"column":53}},"4":{"start":{"line":6,"column":4},"end":{"line":6,"column":18}},"5":{"start":{"line":7,"column":4},"end":{"line":7,"column":15}}},"fnMap":{"0":{"name":"EXIT","decl":{"start":{"line":1,"column":31},"end":{"line":1,"column":35}},"loc":{"start":{"line":1,"column":42},"end":{"line":8,"column":1}},"line":1}},"branchMap":{},"s":{"0":13,"1":1,"2":1,"3":1,"4":1,"5":1},"f":{"0":1},"b":{},"_coverageSchema":"1a1c01bbd47fc00a2c39e90264f33305004495a9","hash":"a1b71b5fede27934bc6c5402326afbe32dc9e51d"}
,"D:\\Projects\\my_restaurant\\taxes\\operationWithDailyTax.js": {"path":"D:\\Projects\\my_restaurant\\taxes\\operationWithDailyTax.js","statementMap":{"0":{"start":{"line":1,"column":11},"end":{"line":1,"column":24}},"1":{"start":{"line":2,"column":15},"end":{"line":2,"column":52}},"2":{"start":{"line":3,"column":20},"end":{"line":3,"column":44}},"3":{"start":{"line":4,"column":33},"end":{"line":4,"column":70}},"4":{"start":{"line":5,"column":28},"end":{"line":5,"column":68}},"5":{"start":{"line":6,"column":25},"end":{"line":6,"column":62}},"6":{"start":{"line":8,"column":0},"end":{"line":8,"column":44}},"7":{"start":{"line":9,"column":0},"end":{"line":9,"column":40}},"8":{"start":{"line":10,"column":0},"end":{"line":10,"column":46}},"9":{"start":{"line":13,"column":0},"end":{"line":23,"column":1}},"10":{"start":{"line":16,"column":4},"end":{"line":16,"column":39}},"11":{"start":{"line":19,"column":4},"end":{"line":19,"column":47}},"12":{"start":{"line":22,"column":4},"end":{"line":22,"column":30}},"13":{"start":{"line":26,"column":0},"end":{"line":37,"column":1}},"14":{"start":{"line":29,"column":4},"end":{"line":29,"column":37}},"15":{"start":{"line":31,"column":4},"end":{"line":31,"column":62}},"16":{"start":{"line":34,"column":4},"end":{"line":34,"column":23}},"17":{"start":{"line":36,"column":4},"end":{"line":36,"column":52}},"18":{"start":{"line":40,"column":0},"end":{"line":70,"column":1}},"19":{"start":{"line":43,"column":17},"end":{"line":43,"column":79}},"20":{"start":{"line":46,"column":16},"end":{"line":46,"column":39}},"21":{"start":{"line":49,"column":4},"end":{"line":69,"column":5}},"22":{"start":{"line":52,"column":8},"end":{"line":52,"column":62}},"23":{"start":{"line":54,"column":8},"end":{"line":54,"column":60}},"24":{"start":{"line":55,"column":8},"end":{"line":55,"column":84}},"25":{"start":{"line":58,"column":8},"end":{"line":58,"column":63}},"26":{"start":{"line":61,"column":8},"end":{"line":61,"column":30}},"27":{"start":{"line":65,"column":8},"end":{"line":65,"column":79}},"28":{"start":{"line":66,"column":8},"end":{"line":66,"column":84}},"29":{"start":{"line":68,"column":8},"end":{"line":68,"column":30}}},"fnMap":{"0":{"name":"openRestaurant","decl":{"start":{"line":13,"column":41},"end":{"line":13,"column":55}},"loc":{"start":{"line":13,"column":58},"end":{"line":23,"column":1}},"line":13},"1":{"name":"closeRestaurant","decl":{"start":{"line":26,"column":42},"end":{"line":26,"column":57}},"loc":{"start":{"line":26,"column":60},"end":{"line":37,"column":1}},"line":26},"2":{"name":"Calculate","decl":{"start":{"line":40,"column":36},"end":{"line":40,"column":45}},"loc":{"start":{"line":40,"column":48},"end":{"line":70,"column":1}},"line":40}},"branchMap":{"0":{"loc":{"start":{"line":49,"column":4},"end":{"line":69,"column":5}},"type":"if","locations":[{"start":{"line":49,"column":4},"end":{"line":69,"column":5}},{"start":{"line":62,"column":11},"end":{"line":69,"column":5}}],"line":49}},"s":{"0":8,"1":8,"2":8,"3":8,"4":8,"5":8,"6":8,"7":8,"8":8,"9":8,"10":1,"11":1,"12":1,"13":8,"14":1,"15":1,"16":1,"17":1,"18":8,"19":2,"20":2,"21":2,"22":1,"23":1,"24":1,"25":1,"26":1,"27":1,"28":1,"29":1},"f":{"0":1,"1":1,"2":2},"b":{"0":[1,1]},"_coverageSchema":"1a1c01bbd47fc00a2c39e90264f33305004495a9","hash":"6c8baa3cdb1635b983b76420d6f35ce1785ef853"}
,"D:\\Projects\\my_restaurant\\taxes\\operationWithPurchaseTax.js": {"path":"D:\\Projects\\my_restaurant\\taxes\\operationWithPurchaseTax.js","statementMap":{"0":{"start":{"line":1,"column":11},"end":{"line":1,"column":24}},"1":{"start":{"line":3,"column":30},"end":{"line":3,"column":64}},"2":{"start":{"line":4,"column":23},"end":{"line":4,"column":47}},"3":{"start":{"line":7,"column":0},"end":{"line":21,"column":1}},"4":{"start":{"line":10,"column":17},"end":{"line":10,"column":43}},"5":{"start":{"line":12,"column":4},"end":{"line":12,"column":27}},"6":{"start":{"line":14,"column":4},"end":{"line":14,"column":39}},"7":{"start":{"line":17,"column":4},"end":{"line":17,"column":35}},"8":{"start":{"line":20,"column":4},"end":{"line":20,"column":37}},"9":{"start":{"line":24,"column":0},"end":{"line":28,"column":1}},"10":{"start":{"line":27,"column":4},"end":{"line":27,"column":95}},"11":{"start":{"line":31,"column":0},"end":{"line":41,"column":1}},"12":{"start":{"line":34,"column":4},"end":{"line":34,"column":34}},"13":{"start":{"line":37,"column":4},"end":{"line":37,"column":40}},"14":{"start":{"line":40,"column":4},"end":{"line":40,"column":37}},"15":{"start":{"line":44,"column":0},"end":{"line":48,"column":1}},"16":{"start":{"line":47,"column":4},"end":{"line":47,"column":95}},"17":{"start":{"line":51,"column":0},"end":{"line":58,"column":1}},"18":{"start":{"line":54,"column":17},"end":{"line":54,"column":44}},"19":{"start":{"line":57,"column":4},"end":{"line":57,"column":40}},"20":{"start":{"line":61,"column":0},"end":{"line":65,"column":1}},"21":{"start":{"line":64,"column":4},"end":{"line":64,"column":58}}},"fnMap":{"0":{"name":"purchaseTax","decl":{"start":{"line":7,"column":38},"end":{"line":7,"column":49}},"loc":{"start":{"line":7,"column":56},"end":{"line":21,"column":1}},"line":7},"1":{"name":"purchaseTax","decl":{"start":{"line":24,"column":48},"end":{"line":24,"column":59}},"loc":{"start":{"line":24,"column":61},"end":{"line":28,"column":1}},"line":24},"2":{"name":"resetPurchaseTax","decl":{"start":{"line":31,"column":43},"end":{"line":31,"column":59}},"loc":{"start":{"line":31,"column":61},"end":{"line":41,"column":1}},"line":31},"3":{"name":"resetPurchaseTax","decl":{"start":{"line":44,"column":53},"end":{"line":44,"column":69}},"loc":{"start":{"line":44,"column":71},"end":{"line":48,"column":1}},"line":44},"4":{"name":"getTaxes","decl":{"start":{"line":51,"column":35},"end":{"line":51,"column":43}},"loc":{"start":{"line":51,"column":46},"end":{"line":58,"column":1}},"line":51},"5":{"name":"readFile_getTaxes","decl":{"start":{"line":61,"column":44},"end":{"line":61,"column":61}},"loc":{"start":{"line":61,"column":63},"end":{"line":65,"column":1}},"line":61}},"branchMap":{},"s":{"0":8,"1":8,"2":8,"3":8,"4":1,"5":1,"6":1,"7":1,"8":1,"9":8,"10":0,"11":8,"12":1,"13":1,"14":1,"15":8,"16":0,"17":8,"18":1,"19":1,"20":8,"21":0},"f":{"0":1,"1":0,"2":1,"3":0,"4":1,"5":0},"b":{},"_coverageSchema":"1a1c01bbd47fc00a2c39e90264f33305004495a9","hash":"07dd0123ddf76247ecc492503c70152449e17a86"}
,"D:\\Projects\\my_restaurant\\taxes\\operationWithTax.js": {"path":"D:\\Projects\\my_restaurant\\taxes\\operationWithTax.js","statementMap":{"0":{"start":{"line":1,"column":33},"end":{"line":1,"column":70}},"1":{"start":{"line":2,"column":11},"end":{"line":2,"column":24}},"2":{"start":{"line":3,"column":12},"end":{"line":3,"column":28}},"3":{"start":{"line":4,"column":26},"end":{"line":4,"column":72}},"4":{"start":{"line":7,"column":0},"end":{"line":25,"column":1}},"5":{"start":{"line":10,"column":17},"end":{"line":10,"column":32}},"6":{"start":{"line":13,"column":4},"end":{"line":13,"column":73}},"7":{"start":{"line":16,"column":4},"end":{"line":16,"column":26}},"8":{"start":{"line":19,"column":4},"end":{"line":19,"column":55}},"9":{"start":{"line":20,"column":4},"end":{"line":20,"column":62}},"10":{"start":{"line":21,"column":4},"end":{"line":21,"column":80}},"11":{"start":{"line":24,"column":4},"end":{"line":24,"column":39}},"12":{"start":{"line":28,"column":0},"end":{"line":41,"column":1}},"13":{"start":{"line":31,"column":17},"end":{"line":31,"column":32}},"14":{"start":{"line":33,"column":4},"end":{"line":33,"column":61}},"15":{"start":{"line":36,"column":4},"end":{"line":36,"column":65}},"16":{"start":{"line":37,"column":4},"end":{"line":37,"column":33}},"17":{"start":{"line":40,"column":4},"end":{"line":40,"column":28}}},"fnMap":{"0":{"name":"withdrawTaxes","decl":{"start":{"line":7,"column":40},"end":{"line":7,"column":53}},"loc":{"start":{"line":7,"column":61},"end":{"line":25,"column":1}},"line":7},"1":{"name":"addTaxes","decl":{"start":{"line":28,"column":35},"end":{"line":28,"column":43}},"loc":{"start":{"line":28,"column":51},"end":{"line":41,"column":1}},"line":28}},"branchMap":{},"s":{"0":8,"1":8,"2":8,"3":8,"4":8,"5":1,"6":1,"7":1,"8":1,"9":1,"10":1,"11":1,"12":8,"13":5,"14":5,"15":5,"16":5,"17":5},"f":{"0":1,"1":5},"b":{},"_coverageSchema":"1a1c01bbd47fc00a2c39e90264f33305004495a9","hash":"891e1848d87f27c706ac57665742e0f131b77b9c"}
,"D:\\Projects\\my_restaurant\\taxes\\percent.js": {"path":"D:\\Projects\\my_restaurant\\taxes\\percent.js","statementMap":{"0":{"start":{"line":1,"column":11},"end":{"line":1,"column":24}},"1":{"start":{"line":4,"column":0},"end":{"line":8,"column":1}},"2":{"start":{"line":5,"column":18},"end":{"line":5,"column":61}},"3":{"start":{"line":7,"column":18},"end":{"line":7,"column":21}},"4":{"start":{"line":11,"column":0},"end":{"line":11,"column":54}}},"fnMap":{},"branchMap":{"0":{"loc":{"start":{"line":4,"column":0},"end":{"line":8,"column":1}},"type":"if","locations":[{"start":{"line":4,"column":0},"end":{"line":8,"column":1}},{"start":{"line":6,"column":5},"end":{"line":8,"column":1}}],"line":4}},"s":{"0":2,"1":2,"2":2,"3":0,"4":2},"f":{},"b":{"0":[2,0]},"_coverageSchema":"1a1c01bbd47fc00a2c39e90264f33305004495a9","hash":"c8540a10cc6454035579e34ae4affd11d0c2e02d"}
,"D:\\Projects\\my_restaurant\\taxes\\purchaseTax.js": {"path":"D:\\Projects\\my_restaurant\\taxes\\purchaseTax.js","statementMap":{"0":{"start":{"line":1,"column":11},"end":{"line":1,"column":24}},"1":{"start":{"line":3,"column":18},"end":{"line":3,"column":65}},"2":{"start":{"line":5,"column":0},"end":{"line":5,"column":66}}},"fnMap":{},"branchMap":{},"s":{"0":9,"1":9,"2":9},"f":{},"b":{},"_coverageSchema":"1a1c01bbd47fc00a2c39e90264f33305004495a9","hash":"5416ba030fb7a51500ed37c9c42adfffa64852ea"}
,"D:\\Projects\\my_restaurant\\taxes\\tax.js": {"path":"D:\\Projects\\my_restaurant\\taxes\\tax.js","statementMap":{"0":{"start":{"line":1,"column":11},"end":{"line":1,"column":24}},"1":{"start":{"line":3,"column":0},"end":{"line":7,"column":1}},"2":{"start":{"line":4,"column":14},"end":{"line":4,"column":52}},"3":{"start":{"line":6,"column":14},"end":{"line":6,"column":17}},"4":{"start":{"line":9,"column":0},"end":{"line":9,"column":42}}},"fnMap":{},"branchMap":{"0":{"loc":{"start":{"line":3,"column":0},"end":{"line":7,"column":1}},"type":"if","locations":[{"start":{"line":3,"column":0},"end":{"line":7,"column":1}},{"start":{"line":5,"column":5},"end":{"line":7,"column":1}}],"line":3}},"s":{"0":9,"1":9,"2":9,"3":0,"4":9},"f":{},"b":{"0":[9,0]},"_coverageSchema":"1a1c01bbd47fc00a2c39e90264f33305004495a9","hash":"b0a1a87ce960eafaf2a942ee2c1557e6f853d82a"}
,"D:\\Projects\\my_restaurant\\user\\checkUserData.js": {"path":"D:\\Projects\\my_restaurant\\user\\checkUserData.js","statementMap":{"0":{"start":{"line":1,"column":27},"end":{"line":1,"column":64}},"1":{"start":{"line":2,"column":23},"end":{"line":2,"column":66}},"2":{"start":{"line":5,"column":0},"end":{"line":27,"column":1}},"3":{"start":{"line":8,"column":23},"end":{"line":8,"column":25}},"4":{"start":{"line":11,"column":4},"end":{"line":23,"column":5}},"5":{"start":{"line":11,"column":17},"end":{"line":11,"column":18}},"6":{"start":{"line":14,"column":8},"end":{"line":22,"column":9}},"7":{"start":{"line":14,"column":21},"end":{"line":14,"column":22}},"8":{"start":{"line":17,"column":12},"end":{"line":21,"column":13}},"9":{"start":{"line":20,"column":16},"end":{"line":20,"column":45}},"10":{"start":{"line":26,"column":4},"end":{"line":26,"column":23}},"11":{"start":{"line":30,"column":0},"end":{"line":62,"column":1}},"12":{"start":{"line":33,"column":4},"end":{"line":37,"column":5}},"13":{"start":{"line":34,"column":8},"end":{"line":34,"column":45}},"14":{"start":{"line":35,"column":8},"end":{"line":35,"column":94}},"15":{"start":{"line":36,"column":8},"end":{"line":36,"column":20}},"16":{"start":{"line":40,"column":4},"end":{"line":44,"column":5}},"17":{"start":{"line":41,"column":8},"end":{"line":41,"column":45}},"18":{"start":{"line":42,"column":8},"end":{"line":42,"column":113}},"19":{"start":{"line":43,"column":8},"end":{"line":43,"column":20}},"20":{"start":{"line":47,"column":4},"end":{"line":51,"column":5}},"21":{"start":{"line":48,"column":8},"end":{"line":48,"column":45}},"22":{"start":{"line":49,"column":8},"end":{"line":49,"column":81}},"23":{"start":{"line":50,"column":8},"end":{"line":50,"column":20}},"24":{"start":{"line":54,"column":4},"end":{"line":58,"column":5}},"25":{"start":{"line":55,"column":8},"end":{"line":55,"column":45}},"26":{"start":{"line":56,"column":8},"end":{"line":56,"column":70}},"27":{"start":{"line":57,"column":8},"end":{"line":57,"column":20}},"28":{"start":{"line":61,"column":4},"end":{"line":61,"column":15}}},"fnMap":{"0":{"name":"allergyCheck","decl":{"start":{"line":5,"column":39},"end":{"line":5,"column":51}},"loc":{"start":{"line":5,"column":74},"end":{"line":27,"column":1}},"line":5},"1":{"name":"checkUser","decl":{"start":{"line":30,"column":36},"end":{"line":30,"column":45}},"loc":{"start":{"line":30,"column":75},"end":{"line":62,"column":1}},"line":30}},"branchMap":{"0":{"loc":{"start":{"line":17,"column":12},"end":{"line":21,"column":13}},"type":"if","locations":[{"start":{"line":17,"column":12},"end":{"line":21,"column":13}},{"start":{},"end":{}}],"line":17},"1":{"loc":{"start":{"line":33,"column":4},"end":{"line":37,"column":5}},"type":"if","locations":[{"start":{"line":33,"column":4},"end":{"line":37,"column":5}},{"start":{},"end":{}}],"line":33},"2":{"loc":{"start":{"line":33,"column":8},"end":{"line":33,"column":38}},"type":"binary-expr","locations":[{"start":{"line":33,"column":8},"end":{"line":33,"column":18}},{"start":{"line":33,"column":22},"end":{"line":33,"column":38}}],"line":33},"3":{"loc":{"start":{"line":40,"column":4},"end":{"line":44,"column":5}},"type":"if","locations":[{"start":{"line":40,"column":4},"end":{"line":44,"column":5}},{"start":{},"end":{}}],"line":40},"4":{"loc":{"start":{"line":40,"column":8},"end":{"line":40,"column":68}},"type":"binary-expr","locations":[{"start":{"line":40,"column":8},"end":{"line":40,"column":33}},{"start":{"line":40,"column":37},"end":{"line":40,"column":48}},{"start":{"line":40,"column":52},"end":{"line":40,"column":68}}],"line":40},"5":{"loc":{"start":{"line":47,"column":4},"end":{"line":51,"column":5}},"type":"if","locations":[{"start":{"line":47,"column":4},"end":{"line":51,"column":5}},{"start":{},"end":{}}],"line":47},"6":{"loc":{"start":{"line":54,"column":4},"end":{"line":58,"column":5}},"type":"if","locations":[{"start":{"line":54,"column":4},"end":{"line":58,"column":5}},{"start":{},"end":{}}],"line":54}},"s":{"0":1,"1":1,"2":1,"3":4,"4":4,"5":4,"6":12,"7":12,"8":21,"9":6,"10":4,"11":1,"12":5,"13":1,"14":1,"15":1,"16":4,"17":1,"18":1,"19":1,"20":3,"21":1,"22":1,"23":1,"24":2,"25":1,"26":1,"27":1,"28":1},"f":{"0":4,"1":5},"b":{"0":[6,15],"1":[1,4],"2":[5,4],"3":[1,3],"4":[4,4,3],"5":[1,2],"6":[1,1]},"_coverageSchema":"1a1c01bbd47fc00a2c39e90264f33305004495a9","hash":"348d8ccfd7b0393c6d7abc442f528207106bfe5d"}
,"D:\\Projects\\my_restaurant\\user\\user.js": {"path":"D:\\Projects\\my_restaurant\\user\\user.js","statementMap":{"0":{"start":{"line":2,"column":0},"end":{"line":39,"column":1}},"1":{"start":{"line":5,"column":4},"end":{"line":5,"column":20}},"2":{"start":{"line":8,"column":4},"end":{"line":8,"column":24}},"3":{"start":{"line":11,"column":4},"end":{"line":11,"column":20}},"4":{"start":{"line":14,"column":4},"end":{"line":14,"column":26}},"5":{"start":{"line":17,"column":4},"end":{"line":17,"column":18}},"6":{"start":{"line":20,"column":4},"end":{"line":20,"column":25}},"7":{"start":{"line":23,"column":4},"end":{"line":23,"column":25}},"8":{"start":{"line":26,"column":4},"end":{"line":26,"column":27}},"9":{"start":{"line":29,"column":4},"end":{"line":29,"column":24}},"10":{"start":{"line":32,"column":4},"end":{"line":32,"column":24}},"11":{"start":{"line":35,"column":4},"end":{"line":35,"column":37}},"12":{"start":{"line":38,"column":4},"end":{"line":38,"column":40}},"13":{"start":{"line":45,"column":0},"end":{"line":47,"column":1}},"14":{"start":{"line":46,"column":4},"end":{"line":46,"column":20}},"15":{"start":{"line":49,"column":0},"end":{"line":51,"column":1}},"16":{"start":{"line":50,"column":4},"end":{"line":50,"column":20}},"17":{"start":{"line":53,"column":0},"end":{"line":55,"column":1}},"18":{"start":{"line":54,"column":4},"end":{"line":54,"column":22}},"19":{"start":{"line":57,"column":0},"end":{"line":59,"column":1}},"20":{"start":{"line":58,"column":4},"end":{"line":58,"column":24}},"21":{"start":{"line":61,"column":0},"end":{"line":63,"column":1}},"22":{"start":{"line":62,"column":4},"end":{"line":62,"column":20}},"23":{"start":{"line":65,"column":0},"end":{"line":67,"column":1}},"24":{"start":{"line":66,"column":4},"end":{"line":66,"column":20}},"25":{"start":{"line":69,"column":0},"end":{"line":71,"column":1}},"26":{"start":{"line":70,"column":4},"end":{"line":70,"column":23}},"27":{"start":{"line":73,"column":0},"end":{"line":75,"column":1}},"28":{"start":{"line":74,"column":4},"end":{"line":74,"column":26}},"29":{"start":{"line":77,"column":0},"end":{"line":79,"column":1}},"30":{"start":{"line":78,"column":4},"end":{"line":78,"column":22}},"31":{"start":{"line":81,"column":0},"end":{"line":83,"column":1}},"32":{"start":{"line":82,"column":4},"end":{"line":82,"column":21}},"33":{"start":{"line":85,"column":0},"end":{"line":87,"column":1}},"34":{"start":{"line":86,"column":4},"end":{"line":86,"column":34}},"35":{"start":{"line":89,"column":0},"end":{"line":91,"column":1}},"36":{"start":{"line":90,"column":4},"end":{"line":90,"column":27}},"37":{"start":{"line":93,"column":0},"end":{"line":95,"column":1}},"38":{"start":{"line":94,"column":4},"end":{"line":94,"column":34}},"39":{"start":{"line":97,"column":0},"end":{"line":99,"column":1}},"40":{"start":{"line":98,"column":4},"end":{"line":98,"column":27}},"41":{"start":{"line":101,"column":0},"end":{"line":103,"column":1}},"42":{"start":{"line":102,"column":4},"end":{"line":102,"column":40}},"43":{"start":{"line":105,"column":0},"end":{"line":107,"column":1}},"44":{"start":{"line":106,"column":4},"end":{"line":106,"column":30}},"45":{"start":{"line":109,"column":0},"end":{"line":111,"column":1}},"46":{"start":{"line":110,"column":4},"end":{"line":110,"column":34}},"47":{"start":{"line":113,"column":0},"end":{"line":115,"column":1}},"48":{"start":{"line":114,"column":4},"end":{"line":114,"column":27}},"49":{"start":{"line":117,"column":0},"end":{"line":119,"column":1}},"50":{"start":{"line":118,"column":4},"end":{"line":118,"column":32}},"51":{"start":{"line":121,"column":0},"end":{"line":123,"column":1}},"52":{"start":{"line":122,"column":4},"end":{"line":122,"column":26}},"53":{"start":{"line":125,"column":0},"end":{"line":127,"column":1}},"54":{"start":{"line":126,"column":4},"end":{"line":126,"column":58}},"55":{"start":{"line":129,"column":0},"end":{"line":131,"column":1}},"56":{"start":{"line":130,"column":4},"end":{"line":130,"column":39}}},"fnMap":{"0":{"name":"User","decl":{"start":{"line":2,"column":31},"end":{"line":2,"column":35}},"loc":{"start":{"line":2,"column":65},"end":{"line":39,"column":1}},"line":2},"1":{"name":"getName","decl":{"start":{"line":45,"column":34},"end":{"line":45,"column":41}},"loc":{"start":{"line":45,"column":44},"end":{"line":47,"column":1}},"line":45},"2":{"name":"setName","decl":{"start":{"line":49,"column":34},"end":{"line":49,"column":41}},"loc":{"start":{"line":49,"column":48},"end":{"line":51,"column":1}},"line":49},"3":{"name":"getBudget","decl":{"start":{"line":53,"column":36},"end":{"line":53,"column":45}},"loc":{"start":{"line":53,"column":48},"end":{"line":55,"column":1}},"line":53},"4":{"name":"setBudget","decl":{"start":{"line":57,"column":36},"end":{"line":57,"column":45}},"loc":{"start":{"line":57,"column":54},"end":{"line":59,"column":1}},"line":57},"5":{"name":"getFood","decl":{"start":{"line":61,"column":34},"end":{"line":61,"column":41}},"loc":{"start":{"line":61,"column":44},"end":{"line":63,"column":1}},"line":61},"6":{"name":"setFood","decl":{"start":{"line":65,"column":34},"end":{"line":65,"column":41}},"loc":{"start":{"line":65,"column":48},"end":{"line":67,"column":1}},"line":65},"7":{"name":"getAllergy","decl":{"start":{"line":69,"column":37},"end":{"line":69,"column":47}},"loc":{"start":{"line":69,"column":50},"end":{"line":71,"column":1}},"line":69},"8":{"name":"setAllergy","decl":{"start":{"line":73,"column":37},"end":{"line":73,"column":47}},"loc":{"start":{"line":73,"column":57},"end":{"line":75,"column":1}},"line":73},"9":{"name":"setPrice","decl":{"start":{"line":77,"column":35},"end":{"line":77,"column":43}},"loc":{"start":{"line":77,"column":51},"end":{"line":79,"column":1}},"line":77},"10":{"name":"getPrice","decl":{"start":{"line":81,"column":35},"end":{"line":81,"column":43}},"loc":{"start":{"line":81,"column":46},"end":{"line":83,"column":1}},"line":81},"11":{"name":"setIngradients","decl":{"start":{"line":85,"column":41},"end":{"line":85,"column":55}},"loc":{"start":{"line":85,"column":69},"end":{"line":87,"column":1}},"line":85},"12":{"name":"getIngradients","decl":{"start":{"line":89,"column":41},"end":{"line":89,"column":55}},"loc":{"start":{"line":89,"column":58},"end":{"line":91,"column":1}},"line":89},"13":{"name":"setHaveAllergy","decl":{"start":{"line":93,"column":41},"end":{"line":93,"column":55}},"loc":{"start":{"line":93,"column":69},"end":{"line":95,"column":1}},"line":93},"14":{"name":"getHaveAllergy","decl":{"start":{"line":97,"column":41},"end":{"line":97,"column":55}},"loc":{"start":{"line":97,"column":58},"end":{"line":99,"column":1}},"line":97},"15":{"name":"setBudgetAfterPay","decl":{"start":{"line":101,"column":44},"end":{"line":101,"column":61}},"loc":{"start":{"line":101,"column":78},"end":{"line":103,"column":1}},"line":101},"16":{"name":"getBudgetAfterPay","decl":{"start":{"line":105,"column":44},"end":{"line":105,"column":61}},"loc":{"start":{"line":105,"column":64},"end":{"line":107,"column":1}},"line":105},"17":{"name":"setFullPayment","decl":{"start":{"line":109,"column":41},"end":{"line":109,"column":55}},"loc":{"start":{"line":109,"column":69},"end":{"line":111,"column":1}},"line":109},"18":{"name":"getFullPayment","decl":{"start":{"line":113,"column":41},"end":{"line":113,"column":55}},"loc":{"start":{"line":113,"column":58},"end":{"line":115,"column":1}},"line":113},"19":{"name":"setReadyMeals","decl":{"start":{"line":117,"column":40},"end":{"line":117,"column":53}},"loc":{"start":{"line":117,"column":65},"end":{"line":119,"column":1}},"line":117},"20":{"name":"getReadyMeals","decl":{"start":{"line":121,"column":40},"end":{"line":121,"column":53}},"loc":{"start":{"line":121,"column":55},"end":{"line":123,"column":1}},"line":121},"21":{"name":"setIngradientsOfReadyMeals","decl":{"start":{"line":125,"column":53},"end":{"line":125,"column":79}},"loc":{"start":{"line":125,"column":104},"end":{"line":127,"column":1}},"line":125},"22":{"name":"getIngradientsOfReadyMeals","decl":{"start":{"line":129,"column":53},"end":{"line":129,"column":79}},"loc":{"start":{"line":129,"column":81},"end":{"line":131,"column":1}},"line":129}},"branchMap":{},"s":{"0":11,"1":1,"2":1,"3":1,"4":1,"5":1,"6":1,"7":1,"8":1,"9":1,"10":1,"11":1,"12":1,"13":11,"14":6,"15":11,"16":4,"17":11,"18":10,"19":11,"20":6,"21":11,"22":21,"23":11,"24":13,"25":11,"26":3,"27":11,"28":2,"29":11,"30":9,"31":11,"32":13,"33":11,"34":2,"35":11,"36":2,"37":11,"38":5,"39":11,"40":12,"41":11,"42":7,"43":11,"44":8,"45":11,"46":8,"47":11,"48":12,"49":11,"50":0,"51":11,"52":0,"53":11,"54":0,"55":11,"56":0},"f":{"0":1,"1":6,"2":4,"3":10,"4":6,"5":21,"6":13,"7":3,"8":2,"9":9,"10":13,"11":2,"12":2,"13":5,"14":12,"15":7,"16":8,"17":8,"18":12,"19":0,"20":0,"21":0,"22":0},"b":{},"_coverageSchema":"1a1c01bbd47fc00a2c39e90264f33305004495a9","hash":"45b3645b2d8eb0ff46f15727e0de8fba7b8fa172"}
,"D:\\Projects\\my_restaurant\\visits\\operationWithVisits.js": {"path":"D:\\Projects\\my_restaurant\\visits\\operationWithVisits.js","statementMap":{"0":{"start":{"line":1,"column":11},"end":{"line":1,"column":24}},"1":{"start":{"line":2,"column":13},"end":{"line":2,"column":36}},"2":{"start":{"line":5,"column":0},"end":{"line":5,"column":34}},"3":{"start":{"line":8,"column":15},"end":{"line":8,"column":18}},"4":{"start":{"line":11,"column":0},"end":{"line":52,"column":1}},"5":{"start":{"line":14,"column":17},"end":{"line":14,"column":18}},"6":{"start":{"line":17,"column":4},"end":{"line":48,"column":5}},"7":{"start":{"line":20,"column":8},"end":{"line":20,"column":39}},"8":{"start":{"line":22,"column":8},"end":{"line":22,"column":37}},"9":{"start":{"line":25,"column":8},"end":{"line":39,"column":9}},"10":{"start":{"line":28,"column":12},"end":{"line":28,"column":41}},"11":{"start":{"line":30,"column":12},"end":{"line":30,"column":38}},"12":{"start":{"line":33,"column":12},"end":{"line":33,"column":58}},"13":{"start":{"line":38,"column":12},"end":{"line":38,"column":43}},"14":{"start":{"line":44,"column":8},"end":{"line":44,"column":34}},"15":{"start":{"line":47,"column":8},"end":{"line":47,"column":22}},"16":{"start":{"line":51,"column":4},"end":{"line":51,"column":53}},"17":{"start":{"line":55,"column":0},"end":{"line":59,"column":1}},"18":{"start":{"line":58,"column":4},"end":{"line":58,"column":35}},"19":{"start":{"line":62,"column":0},"end":{"line":66,"column":1}},"20":{"start":{"line":65,"column":4},"end":{"line":65,"column":34}},"21":{"start":{"line":69,"column":0},"end":{"line":77,"column":1}},"22":{"start":{"line":72,"column":4},"end":{"line":72,"column":26}},"23":{"start":{"line":73,"column":4},"end":{"line":73,"column":40}},"24":{"start":{"line":76,"column":4},"end":{"line":76,"column":34}},"25":{"start":{"line":80,"column":0},"end":{"line":84,"column":1}},"26":{"start":{"line":83,"column":4},"end":{"line":83,"column":60}},"27":{"start":{"line":87,"column":0},"end":{"line":91,"column":1}},"28":{"start":{"line":90,"column":4},"end":{"line":90,"column":77}}},"fnMap":{"0":{"name":"setVisit","decl":{"start":{"line":11,"column":35},"end":{"line":11,"column":43}},"loc":{"start":{"line":11,"column":50},"end":{"line":52,"column":1}},"line":11},"1":{"name":"setDiscount","decl":{"start":{"line":55,"column":38},"end":{"line":55,"column":49}},"loc":{"start":{"line":55,"column":57},"end":{"line":59,"column":1}},"line":55},"2":{"name":"getDiscount","decl":{"start":{"line":62,"column":38},"end":{"line":62,"column":49}},"loc":{"start":{"line":62,"column":52},"end":{"line":66,"column":1}},"line":62},"3":{"name":"resetVisits","decl":{"start":{"line":69,"column":38},"end":{"line":69,"column":49}},"loc":{"start":{"line":69,"column":52},"end":{"line":77,"column":1}},"line":69},"4":{"name":"readFile","decl":{"start":{"line":80,"column":35},"end":{"line":80,"column":43}},"loc":{"start":{"line":80,"column":50},"end":{"line":84,"column":1}},"line":80},"5":{"name":"writeFile","decl":{"start":{"line":87,"column":36},"end":{"line":87,"column":45}},"loc":{"start":{"line":87,"column":59},"end":{"line":91,"column":1}},"line":87}},"branchMap":{"0":{"loc":{"start":{"line":17,"column":4},"end":{"line":48,"column":5}},"type":"if","locations":[{"start":{"line":17,"column":4},"end":{"line":48,"column":5}},{"start":{"line":41,"column":11},"end":{"line":48,"column":5}}],"line":17},"1":{"loc":{"start":{"line":25,"column":8},"end":{"line":39,"column":9}},"type":"if","locations":[{"start":{"line":25,"column":8},"end":{"line":39,"column":9}},{"start":{"line":35,"column":15},"end":{"line":39,"column":9}}],"line":25}},"s":{"0":2,"1":2,"2":2,"3":2,"4":2,"5":3,"6":3,"7":2,"8":2,"9":2,"10":1,"11":1,"12":1,"13":1,"14":1,"15":1,"16":2,"17":2,"18":2,"19":2,"20":3,"21":2,"22":1,"23":1,"24":1,"25":2,"26":4,"27":2,"28":4},"f":{"0":3,"1":2,"2":3,"3":1,"4":4,"5":4},"b":{"0":[2,1],"1":[1,1]},"_coverageSchema":"1a1c01bbd47fc00a2c39e90264f33305004495a9","hash":"4761dbaf41b492c889d9b55406a558d13c3479e0"}
,"D:\\Projects\\my_restaurant\\warehouse\\chanceToSpoil.js": {"path":"D:\\Projects\\my_restaurant\\warehouse\\chanceToSpoil.js","statementMap":{"0":{"start":{"line":1,"column":11},"end":{"line":1,"column":24}},"1":{"start":{"line":6,"column":20},"end":{"line":6,"column":69}},"2":{"start":{"line":9,"column":0},"end":{"line":9,"column":73}}},"fnMap":{},"branchMap":{},"s":{"0":6,"1":6,"2":6},"f":{},"b":{},"_coverageSchema":"1a1c01bbd47fc00a2c39e90264f33305004495a9","hash":"56a806f549b1f88747cb4382b7fa0cddc9784bed"}
,"D:\\Projects\\my_restaurant\\warehouse\\maxPriceForAFood.js": {"path":"D:\\Projects\\my_restaurant\\warehouse\\maxPriceForAFood.js","statementMap":{"0":{"start":{"line":1,"column":11},"end":{"line":1,"column":24}},"1":{"start":{"line":6,"column":23},"end":{"line":6,"column":75}},"2":{"start":{"line":9,"column":0},"end":{"line":9,"column":82}}},"fnMap":{},"branchMap":{},"s":{"0":5,"1":5,"2":5},"f":{},"b":{},"_coverageSchema":"1a1c01bbd47fc00a2c39e90264f33305004495a9","hash":"beac94ad38e8b06acee29c4e499e7d4e3a2d99a6"}
,"D:\\Projects\\my_restaurant\\warehouse\\operationWithChanceToSpoil.js": {"path":"D:\\Projects\\my_restaurant\\warehouse\\operationWithChanceToSpoil.js","statementMap":{"0":{"start":{"line":1,"column":22},"end":{"line":1,"column":48}},"1":{"start":{"line":4,"column":8},"end":{"line":4,"column":9}},"2":{"start":{"line":7,"column":0},"end":{"line":16,"column":1}},"3":{"start":{"line":9,"column":4},"end":{"line":9,"column":9}},"4":{"start":{"line":12,"column":4},"end":{"line":12,"column":20}},"5":{"start":{"line":15,"column":4},"end":{"line":15,"column":12}},"6":{"start":{"line":19,"column":0},"end":{"line":38,"column":1}},"7":{"start":{"line":22,"column":17},"end":{"line":22,"column":73}},"8":{"start":{"line":25,"column":4},"end":{"line":37,"column":5}},"9":{"start":{"line":28,"column":8},"end":{"line":28,"column":17}},"10":{"start":{"line":32,"column":8},"end":{"line":32,"column":24}},"11":{"start":{"line":36,"column":8},"end":{"line":36,"column":19}},"12":{"start":{"line":41,"column":0},"end":{"line":45,"column":1}},"13":{"start":{"line":42,"column":4},"end":{"line":42,"column":25}},"14":{"start":{"line":43,"column":4},"end":{"line":43,"column":26}},"15":{"start":{"line":44,"column":4},"end":{"line":44,"column":57}}},"fnMap":{"0":{"name":"chackChanceToSpoil","decl":{"start":{"line":7,"column":45},"end":{"line":7,"column":63}},"loc":{"start":{"line":7,"column":66},"end":{"line":16,"column":1}},"line":7},"1":{"name":"random","decl":{"start":{"line":19,"column":33},"end":{"line":19,"column":39}},"loc":{"start":{"line":19,"column":42},"end":{"line":38,"column":1}},"line":19},"2":{"name":"getRandomInt","decl":{"start":{"line":41,"column":39},"end":{"line":41,"column":51}},"loc":{"start":{"line":41,"column":62},"end":{"line":45,"column":1}},"line":41}},"branchMap":{"0":{"loc":{"start":{"line":25,"column":4},"end":{"line":37,"column":5}},"type":"if","locations":[{"start":{"line":25,"column":4},"end":{"line":37,"column":5}},{"start":{"line":33,"column":11},"end":{"line":37,"column":5}}],"line":25}},"s":{"0":5,"1":5,"2":5,"3":14,"4":14,"5":14,"6":5,"7":15,"8":15,"9":1,"10":1,"11":14,"12":5,"13":13,"14":13,"15":13},"f":{"0":14,"1":15,"2":13},"b":{"0":[1,14]},"_coverageSchema":"1a1c01bbd47fc00a2c39e90264f33305004495a9","hash":"0ae01745f64510017bf412de3d1ab8c6953143ec"}
,"D:\\Projects\\my_restaurant\\warehouse\\operationWithTotalQuantityOfAllInWarehouse.js": {"path":"D:\\Projects\\my_restaurant\\warehouse\\operationWithTotalQuantityOfAllInWarehouse.js","statementMap":{"0":{"start":{"line":1,"column":11},"end":{"line":1,"column":24}},"1":{"start":{"line":2,"column":22},"end":{"line":2,"column":73}},"2":{"start":{"line":3,"column":39},"end":{"line":3,"column":82}},"3":{"start":{"line":4,"column":38},"end":{"line":4,"column":80}},"4":{"start":{"line":7,"column":0},"end":{"line":28,"column":1}},"5":{"start":{"line":10,"column":18},"end":{"line":10,"column":45}},"6":{"start":{"line":11,"column":4},"end":{"line":11,"column":52}},"7":{"start":{"line":14,"column":18},"end":{"line":14,"column":42}},"8":{"start":{"line":15,"column":4},"end":{"line":15,"column":49}},"9":{"start":{"line":18,"column":18},"end":{"line":18,"column":35}},"10":{"start":{"line":21,"column":4},"end":{"line":27,"column":5}},"11":{"start":{"line":23,"column":8},"end":{"line":23,"column":19}},"12":{"start":{"line":26,"column":8},"end":{"line":26,"column":22}}},"fnMap":{"0":{"name":"checkTotalQuantity","decl":{"start":{"line":7,"column":45},"end":{"line":7,"column":63}},"loc":{"start":{"line":7,"column":89},"end":{"line":28,"column":1}},"line":7}},"branchMap":{"0":{"loc":{"start":{"line":21,"column":4},"end":{"line":27,"column":5}},"type":"if","locations":[{"start":{"line":21,"column":4},"end":{"line":27,"column":5}},{"start":{"line":24,"column":11},"end":{"line":27,"column":5}}],"line":21}},"s":{"0":7,"1":7,"2":7,"3":7,"4":7,"5":15,"6":15,"7":15,"8":15,"9":15,"10":15,"11":12,"12":3},"f":{"0":15},"b":{"0":[12,3]},"_coverageSchema":"1a1c01bbd47fc00a2c39e90264f33305004495a9","hash":"3c9c5bcde86578eac38b73c929eb3064eb794073"}
,"D:\\Projects\\my_restaurant\\warehouse\\operationWithWarehouse.js": {"path":"D:\\Projects\\my_restaurant\\warehouse\\operationWithWarehouse.js","statementMap":{"0":{"start":{"line":1,"column":29},"end":{"line":1,"column":62}},"1":{"start":{"line":2,"column":13},"end":{"line":2,"column":36}},"2":{"start":{"line":3,"column":11},"end":{"line":3,"column":24}},"3":{"start":{"line":4,"column":19},"end":{"line":4,"column":42}},"4":{"start":{"line":5,"column":14},"end":{"line":5,"column":60}},"5":{"start":{"line":6,"column":27},"end":{"line":6,"column":64}},"6":{"start":{"line":7,"column":23},"end":{"line":7,"column":66}},"7":{"start":{"line":8,"column":51},"end":{"line":8,"column":106}},"8":{"start":{"line":9,"column":39},"end":{"line":9,"column":82}},"9":{"start":{"line":10,"column":38},"end":{"line":10,"column":80}},"10":{"start":{"line":11,"column":22},"end":{"line":11,"column":55}},"11":{"start":{"line":12,"column":26},"end":{"line":12,"column":72}},"12":{"start":{"line":13,"column":28},"end":{"line":13,"column":68}},"13":{"start":{"line":14,"column":24},"end":{"line":14,"column":58}},"14":{"start":{"line":15,"column":23},"end":{"line":15,"column":56}},"15":{"start":{"line":16,"column":35},"end":{"line":16,"column":74}},"16":{"start":{"line":17,"column":27},"end":{"line":17,"column":58}},"17":{"start":{"line":18,"column":25},"end":{"line":18,"column":54}},"18":{"start":{"line":19,"column":25},"end":{"line":19,"column":62}},"19":{"start":{"line":22,"column":0},"end":{"line":54,"column":1}},"20":{"start":{"line":25,"column":4},"end":{"line":53,"column":5}},"21":{"start":{"line":28,"column":8},"end":{"line":28,"column":42}},"22":{"start":{"line":31,"column":8},"end":{"line":31,"column":58}},"23":{"start":{"line":32,"column":8},"end":{"line":32,"column":37}},"24":{"start":{"line":35,"column":8},"end":{"line":35,"column":70}},"25":{"start":{"line":39,"column":8},"end":{"line":39,"column":56}},"26":{"start":{"line":40,"column":8},"end":{"line":40,"column":37}},"27":{"start":{"line":43,"column":8},"end":{"line":43,"column":48}},"28":{"start":{"line":46,"column":22},"end":{"line":46,"column":43}},"29":{"start":{"line":49,"column":8},"end":{"line":49,"column":32}},"30":{"start":{"line":52,"column":8},"end":{"line":52,"column":81}},"31":{"start":{"line":57,"column":0},"end":{"line":95,"column":1}},"32":{"start":{"line":60,"column":4},"end":{"line":94,"column":5}},"33":{"start":{"line":63,"column":21},"end":{"line":63,"column":208}},"34":{"start":{"line":66,"column":8},"end":{"line":93,"column":9}},"35":{"start":{"line":69,"column":12},"end":{"line":92,"column":13}},"36":{"start":{"line":71,"column":16},"end":{"line":91,"column":17}},"37":{"start":{"line":74,"column":20},"end":{"line":74,"column":70}},"38":{"start":{"line":77,"column":20},"end":{"line":77,"column":94}},"39":{"start":{"line":78,"column":20},"end":{"line":78,"column":49}},"40":{"start":{"line":83,"column":20},"end":{"line":83,"column":81}},"41":{"start":{"line":85,"column":20},"end":{"line":85,"column":48}},"42":{"start":{"line":88,"column":20},"end":{"line":88,"column":74}},"43":{"start":{"line":90,"column":20},"end":{"line":90,"column":50}},"44":{"start":{"line":98,"column":0},"end":{"line":117,"column":1}},"45":{"start":{"line":101,"column":4},"end":{"line":116,"column":5}},"46":{"start":{"line":104,"column":8},"end":{"line":104,"column":76}},"47":{"start":{"line":105,"column":8},"end":{"line":105,"column":37}},"48":{"start":{"line":108,"column":8},"end":{"line":108,"column":70}},"49":{"start":{"line":111,"column":8},"end":{"line":111,"column":20}},"50":{"start":{"line":115,"column":8},"end":{"line":115,"column":25}},"51":{"start":{"line":120,"column":0},"end":{"line":127,"column":1}},"52":{"start":{"line":123,"column":4},"end":{"line":123,"column":54}},"53":{"start":{"line":126,"column":4},"end":{"line":126,"column":52}},"54":{"start":{"line":129,"column":0},"end":{"line":132,"column":1}},"55":{"start":{"line":131,"column":4},"end":{"line":131,"column":84}},"56":{"start":{"line":135,"column":0},"end":{"line":145,"column":1}},"57":{"start":{"line":138,"column":4},"end":{"line":138,"column":85}},"58":{"start":{"line":141,"column":4},"end":{"line":141,"column":48}},"59":{"start":{"line":144,"column":4},"end":{"line":144,"column":48}},"60":{"start":{"line":148,"column":0},"end":{"line":152,"column":1}},"61":{"start":{"line":151,"column":4},"end":{"line":151,"column":90}},"62":{"start":{"line":156,"column":0},"end":{"line":251,"column":1}},"63":{"start":{"line":161,"column":17},"end":{"line":161,"column":61}},"64":{"start":{"line":164,"column":4},"end":{"line":190,"column":5}},"65":{"start":{"line":167,"column":8},"end":{"line":189,"column":9}},"66":{"start":{"line":167,"column":21},"end":{"line":167,"column":22}},"67":{"start":{"line":170,"column":12},"end":{"line":188,"column":13}},"68":{"start":{"line":173,"column":16},"end":{"line":173,"column":133}},"69":{"start":{"line":175,"column":16},"end":{"line":175,"column":97}},"70":{"start":{"line":177,"column":30},"end":{"line":177,"column":77}},"71":{"start":{"line":179,"column":16},"end":{"line":185,"column":17}},"72":{"start":{"line":182,"column":20},"end":{"line":182,"column":143}},"73":{"start":{"line":184,"column":20},"end":{"line":184,"column":73}},"74":{"start":{"line":187,"column":16},"end":{"line":187,"column":97}},"75":{"start":{"line":193,"column":4},"end":{"line":242,"column":5}},"76":{"start":{"line":196,"column":8},"end":{"line":241,"column":9}},"77":{"start":{"line":196,"column":21},"end":{"line":196,"column":22}},"78":{"start":{"line":199,"column":12},"end":{"line":240,"column":13}},"79":{"start":{"line":202,"column":16},"end":{"line":239,"column":17}},"80":{"start":{"line":205,"column":20},"end":{"line":205,"column":97}},"81":{"start":{"line":209,"column":34},"end":{"line":209,"column":74}},"82":{"start":{"line":212,"column":20},"end":{"line":238,"column":21}},"83":{"start":{"line":215,"column":24},"end":{"line":237,"column":25}},"84":{"start":{"line":215,"column":37},"end":{"line":215,"column":38}},"85":{"start":{"line":218,"column":28},"end":{"line":236,"column":29}},"86":{"start":{"line":221,"column":32},"end":{"line":221,"column":145}},"87":{"start":{"line":223,"column":32},"end":{"line":223,"column":113}},"88":{"start":{"line":225,"column":46},"end":{"line":225,"column":93}},"89":{"start":{"line":227,"column":32},"end":{"line":233,"column":33}},"90":{"start":{"line":230,"column":36},"end":{"line":230,"column":155}},"91":{"start":{"line":232,"column":36},"end":{"line":232,"column":87}},"92":{"start":{"line":235,"column":32},"end":{"line":235,"column":111}},"93":{"start":{"line":245,"column":4},"end":{"line":245,"column":48}},"94":{"start":{"line":247,"column":4},"end":{"line":247,"column":54}},"95":{"start":{"line":250,"column":4},"end":{"line":250,"column":77}},"96":{"start":{"line":254,"column":0},"end":{"line":258,"column":1}},"97":{"start":{"line":257,"column":4},"end":{"line":257,"column":120}},"98":{"start":{"line":261,"column":0},"end":{"line":268,"column":1}},"99":{"start":{"line":264,"column":4},"end":{"line":264,"column":42}},"100":{"start":{"line":267,"column":4},"end":{"line":267,"column":32}},"101":{"start":{"line":271,"column":0},"end":{"line":275,"column":1}},"102":{"start":{"line":274,"column":4},"end":{"line":274,"column":74}}},"fnMap":{"0":{"name":"Calculate","decl":{"start":{"line":22,"column":36},"end":{"line":22,"column":45}},"loc":{"start":{"line":22,"column":48},"end":{"line":54,"column":1}},"line":22},"1":{"name":"addFood","decl":{"start":{"line":57,"column":34},"end":{"line":57,"column":41}},"loc":{"start":{"line":57,"column":51},"end":{"line":95,"column":1}},"line":57},"2":{"name":"checkIngradients","decl":{"start":{"line":98,"column":43},"end":{"line":98,"column":59}},"loc":{"start":{"line":98,"column":72},"end":{"line":117,"column":1}},"line":98},"3":{"name":"addIngradientsInWarehouse","decl":{"start":{"line":120,"column":52},"end":{"line":120,"column":77}},"loc":{"start":{"line":120,"column":85},"end":{"line":127,"column":1}},"line":120},"4":{"name":"addIngradientsInWarehouse","decl":{"start":{"line":129,"column":62},"end":{"line":129,"column":87}},"loc":{"start":{"line":129,"column":95},"end":{"line":132,"column":1}},"line":129},"5":{"name":"removeFoodFromReadyMeals","decl":{"start":{"line":135,"column":51},"end":{"line":135,"column":75}},"loc":{"start":{"line":135,"column":78},"end":{"line":145,"column":1}},"line":135},"6":{"name":"writeFile_removeFoodFromReadyMeals","decl":{"start":{"line":148,"column":61},"end":{"line":148,"column":95}},"loc":{"start":{"line":148,"column":98},"end":{"line":152,"column":1}},"line":148},"7":{"name":"removeIngradientsFromWarehouse","decl":{"start":{"line":156,"column":57},"end":{"line":156,"column":87}},"loc":{"start":{"line":156,"column":90},"end":{"line":251,"column":1}},"line":156},"8":{"name":"writeFile_removeIngradientsFromWarehouse","decl":{"start":{"line":254,"column":67},"end":{"line":254,"column":107}},"loc":{"start":{"line":254,"column":110},"end":{"line":258,"column":1}},"line":254},"9":{"name":"addReadyMeals","decl":{"start":{"line":261,"column":40},"end":{"line":261,"column":53}},"loc":{"start":{"line":261,"column":61},"end":{"line":268,"column":1}},"line":261},"10":{"name":"writeFile_addReadyMeals","decl":{"start":{"line":271,"column":50},"end":{"line":271,"column":73}},"loc":{"start":{"line":271,"column":81},"end":{"line":275,"column":1}},"line":271}},"branchMap":{"0":{"loc":{"start":{"line":25,"column":4},"end":{"line":53,"column":5}},"type":"if","locations":[{"start":{"line":25,"column":4},"end":{"line":53,"column":5}},{"start":{"line":36,"column":11},"end":{"line":53,"column":5}}],"line":25},"1":{"loc":{"start":{"line":25,"column":8},"end":{"line":25,"column":106}},"type":"binary-expr","locations":[{"start":{"line":25,"column":8},"end":{"line":25,"column":60}},{"start":{"line":25,"column":64},"end":{"line":25,"column":106}}],"line":25},"2":{"loc":{"start":{"line":60,"column":4},"end":{"line":94,"column":5}},"type":"if","locations":[{"start":{"line":60,"column":4},"end":{"line":94,"column":5}},{"start":{},"end":{}}],"line":60},"3":{"loc":{"start":{"line":66,"column":8},"end":{"line":93,"column":9}},"type":"if","locations":[{"start":{"line":66,"column":8},"end":{"line":93,"column":9}},{"start":{},"end":{}}],"line":66},"4":{"loc":{"start":{"line":69,"column":12},"end":{"line":92,"column":13}},"type":"if","locations":[{"start":{"line":69,"column":12},"end":{"line":92,"column":13}},{"start":{},"end":{}}],"line":69},"5":{"loc":{"start":{"line":71,"column":16},"end":{"line":91,"column":17}},"type":"if","locations":[{"start":{"line":71,"column":16},"end":{"line":91,"column":17}},{"start":{"line":86,"column":23},"end":{"line":91,"column":17}}],"line":71},"6":{"loc":{"start":{"line":101,"column":4},"end":{"line":116,"column":5}},"type":"if","locations":[{"start":{"line":101,"column":4},"end":{"line":116,"column":5}},{"start":{"line":112,"column":11},"end":{"line":116,"column":5}}],"line":101},"7":{"loc":{"start":{"line":164,"column":4},"end":{"line":190,"column":5}},"type":"if","locations":[{"start":{"line":164,"column":4},"end":{"line":190,"column":5}},{"start":{},"end":{}}],"line":164},"8":{"loc":{"start":{"line":170,"column":12},"end":{"line":188,"column":13}},"type":"if","locations":[{"start":{"line":170,"column":12},"end":{"line":188,"column":13}},{"start":{},"end":{}}],"line":170},"9":{"loc":{"start":{"line":179,"column":16},"end":{"line":185,"column":17}},"type":"if","locations":[{"start":{"line":179,"column":16},"end":{"line":185,"column":17}},{"start":{},"end":{}}],"line":179},"10":{"loc":{"start":{"line":193,"column":4},"end":{"line":242,"column":5}},"type":"if","locations":[{"start":{"line":193,"column":4},"end":{"line":242,"column":5}},{"start":{},"end":{}}],"line":193},"11":{"loc":{"start":{"line":199,"column":12},"end":{"line":240,"column":13}},"type":"if","locations":[{"start":{"line":199,"column":12},"end":{"line":240,"column":13}},{"start":{},"end":{}}],"line":199},"12":{"loc":{"start":{"line":202,"column":16},"end":{"line":239,"column":17}},"type":"if","locations":[{"start":{"line":202,"column":16},"end":{"line":239,"column":17}},{"start":{"line":206,"column":23},"end":{"line":239,"column":17}}],"line":202},"13":{"loc":{"start":{"line":212,"column":20},"end":{"line":238,"column":21}},"type":"if","locations":[{"start":{"line":212,"column":20},"end":{"line":238,"column":21}},{"start":{},"end":{}}],"line":212},"14":{"loc":{"start":{"line":218,"column":28},"end":{"line":236,"column":29}},"type":"if","locations":[{"start":{"line":218,"column":28},"end":{"line":236,"column":29}},{"start":{},"end":{}}],"line":218},"15":{"loc":{"start":{"line":227,"column":32},"end":{"line":233,"column":33}},"type":"if","locations":[{"start":{"line":227,"column":32},"end":{"line":233,"column":33}},{"start":{},"end":{}}],"line":227}},"s":{"0":4,"1":4,"2":4,"3":4,"4":4,"5":4,"6":4,"7":4,"8":4,"9":4,"10":4,"11":4,"12":4,"13":4,"14":4,"15":4,"16":4,"17":4,"18":4,"19":4,"20":2,"21":1,"22":1,"23":1,"24":1,"25":1,"26":1,"27":1,"28":1,"29":1,"30":1,"31":4,"32":3,"33":2,"34":2,"35":2,"36":2,"37":1,"38":1,"39":1,"40":1,"41":1,"42":1,"43":1,"44":4,"45":22,"46":2,"47":2,"48":2,"49":2,"50":20,"51":4,"52":1,"53":1,"54":4,"55":0,"56":4,"57":0,"58":0,"59":0,"60":4,"61":0,"62":4,"63":6,"64":6,"65":6,"66":6,"67":6,"68":6,"69":6,"70":6,"71":6,"72":2,"73":2,"74":6,"75":6,"76":2,"77":2,"78":2,"79":2,"80":1,"81":1,"82":1,"83":1,"84":1,"85":3,"86":3,"87":3,"88":3,"89":3,"90":0,"91":0,"92":3,"93":6,"94":6,"95":6,"96":4,"97":0,"98":4,"99":1,"100":1,"101":4,"102":0},"f":{"0":2,"1":3,"2":22,"3":1,"4":0,"5":0,"6":0,"7":6,"8":0,"9":1,"10":0},"b":{"0":[1,1],"1":[2,2],"2":[2,1],"3":[2,0],"4":[2,0],"5":[1,1],"6":[2,20],"7":[6,0],"8":[6,0],"9":[2,4],"10":[2,4],"11":[2,0],"12":[1,1],"13":[1,0],"14":[3,0],"15":[0,3]},"_coverageSchema":"1a1c01bbd47fc00a2c39e90264f33305004495a9","hash":"59e31641e1540fc0db8ae555b988477744295e9b"}
,"D:\\Projects\\my_restaurant\\warehouse\\operationWithWaste.js": {"path":"D:\\Projects\\my_restaurant\\warehouse\\operationWithWaste.js","statementMap":{"0":{"start":{"line":1,"column":11},"end":{"line":1,"column":24}},"1":{"start":{"line":3,"column":0},"end":{"line":8,"column":1}},"2":{"start":{"line":5,"column":4},"end":{"line":5,"column":39}},"3":{"start":{"line":7,"column":4},"end":{"line":7,"column":16}},"4":{"start":{"line":10,"column":0},"end":{"line":13,"column":1}},"5":{"start":{"line":12,"column":4},"end":{"line":12,"column":70}}},"fnMap":{"0":{"name":"addToWaste","decl":{"start":{"line":3,"column":37},"end":{"line":3,"column":47}},"loc":{"start":{"line":3,"column":55},"end":{"line":8,"column":1}},"line":3},"1":{"name":"writeFile_addToWaste","decl":{"start":{"line":10,"column":47},"end":{"line":10,"column":67}},"loc":{"start":{"line":10,"column":74},"end":{"line":13,"column":1}},"line":10}},"branchMap":{},"s":{"0":5,"1":5,"2":1,"3":1,"4":5,"5":0},"f":{"0":1,"1":0},"b":{},"_coverageSchema":"1a1c01bbd47fc00a2c39e90264f33305004495a9","hash":"a7e04b53dc2391f6ac3424cecfcb2eec530ddc81"}
,"D:\\Projects\\my_restaurant\\warehouse\\quantityIngradientsInWarehouse.js": {"path":"D:\\Projects\\my_restaurant\\warehouse\\quantityIngradientsInWarehouse.js","statementMap":{"0":{"start":{"line":1,"column":20},"end":{"line":1,"column":69}},"1":{"start":{"line":2,"column":29},"end":{"line":2,"column":62}},"2":{"start":{"line":3,"column":11},"end":{"line":3,"column":24}},"3":{"start":{"line":4,"column":51},"end":{"line":4,"column":106}},"4":{"start":{"line":5,"column":38},"end":{"line":5,"column":80}},"5":{"start":{"line":6,"column":23},"end":{"line":6,"column":66}},"6":{"start":{"line":9,"column":0},"end":{"line":57,"column":1}},"7":{"start":{"line":12,"column":34},"end":{"line":12,"column":57}},"8":{"start":{"line":15,"column":4},"end":{"line":56,"column":5}},"9":{"start":{"line":18,"column":42},"end":{"line":18,"column":95}},"10":{"start":{"line":21,"column":21},"end":{"line":21,"column":79}},"11":{"start":{"line":24,"column":22},"end":{"line":24,"column":186}},"12":{"start":{"line":26,"column":8},"end":{"line":36,"column":9}},"13":{"start":{"line":30,"column":12},"end":{"line":30,"column":80}},"14":{"start":{"line":31,"column":12},"end":{"line":31,"column":60}},"15":{"start":{"line":34,"column":12},"end":{"line":34,"column":88}},"16":{"start":{"line":35,"column":12},"end":{"line":35,"column":24}},"17":{"start":{"line":40,"column":8},"end":{"line":52,"column":9}},"18":{"start":{"line":43,"column":12},"end":{"line":43,"column":53}},"19":{"start":{"line":45,"column":12},"end":{"line":45,"column":40}},"20":{"start":{"line":48,"column":12},"end":{"line":48,"column":90}},"21":{"start":{"line":51,"column":12},"end":{"line":51,"column":27}},"22":{"start":{"line":55,"column":8},"end":{"line":55,"column":23}},"23":{"start":{"line":60,"column":0},"end":{"line":74,"column":1}},"24":{"start":{"line":63,"column":19},"end":{"line":63,"column":20}},"25":{"start":{"line":66,"column":4},"end":{"line":70,"column":5}},"26":{"start":{"line":66,"column":17},"end":{"line":66,"column":18}},"27":{"start":{"line":69,"column":8},"end":{"line":69,"column":89}},"28":{"start":{"line":73,"column":4},"end":{"line":73,"column":29}}},"fnMap":{"0":{"name":"checkQuantityOfIngradients","decl":{"start":{"line":9,"column":53},"end":{"line":9,"column":79}},"loc":{"start":{"line":9,"column":102},"end":{"line":57,"column":1}},"line":9},"1":{"name":"getTotalQuantityOfIngradients","decl":{"start":{"line":60,"column":56},"end":{"line":60,"column":85}},"loc":{"start":{"line":60,"column":88},"end":{"line":74,"column":1}},"line":60}},"branchMap":{"0":{"loc":{"start":{"line":15,"column":4},"end":{"line":56,"column":5}},"type":"if","locations":[{"start":{"line":15,"column":4},"end":{"line":56,"column":5}},{"start":{},"end":{}}],"line":15},"1":{"loc":{"start":{"line":26,"column":8},"end":{"line":36,"column":9}},"type":"if","locations":[{"start":{"line":26,"column":8},"end":{"line":36,"column":9}},{"start":{"line":28,"column":15},"end":{"line":36,"column":9}}],"line":26},"2":{"loc":{"start":{"line":40,"column":8},"end":{"line":52,"column":9}},"type":"if","locations":[{"start":{"line":40,"column":8},"end":{"line":52,"column":9}},{"start":{},"end":{}}],"line":40}},"s":{"0":7,"1":7,"2":7,"3":7,"4":7,"5":7,"6":7,"7":6,"8":6,"9":6,"10":6,"11":6,"12":6,"13":1,"14":1,"15":1,"16":1,"17":5,"18":2,"19":2,"20":2,"21":2,"22":3,"23":7,"24":12,"25":12,"26":12,"27":192,"28":12},"f":{"0":6,"1":12},"b":{"0":[6,0],"1":[5,1],"2":[2,3]},"_coverageSchema":"1a1c01bbd47fc00a2c39e90264f33305004495a9","hash":"b56dc6b54411feedb344a0de7d9e0c72bb106156"}
,"D:\\Projects\\my_restaurant\\warehouse\\quantityReadyMealsInWarehouse.js": {"path":"D:\\Projects\\my_restaurant\\warehouse\\quantityReadyMealsInWarehouse.js","statementMap":{"0":{"start":{"line":1,"column":11},"end":{"line":1,"column":24}},"1":{"start":{"line":2,"column":14},"end":{"line":2,"column":62}},"2":{"start":{"line":3,"column":27},"end":{"line":3,"column":64}},"3":{"start":{"line":4,"column":19},"end":{"line":4,"column":42}},"4":{"start":{"line":5,"column":51},"end":{"line":5,"column":106}},"5":{"start":{"line":6,"column":39},"end":{"line":6,"column":82}},"6":{"start":{"line":9,"column":0},"end":{"line":51,"column":1}},"7":{"start":{"line":12,"column":34},"end":{"line":12,"column":50}},"8":{"start":{"line":15,"column":4},"end":{"line":50,"column":5}},"9":{"start":{"line":18,"column":42},"end":{"line":18,"column":69}},"10":{"start":{"line":21,"column":21},"end":{"line":21,"column":79}},"11":{"start":{"line":23,"column":22},"end":{"line":23,"column":186}},"12":{"start":{"line":24,"column":8},"end":{"line":30,"column":9}},"13":{"start":{"line":27,"column":12},"end":{"line":27,"column":80}},"14":{"start":{"line":28,"column":12},"end":{"line":28,"column":60}},"15":{"start":{"line":29,"column":12},"end":{"line":29,"column":24}},"16":{"start":{"line":33,"column":8},"end":{"line":46,"column":9}},"17":{"start":{"line":36,"column":12},"end":{"line":36,"column":53}},"18":{"start":{"line":38,"column":12},"end":{"line":38,"column":40}},"19":{"start":{"line":41,"column":12},"end":{"line":41,"column":84}},"20":{"start":{"line":44,"column":12},"end":{"line":44,"column":27}},"21":{"start":{"line":49,"column":8},"end":{"line":49,"column":23}},"22":{"start":{"line":54,"column":0},"end":{"line":68,"column":1}},"23":{"start":{"line":57,"column":19},"end":{"line":57,"column":20}},"24":{"start":{"line":60,"column":4},"end":{"line":64,"column":5}},"25":{"start":{"line":60,"column":17},"end":{"line":60,"column":18}},"26":{"start":{"line":63,"column":8},"end":{"line":63,"column":69}},"27":{"start":{"line":67,"column":4},"end":{"line":67,"column":29}}},"fnMap":{"0":{"name":"checkQuantityOfReadyMeals","decl":{"start":{"line":9,"column":52},"end":{"line":9,"column":77}},"loc":{"start":{"line":9,"column":94},"end":{"line":51,"column":1}},"line":9},"1":{"name":"getTotalQuantityOfReadyMeals","decl":{"start":{"line":54,"column":55},"end":{"line":54,"column":83}},"loc":{"start":{"line":54,"column":86},"end":{"line":68,"column":1}},"line":54}},"branchMap":{"0":{"loc":{"start":{"line":15,"column":4},"end":{"line":50,"column":5}},"type":"if","locations":[{"start":{"line":15,"column":4},"end":{"line":50,"column":5}},{"start":{},"end":{}}],"line":15},"1":{"loc":{"start":{"line":24,"column":8},"end":{"line":30,"column":9}},"type":"if","locations":[{"start":{"line":24,"column":8},"end":{"line":30,"column":9}},{"start":{"line":26,"column":15},"end":{"line":30,"column":9}}],"line":24},"2":{"loc":{"start":{"line":33,"column":8},"end":{"line":46,"column":9}},"type":"if","locations":[{"start":{"line":33,"column":8},"end":{"line":46,"column":9}},{"start":{},"end":{}}],"line":33}},"s":{"0":7,"1":7,"2":7,"3":7,"4":7,"5":7,"6":7,"7":5,"8":5,"9":5,"10":5,"11":5,"12":5,"13":1,"14":1,"15":1,"16":4,"17":2,"18":2,"19":2,"20":2,"21":2,"22":7,"23":12,"24":12,"25":12,"26":156,"27":12},"f":{"0":5,"1":12},"b":{"0":[5,0],"1":[4,1],"2":[2,2]},"_coverageSchema":"1a1c01bbd47fc00a2c39e90264f33305004495a9","hash":"fbf4bf999f6d0db19a39961246be602c4636d0c6"}
,"D:\\Projects\\my_restaurant\\warehouse\\readyMeals.js": {"path":"D:\\Projects\\my_restaurant\\warehouse\\readyMeals.js","statementMap":{"0":{"start":{"line":1,"column":11},"end":{"line":1,"column":24}},"1":{"start":{"line":6,"column":17},"end":{"line":6,"column":63}},"2":{"start":{"line":9,"column":0},"end":{"line":9,"column":64}}},"fnMap":{},"branchMap":{},"s":{"0":9,"1":9,"2":9},"f":{},"b":{},"_coverageSchema":"1a1c01bbd47fc00a2c39e90264f33305004495a9","hash":"b693cef7767cc9811206806ef80d06f04bd029ea"}
,"D:\\Projects\\my_restaurant\\warehouse\\warehouseIngradients.js": {"path":"D:\\Projects\\my_restaurant\\warehouse\\warehouseIngradients.js","statementMap":{"0":{"start":{"line":1,"column":11},"end":{"line":1,"column":24}},"1":{"start":{"line":6,"column":27},"end":{"line":6,"column":83}},"2":{"start":{"line":9,"column":0},"end":{"line":9,"column":94}}},"fnMap":{},"branchMap":{},"s":{"0":9,"1":9,"2":9},"f":{},"b":{},"_coverageSchema":"1a1c01bbd47fc00a2c39e90264f33305004495a9","hash":"cdd5b825dcbd25b01edfbb6247e475ad269a2308"}
,"D:\\Projects\\my_restaurant\\warehouse\\allowableQuantityInStock\\ingradients.js": {"path":"D:\\Projects\\my_restaurant\\warehouse\\allowableQuantityInStock\\ingradients.js","statementMap":{"0":{"start":{"line":1,"column":11},"end":{"line":1,"column":24}},"1":{"start":{"line":3,"column":13},"end":{"line":3,"column":60}},"2":{"start":{"line":5,"column":0},"end":{"line":5,"column":61}}},"fnMap":{},"branchMap":{},"s":{"0":8,"1":8,"2":8},"f":{},"b":{},"_coverageSchema":"1a1c01bbd47fc00a2c39e90264f33305004495a9","hash":"9bdf7c6e45068879ff1fbac0b099668e41c62e15"}
,"D:\\Projects\\my_restaurant\\warehouse\\allowableQuantityInStock\\readyMeals.js": {"path":"D:\\Projects\\my_restaurant\\warehouse\\allowableQuantityInStock\\readyMeals.js","statementMap":{"0":{"start":{"line":1,"column":11},"end":{"line":1,"column":24}},"1":{"start":{"line":3,"column":13},"end":{"line":3,"column":59}},"2":{"start":{"line":5,"column":0},"end":{"line":5,"column":59}}},"fnMap":{},"branchMap":{},"s":{"0":8,"1":8,"2":8},"f":{},"b":{},"_coverageSchema":"1a1c01bbd47fc00a2c39e90264f33305004495a9","hash":"13c7fca14ec4966f473b8e0f72204e8b595edfbe"}
,"D:\\Projects\\my_restaurant\\warehouse\\allowableQuantityInStock\\totalQuantity.js": {"path":"D:\\Projects\\my_restaurant\\warehouse\\allowableQuantityInStock\\totalQuantity.js","statementMap":{"0":{"start":{"line":1,"column":11},"end":{"line":1,"column":24}},"1":{"start":{"line":3,"column":13},"end":{"line":3,"column":62}},"2":{"start":{"line":5,"column":0},"end":{"line":5,"column":65}}},"fnMap":{},"branchMap":{},"s":{"0":8,"1":8,"2":8},"f":{},"b":{},"_coverageSchema":"1a1c01bbd47fc00a2c39e90264f33305004495a9","hash":"3b777f3d16e6de7894af6a7be35fa55a95684bbf"}
}
