{"C:\\Users\\nkryvous\\Desktop\\Maksym\\my_restaurant\\admin\\buyReadyMeals.js": {"path":"C:\\Users\\nkryvous\\Desktop\\Maksym\\my_restaurant\\admin\\buyReadyMeals.js","statementMap":{"0":{"start":{"line":1,"column":11},"end":{"line":1,"column":24}},"1":{"start":{"line":2,"column":27},"end":{"line":2,"column":64}},"2":{"start":{"line":3,"column":13},"end":{"line":3,"column":55}},"3":{"start":{"line":4,"column":31},"end":{"line":4,"column":77}},"4":{"start":{"line":5,"column":28},"end":{"line":5,"column":81}},"5":{"start":{"line":6,"column":19},"end":{"line":6,"column":53}},"6":{"start":{"line":7,"column":23},"end":{"line":7,"column":56}},"7":{"start":{"line":8,"column":17},"end":{"line":8,"column":44}},"8":{"start":{"line":9,"column":28},"end":{"line":9,"column":68}},"9":{"start":{"line":10,"column":23},"end":{"line":10,"column":66}},"10":{"start":{"line":11,"column":25},"end":{"line":11,"column":62}},"11":{"start":{"line":12,"column":27},"end":{"line":12,"column":63}},"12":{"start":{"line":13,"column":14},"end":{"line":13,"column":48}},"13":{"start":{"line":14,"column":21},"end":{"line":14,"column":56}},"14":{"start":{"line":15,"column":19},"end":{"line":15,"column":61}},"15":{"start":{"line":19,"column":0},"end":{"line":69,"column":1}},"16":{"start":{"line":22,"column":4},"end":{"line":62,"column":5}},"17":{"start":{"line":22,"column":17},"end":{"line":22,"column":18}},"18":{"start":{"line":25,"column":8},"end":{"line":61,"column":9}},"19":{"start":{"line":27,"column":26},"end":{"line":27,"column":44}},"20":{"start":{"line":30,"column":25},"end":{"line":30,"column":92}},"21":{"start":{"line":31,"column":28},"end":{"line":31,"column":34}},"22":{"start":{"line":34,"column":12},"end":{"line":54,"column":13}},"23":{"start":{"line":37,"column":16},"end":{"line":37,"column":69}},"24":{"start":{"line":38,"column":16},"end":{"line":38,"column":106}},"25":{"start":{"line":40,"column":16},"end":{"line":45,"column":17}},"26":{"start":{"line":41,"column":44},"end":{"line":41,"column":59}},"27":{"start":{"line":42,"column":20},"end":{"line":44,"column":23}},"28":{"start":{"line":43,"column":24},"end":{"line":43,"column":120}},"29":{"start":{"line":48,"column":16},"end":{"line":48,"column":90}},"30":{"start":{"line":50,"column":40},"end":{"line":50,"column":55}},"31":{"start":{"line":51,"column":16},"end":{"line":53,"column":19}},"32":{"start":{"line":52,"column":20},"end":{"line":52,"column":116}},"33":{"start":{"line":59,"column":12},"end":{"line":59,"column":70}},"34":{"start":{"line":60,"column":12},"end":{"line":60,"column":24}},"35":{"start":{"line":65,"column":4},"end":{"line":65,"column":64}},"36":{"start":{"line":68,"column":4},"end":{"line":68,"column":44}},"37":{"start":{"line":72,"column":0},"end":{"line":107,"column":1}},"38":{"start":{"line":75,"column":16},"end":{"line":75,"column":17}},"39":{"start":{"line":78,"column":4},"end":{"line":96,"column":5}},"40":{"start":{"line":78,"column":17},"end":{"line":78,"column":18}},"41":{"start":{"line":81,"column":8},"end":{"line":95,"column":9}},"42":{"start":{"line":84,"column":30},"end":{"line":84,"column":65}},"43":{"start":{"line":87,"column":24},"end":{"line":87,"column":51}},"44":{"start":{"line":90,"column":12},"end":{"line":90,"column":60}},"45":{"start":{"line":94,"column":12},"end":{"line":94,"column":24}},"46":{"start":{"line":99,"column":17},"end":{"line":99,"column":51}},"47":{"start":{"line":102,"column":4},"end":{"line":102,"column":49}},"48":{"start":{"line":106,"column":4},"end":{"line":106,"column":34}}},"fnMap":{"0":{"name":"addReadyMeals","decl":{"start":{"line":19,"column":40},"end":{"line":19,"column":53}},"loc":{"start":{"line":19,"column":70},"end":{"line":69,"column":1}},"line":19},"1":{"name":"(anonymous_1)","decl":{"start":{"line":42,"column":44},"end":{"line":42,"column":45}},"loc":{"start":{"line":42,"column":58},"end":{"line":44,"column":21}},"line":42},"2":{"name":"(anonymous_2)","decl":{"start":{"line":51,"column":40},"end":{"line":51,"column":41}},"loc":{"start":{"line":51,"column":54},"end":{"line":53,"column":17}},"line":51},"3":{"name":"removeMoney","decl":{"start":{"line":72,"column":38},"end":{"line":72,"column":49}},"loc":{"start":{"line":72,"column":66},"end":{"line":107,"column":1}},"line":72}},"branchMap":{"0":{"loc":{"start":{"line":25,"column":8},"end":{"line":61,"column":9}},"type":"if","locations":[{"start":{"line":25,"column":8},"end":{"line":61,"column":9}},{"start":{"line":56,"column":15},"end":{"line":61,"column":9}}],"line":25},"1":{"loc":{"start":{"line":34,"column":12},"end":{"line":54,"column":13}},"type":"if","locations":[{"start":{"line":34,"column":12},"end":{"line":54,"column":13}},{"start":{"line":47,"column":19},"end":{"line":54,"column":13}}],"line":34},"2":{"loc":{"start":{"line":40,"column":16},"end":{"line":45,"column":17}},"type":"if","locations":[{"start":{"line":40,"column":16},"end":{"line":45,"column":17}},{"start":{},"end":{}}],"line":40},"3":{"loc":{"start":{"line":81,"column":8},"end":{"line":95,"column":9}},"type":"if","locations":[{"start":{"line":81,"column":8},"end":{"line":95,"column":9}},{"start":{"line":91,"column":15},"end":{"line":95,"column":9}}],"line":81}},"s":{"0":1,"1":1,"2":1,"3":1,"4":1,"5":1,"6":1,"7":1,"8":1,"9":1,"10":1,"11":1,"12":1,"13":1,"14":1,"15":1,"16":0,"17":0,"18":0,"19":0,"20":0,"21":0,"22":0,"23":0,"24":0,"25":0,"26":0,"27":0,"28":0,"29":0,"30":0,"31":0,"32":0,"33":0,"34":0,"35":0,"36":0,"37":1,"38":0,"39":0,"40":0,"41":0,"42":0,"43":0,"44":0,"45":0,"46":0,"47":0,"48":0},"f":{"0":0,"1":0,"2":0,"3":0},"b":{"0":[0,0],"1":[0,0],"2":[0,0],"3":[0,0]},"_coverageSchema":"1a1c01bbd47fc00a2c39e90264f33305004495a9","hash":"5b50e08bb7447472aab7f545fa09071bd493a1de"}
,"C:\\Users\\nkryvous\\Desktop\\Maksym\\my_restaurant\\budget\\operationWithBudget.js": {"path":"C:\\Users\\nkryvous\\Desktop\\Maksym\\my_restaurant\\budget\\operationWithBudget.js","statementMap":{"0":{"start":{"line":1,"column":25},"end":{"line":1,"column":54}},"1":{"start":{"line":2,"column":13},"end":{"line":2,"column":36}},"2":{"start":{"line":3,"column":11},"end":{"line":3,"column":24}},"3":{"start":{"line":4,"column":14},"end":{"line":4,"column":60}},"4":{"start":{"line":5,"column":25},"end":{"line":5,"column":61}},"5":{"start":{"line":6,"column":30},"end":{"line":6,"column":71}},"6":{"start":{"line":7,"column":26},"end":{"line":7,"column":72}},"7":{"start":{"line":8,"column":23},"end":{"line":8,"column":66}},"8":{"start":{"line":11,"column":0},"end":{"line":44,"column":1}},"9":{"start":{"line":14,"column":17},"end":{"line":14,"column":70}},"10":{"start":{"line":17,"column":4},"end":{"line":17,"column":82}},"11":{"start":{"line":18,"column":4},"end":{"line":18,"column":33}},"12":{"start":{"line":24,"column":4},"end":{"line":30,"column":5}},"13":{"start":{"line":29,"column":8},"end":{"line":29,"column":85}},"14":{"start":{"line":36,"column":4},"end":{"line":36,"column":38}},"15":{"start":{"line":40,"column":4},"end":{"line":40,"column":85}},"16":{"start":{"line":41,"column":4},"end":{"line":41,"column":33}},"17":{"start":{"line":43,"column":4},"end":{"line":43,"column":15}},"18":{"start":{"line":47,"column":0},"end":{"line":57,"column":1}},"19":{"start":{"line":50,"column":4},"end":{"line":50,"column":97}},"20":{"start":{"line":53,"column":4},"end":{"line":53,"column":63}},"21":{"start":{"line":56,"column":4},"end":{"line":56,"column":38}},"22":{"start":{"line":60,"column":0},"end":{"line":71,"column":1}},"23":{"start":{"line":64,"column":4},"end":{"line":64,"column":99}},"24":{"start":{"line":67,"column":4},"end":{"line":67,"column":63}},"25":{"start":{"line":70,"column":4},"end":{"line":70,"column":38}},"26":{"start":{"line":74,"column":0},"end":{"line":84,"column":1}},"27":{"start":{"line":77,"column":4},"end":{"line":83,"column":5}},"28":{"start":{"line":81,"column":8},"end":{"line":81,"column":48}},"29":{"start":{"line":82,"column":8},"end":{"line":82,"column":20}},"30":{"start":{"line":88,"column":0},"end":{"line":98,"column":1}},"31":{"start":{"line":91,"column":4},"end":{"line":91,"column":85}},"32":{"start":{"line":97,"column":4},"end":{"line":97,"column":46}},"33":{"start":{"line":102,"column":0},"end":{"line":112,"column":1}},"34":{"start":{"line":105,"column":4},"end":{"line":105,"column":80}},"35":{"start":{"line":111,"column":4},"end":{"line":111,"column":46}},"36":{"start":{"line":114,"column":0},"end":{"line":117,"column":1}},"37":{"start":{"line":115,"column":14},"end":{"line":115,"column":42}},"38":{"start":{"line":116,"column":4},"end":{"line":116,"column":40}},"39":{"start":{"line":119,"column":0},"end":{"line":133,"column":1}},"40":{"start":{"line":120,"column":4},"end":{"line":123,"column":5}},"41":{"start":{"line":121,"column":8},"end":{"line":121,"column":41}},"42":{"start":{"line":122,"column":8},"end":{"line":122,"column":121}},"43":{"start":{"line":124,"column":4},"end":{"line":128,"column":5}},"44":{"start":{"line":125,"column":8},"end":{"line":125,"column":42}},"45":{"start":{"line":126,"column":8},"end":{"line":126,"column":121}},"46":{"start":{"line":129,"column":4},"end":{"line":132,"column":5}},"47":{"start":{"line":130,"column":8},"end":{"line":130,"column":42}},"48":{"start":{"line":131,"column":8},"end":{"line":131,"column":121}}},"fnMap":{"0":{"name":"Calculate","decl":{"start":{"line":11,"column":36},"end":{"line":11,"column":45}},"loc":{"start":{"line":11,"column":48},"end":{"line":44,"column":1}},"line":11},"1":{"name":"removeFromBudget","decl":{"start":{"line":47,"column":43},"end":{"line":47,"column":59}},"loc":{"start":{"line":47,"column":67},"end":{"line":57,"column":1}},"line":47},"2":{"name":"addToBudget","decl":{"start":{"line":60,"column":38},"end":{"line":60,"column":49}},"loc":{"start":{"line":60,"column":57},"end":{"line":71,"column":1}},"line":60},"3":{"name":"checkBudgetForBankruptcy","decl":{"start":{"line":74,"column":51},"end":{"line":74,"column":75}},"loc":{"start":{"line":74,"column":78},"end":{"line":84,"column":1}},"line":74},"4":{"name":"_removeFromBudget","decl":{"start":{"line":88,"column":44},"end":{"line":88,"column":61}},"loc":{"start":{"line":88,"column":69},"end":{"line":98,"column":1}},"line":88},"5":{"name":"_addToBudget","decl":{"start":{"line":102,"column":39},"end":{"line":102,"column":51}},"loc":{"start":{"line":102,"column":59},"end":{"line":112,"column":1}},"line":102},"6":{"name":"(anonymous_6)","decl":{"start":{"line":114,"column":33},"end":{"line":114,"column":34}},"loc":{"start":{"line":114,"column":57},"end":{"line":117,"column":1}},"line":114},"7":{"name":"(anonymous_7)","decl":{"start":{"line":119,"column":40},"end":{"line":119,"column":41}},"loc":{"start":{"line":119,"column":58},"end":{"line":133,"column":1}},"line":119}},"branchMap":{"0":{"loc":{"start":{"line":24,"column":4},"end":{"line":30,"column":5}},"type":"if","locations":[{"start":{"line":24,"column":4},"end":{"line":30,"column":5}},{"start":{"line":26,"column":11},"end":{"line":30,"column":5}}],"line":24},"1":{"loc":{"start":{"line":77,"column":4},"end":{"line":83,"column":5}},"type":"if","locations":[{"start":{"line":77,"column":4},"end":{"line":83,"column":5}},{"start":{},"end":{}}],"line":77},"2":{"loc":{"start":{"line":115,"column":23},"end":{"line":115,"column":33}},"type":"binary-expr","locations":[{"start":{"line":115,"column":23},"end":{"line":115,"column":27}},{"start":{"line":115,"column":31},"end":{"line":115,"column":33}}],"line":115},"3":{"loc":{"start":{"line":120,"column":4},"end":{"line":123,"column":5}},"type":"if","locations":[{"start":{"line":120,"column":4},"end":{"line":123,"column":5}},{"start":{},"end":{}}],"line":120},"4":{"loc":{"start":{"line":124,"column":4},"end":{"line":128,"column":5}},"type":"if","locations":[{"start":{"line":124,"column":4},"end":{"line":128,"column":5}},{"start":{},"end":{}}],"line":124},"5":{"loc":{"start":{"line":129,"column":4},"end":{"line":132,"column":5}},"type":"if","locations":[{"start":{"line":129,"column":4},"end":{"line":132,"column":5}},{"start":{},"end":{}}],"line":129}},"s":{"0":1,"1":1,"2":1,"3":1,"4":1,"5":1,"6":1,"7":1,"8":1,"9":0,"10":0,"11":0,"12":0,"13":0,"14":0,"15":0,"16":0,"17":0,"18":1,"19":0,"20":0,"21":0,"22":1,"23":0,"24":0,"25":0,"26":1,"27":0,"28":0,"29":0,"30":1,"31":0,"32":0,"33":1,"34":0,"35":0,"36":1,"37":0,"38":0,"39":1,"40":0,"41":0,"42":0,"43":0,"44":0,"45":0,"46":0,"47":0,"48":0},"f":{"0":0,"1":0,"2":0,"3":0,"4":0,"5":0,"6":0,"7":0},"b":{"0":[0,0],"1":[0,0],"2":[0,0],"3":[0,0],"4":[0,0],"5":[0,0]},"_coverageSchema":"1a1c01bbd47fc00a2c39e90264f33305004495a9","hash":"b1119a4aaaa4de92822aace1b04f8a1a1aa29f38"}
,"C:\\Users\\nkryvous\\Desktop\\Maksym\\my_restaurant\\budget\\restaurantBudget.js": {"path":"C:\\Users\\nkryvous\\Desktop\\Maksym\\my_restaurant\\budget\\restaurantBudget.js","statementMap":{"0":{"start":{"line":1,"column":11},"end":{"line":1,"column":24}},"1":{"start":{"line":4,"column":13},"end":{"line":4,"column":65}},"2":{"start":{"line":7,"column":0},"end":{"line":7,"column":51}}},"fnMap":{},"branchMap":{},"s":{"0":1,"1":1,"2":1},"f":{},"b":{},"_coverageSchema":"1a1c01bbd47fc00a2c39e90264f33305004495a9","hash":"ddc1b2936d21df3d7a74b7c3000bf232b52af7fe"}
,"C:\\Users\\nkryvous\\Desktop\\Maksym\\my_restaurant\\menu\\baseIngradients.js": {"path":"C:\\Users\\nkryvous\\Desktop\\Maksym\\my_restaurant\\menu\\baseIngradients.js","statementMap":{"0":{"start":{"line":1,"column":11},"end":{"line":1,"column":24}},"1":{"start":{"line":6,"column":22},"end":{"line":6,"column":73}},"2":{"start":{"line":9,"column":0},"end":{"line":9,"column":79}}},"fnMap":{},"branchMap":{},"s":{"0":1,"1":1,"2":1},"f":{},"b":{},"_coverageSchema":"1a1c01bbd47fc00a2c39e90264f33305004495a9","hash":"fe375b51ee460be11d960423b4f38c1e4d44f814"}
,"C:\\Users\\nkryvous\\Desktop\\Maksym\\my_restaurant\\menu\\getIngradients.js": {"path":"C:\\Users\\nkryvous\\Desktop\\Maksym\\my_restaurant\\menu\\getIngradients.js","statementMap":{"0":{"start":{"line":1,"column":27},"end":{"line":1,"column":58}},"1":{"start":{"line":2,"column":24},"end":{"line":2,"column":52}},"2":{"start":{"line":3,"column":19},"end":{"line":3,"column":53}},"3":{"start":{"line":6,"column":23},"end":{"line":6,"column":25}},"4":{"start":{"line":11,"column":22},"end":{"line":11,"column":65}},"5":{"start":{"line":13,"column":4},"end":{"line":25,"column":5}},"6":{"start":{"line":13,"column":17},"end":{"line":13,"column":18}},"7":{"start":{"line":16,"column":8},"end":{"line":19,"column":9}},"8":{"start":{"line":18,"column":12},"end":{"line":18,"column":45}},"9":{"start":{"line":21,"column":8},"end":{"line":24,"column":9}},"10":{"start":{"line":23,"column":12},"end":{"line":23,"column":49}},"11":{"start":{"line":27,"column":4},"end":{"line":27,"column":27}},"12":{"start":{"line":31,"column":0},"end":{"line":40,"column":1}},"13":{"start":{"line":33,"column":17},"end":{"line":33,"column":40}},"14":{"start":{"line":37,"column":4},"end":{"line":37,"column":25}},"15":{"start":{"line":39,"column":4},"end":{"line":39,"column":17}},"16":{"start":{"line":43,"column":0},"end":{"line":69,"column":1}},"17":{"start":{"line":45,"column":27},"end":{"line":45,"column":29}},"18":{"start":{"line":46,"column":26},"end":{"line":46,"column":28}},"19":{"start":{"line":48,"column":22},"end":{"line":48,"column":65}},"20":{"start":{"line":50,"column":4},"end":{"line":60,"column":5}},"21":{"start":{"line":50,"column":17},"end":{"line":50,"column":18}},"22":{"start":{"line":52,"column":8},"end":{"line":55,"column":9}},"23":{"start":{"line":54,"column":12},"end":{"line":54,"column":49}},"24":{"start":{"line":56,"column":8},"end":{"line":59,"column":9}},"25":{"start":{"line":58,"column":12},"end":{"line":58,"column":48}},"26":{"start":{"line":62,"column":4},"end":{"line":68,"column":5}},"27":{"start":{"line":64,"column":8},"end":{"line":64,"column":50}},"28":{"start":{"line":67,"column":8},"end":{"line":67,"column":50}}},"fnMap":{"0":{"name":"getAllIngradients","decl":{"start":{"line":9,"column":9},"end":{"line":9,"column":26}},"loc":{"start":{"line":9,"column":33},"end":{"line":28,"column":1}},"line":9},"1":{"name":"ingradients","decl":{"start":{"line":31,"column":38},"end":{"line":31,"column":49}},"loc":{"start":{"line":31,"column":56},"end":{"line":40,"column":1}},"line":31},"2":{"name":"getReadyMeals","decl":{"start":{"line":43,"column":40},"end":{"line":43,"column":53}},"loc":{"start":{"line":43,"column":60},"end":{"line":69,"column":1}},"line":43}},"branchMap":{"0":{"loc":{"start":{"line":16,"column":8},"end":{"line":19,"column":9}},"type":"if","locations":[{"start":{"line":16,"column":8},"end":{"line":19,"column":9}},{"start":{},"end":{}}],"line":16},"1":{"loc":{"start":{"line":21,"column":8},"end":{"line":24,"column":9}},"type":"if","locations":[{"start":{"line":21,"column":8},"end":{"line":24,"column":9}},{"start":{},"end":{}}],"line":21},"2":{"loc":{"start":{"line":52,"column":8},"end":{"line":55,"column":9}},"type":"if","locations":[{"start":{"line":52,"column":8},"end":{"line":55,"column":9}},{"start":{},"end":{}}],"line":52},"3":{"loc":{"start":{"line":56,"column":8},"end":{"line":59,"column":9}},"type":"if","locations":[{"start":{"line":56,"column":8},"end":{"line":59,"column":9}},{"start":{},"end":{}}],"line":56},"4":{"loc":{"start":{"line":62,"column":4},"end":{"line":68,"column":5}},"type":"if","locations":[{"start":{"line":62,"column":4},"end":{"line":68,"column":5}},{"start":{"line":65,"column":11},"end":{"line":68,"column":5}}],"line":62}},"s":{"0":1,"1":1,"2":1,"3":1,"4":0,"5":0,"6":0,"7":0,"8":0,"9":0,"10":0,"11":0,"12":1,"13":0,"14":0,"15":0,"16":1,"17":0,"18":0,"19":0,"20":0,"21":0,"22":0,"23":0,"24":0,"25":0,"26":0,"27":0,"28":0},"f":{"0":0,"1":0,"2":0},"b":{"0":[0,0],"1":[0,0],"2":[0,0],"3":[0,0],"4":[0,0]},"_coverageSchema":"1a1c01bbd47fc00a2c39e90264f33305004495a9","hash":"3e326b045e7cdddbfb95404228bc126ddcf8aaa6"}
,"C:\\Users\\nkryvous\\Desktop\\Maksym\\my_restaurant\\menu\\getPrice.js": {"path":"C:\\Users\\nkryvous\\Desktop\\Maksym\\my_restaurant\\menu\\getPrice.js","statementMap":{"0":{"start":{"line":1,"column":24},"end":{"line":1,"column":52}},"1":{"start":{"line":4,"column":12},"end":{"line":4,"column":13}},"2":{"start":{"line":8,"column":4},"end":{"line":17,"column":5}},"3":{"start":{"line":8,"column":17},"end":{"line":8,"column":18}},"4":{"start":{"line":10,"column":8},"end":{"line":16,"column":9}},"5":{"start":{"line":12,"column":12},"end":{"line":12,"column":75}},"6":{"start":{"line":14,"column":12},"end":{"line":14,"column":47}},"7":{"start":{"line":15,"column":12},"end":{"line":15,"column":24}},"8":{"start":{"line":19,"column":4},"end":{"line":19,"column":16}},"9":{"start":{"line":23,"column":0},"end":{"line":32,"column":1}},"10":{"start":{"line":25,"column":17},"end":{"line":25,"column":41}},"11":{"start":{"line":29,"column":4},"end":{"line":29,"column":13}},"12":{"start":{"line":31,"column":4},"end":{"line":31,"column":17}}},"fnMap":{"0":{"name":"getAllPrice","decl":{"start":{"line":6,"column":9},"end":{"line":6,"column":20}},"loc":{"start":{"line":6,"column":34},"end":{"line":20,"column":1}},"line":6},"1":{"name":"price","decl":{"start":{"line":23,"column":32},"end":{"line":23,"column":37}},"loc":{"start":{"line":23,"column":51},"end":{"line":32,"column":1}},"line":23}},"branchMap":{"0":{"loc":{"start":{"line":10,"column":8},"end":{"line":16,"column":9}},"type":"if","locations":[{"start":{"line":10,"column":8},"end":{"line":16,"column":9}},{"start":{"line":13,"column":15},"end":{"line":16,"column":9}}],"line":10}},"s":{"0":1,"1":1,"2":0,"3":0,"4":0,"5":0,"6":0,"7":0,"8":0,"9":1,"10":0,"11":0,"12":0},"f":{"0":0,"1":0},"b":{"0":[0,0]},"_coverageSchema":"1a1c01bbd47fc00a2c39e90264f33305004495a9","hash":"78b698b5c58f2a9cab7d2103472b82fee7e84589"}
,"C:\\Users\\nkryvous\\Desktop\\Maksym\\my_restaurant\\menu\\notBaseIngradients.js": {"path":"C:\\Users\\nkryvous\\Desktop\\Maksym\\my_restaurant\\menu\\notBaseIngradients.js","statementMap":{"0":{"start":{"line":1,"column":11},"end":{"line":1,"column":24}},"1":{"start":{"line":6,"column":25},"end":{"line":6,"column":80}},"2":{"start":{"line":9,"column":0},"end":{"line":9,"column":88}}},"fnMap":{},"branchMap":{},"s":{"0":1,"1":1,"2":1},"f":{},"b":{},"_coverageSchema":"1a1c01bbd47fc00a2c39e90264f33305004495a9","hash":"434a3ed87e2ae91c15ccc722e9e355d2bde99076"}
,"C:\\Users\\nkryvous\\Desktop\\Maksym\\my_restaurant\\output\\userInfo.js": {"path":"C:\\Users\\nkryvous\\Desktop\\Maksym\\my_restaurant\\output\\userInfo.js","statementMap":{"0":{"start":{"line":1,"column":13},"end":{"line":1,"column":36}},"1":{"start":{"line":2,"column":14},"end":{"line":2,"column":30}},"2":{"start":{"line":3,"column":31},"end":{"line":3,"column":77}},"3":{"start":{"line":4,"column":16},"end":{"line":4,"column":43}},"4":{"start":{"line":5,"column":28},"end":{"line":5,"column":68}},"5":{"start":{"line":6,"column":14},"end":{"line":6,"column":60}},"6":{"start":{"line":7,"column":28},"end":{"line":7,"column":68}},"7":{"start":{"line":8,"column":23},"end":{"line":8,"column":66}},"8":{"start":{"line":9,"column":25},"end":{"line":9,"column":62}},"9":{"start":{"line":10,"column":51},"end":{"line":10,"column":117}},"10":{"start":{"line":11,"column":38},"end":{"line":11,"column":91}},"11":{"start":{"line":12,"column":39},"end":{"line":12,"column":93}},"12":{"start":{"line":13,"column":22},"end":{"line":13,"column":55}},"13":{"start":{"line":14,"column":19},"end":{"line":14,"column":53}},"14":{"start":{"line":15,"column":26},"end":{"line":15,"column":72}},"15":{"start":{"line":16,"column":20},"end":{"line":16,"column":54}},"16":{"start":{"line":17,"column":11},"end":{"line":17,"column":24}},"17":{"start":{"line":18,"column":20},"end":{"line":18,"column":43}},"18":{"start":{"line":21,"column":0},"end":{"line":63,"column":1}},"19":{"start":{"line":24,"column":4},"end":{"line":24,"column":80}},"20":{"start":{"line":27,"column":4},"end":{"line":27,"column":46}},"21":{"start":{"line":30,"column":4},"end":{"line":30,"column":47}},"22":{"start":{"line":33,"column":4},"end":{"line":33,"column":51}},"23":{"start":{"line":36,"column":4},"end":{"line":36,"column":47}},"24":{"start":{"line":39,"column":4},"end":{"line":39,"column":54}},"25":{"start":{"line":42,"column":4},"end":{"line":42,"column":60}},"26":{"start":{"line":44,"column":4},"end":{"line":44,"column":80}},"27":{"start":{"line":47,"column":4},"end":{"line":47,"column":61}},"28":{"start":{"line":50,"column":4},"end":{"line":54,"column":5}},"29":{"start":{"line":51,"column":8},"end":{"line":51,"column":74}},"30":{"start":{"line":53,"column":8},"end":{"line":53,"column":73}},"31":{"start":{"line":57,"column":19},"end":{"line":57,"column":34}},"32":{"start":{"line":59,"column":4},"end":{"line":59,"column":80}},"33":{"start":{"line":62,"column":4},"end":{"line":62,"column":160}},"34":{"start":{"line":66,"column":0},"end":{"line":111,"column":1}},"35":{"start":{"line":69,"column":19},"end":{"line":69,"column":34}},"36":{"start":{"line":72,"column":17},"end":{"line":72,"column":50}},"37":{"start":{"line":75,"column":4},"end":{"line":110,"column":5}},"38":{"start":{"line":78,"column":8},"end":{"line":78,"column":64}},"39":{"start":{"line":79,"column":8},"end":{"line":79,"column":25}},"40":{"start":{"line":82,"column":8},"end":{"line":82,"column":41}},"41":{"start":{"line":89,"column":8},"end":{"line":103,"column":9}},"42":{"start":{"line":91,"column":12},"end":{"line":91,"column":46}},"43":{"start":{"line":93,"column":12},"end":{"line":93,"column":32}},"44":{"start":{"line":96,"column":24},"end":{"line":96,"column":59}},"45":{"start":{"line":97,"column":12},"end":{"line":97,"column":54}},"46":{"start":{"line":100,"column":12},"end":{"line":100,"column":63}},"47":{"start":{"line":102,"column":12},"end":{"line":102,"column":49}},"48":{"start":{"line":107,"column":8},"end":{"line":107,"column":80}},"49":{"start":{"line":109,"column":8},"end":{"line":109,"column":66}},"50":{"start":{"line":114,"column":0},"end":{"line":125,"column":1}},"51":{"start":{"line":116,"column":4},"end":{"line":124,"column":5}},"52":{"start":{"line":119,"column":8},"end":{"line":119,"column":36}},"53":{"start":{"line":123,"column":8},"end":{"line":123,"column":24}},"54":{"start":{"line":129,"column":0},"end":{"line":145,"column":1}},"55":{"start":{"line":130,"column":27},"end":{"line":130,"column":67}},"56":{"start":{"line":131,"column":20},"end":{"line":131,"column":114}},"57":{"start":{"line":133,"column":4},"end":{"line":142,"column":5}},"58":{"start":{"line":134,"column":8},"end":{"line":134,"column":30}},"59":{"start":{"line":135,"column":32},"end":{"line":135,"column":84}},"60":{"start":{"line":136,"column":8},"end":{"line":136,"column":57}},"61":{"start":{"line":137,"column":11},"end":{"line":142,"column":5}},"62":{"start":{"line":138,"column":8},"end":{"line":138,"column":36}},"63":{"start":{"line":139,"column":32},"end":{"line":139,"column":84}},"64":{"start":{"line":140,"column":8},"end":{"line":140,"column":56}},"65":{"start":{"line":158,"column":0},"end":{"line":169,"column":1}},"66":{"start":{"line":160,"column":4},"end":{"line":168,"column":5}},"67":{"start":{"line":163,"column":8},"end":{"line":163,"column":19}},"68":{"start":{"line":167,"column":8},"end":{"line":167,"column":20}},"69":{"start":{"line":172,"column":0},"end":{"line":205,"column":1}},"70":{"start":{"line":175,"column":4},"end":{"line":204,"column":5}},"71":{"start":{"line":178,"column":8},"end":{"line":178,"column":59}},"72":{"start":{"line":179,"column":8},"end":{"line":179,"column":19}},"73":{"start":{"line":186,"column":8},"end":{"line":190,"column":9}},"74":{"start":{"line":188,"column":12},"end":{"line":188,"column":46}},"75":{"start":{"line":197,"column":8},"end":{"line":197,"column":59}},"76":{"start":{"line":198,"column":8},"end":{"line":198,"column":37}},"77":{"start":{"line":203,"column":8},"end":{"line":203,"column":20}}},"fnMap":{"0":{"name":"StartInfoForUser","decl":{"start":{"line":21,"column":43},"end":{"line":21,"column":59}},"loc":{"start":{"line":21,"column":62},"end":{"line":63,"column":1}},"line":21},"1":{"name":"fullPayment","decl":{"start":{"line":66,"column":38},"end":{"line":66,"column":49}},"loc":{"start":{"line":66,"column":52},"end":{"line":111,"column":1}},"line":66},"2":{"name":"haveAllergy","decl":{"start":{"line":114,"column":38},"end":{"line":114,"column":49}},"loc":{"start":{"line":114,"column":52},"end":{"line":125,"column":1}},"line":114},"3":{"name":"budgetAfterPay","decl":{"start":{"line":129,"column":41},"end":{"line":129,"column":55}},"loc":{"start":{"line":129,"column":58},"end":{"line":145,"column":1}},"line":129},"4":{"name":"canBuy","decl":{"start":{"line":158,"column":33},"end":{"line":158,"column":39}},"loc":{"start":{"line":158,"column":42},"end":{"line":169,"column":1}},"line":158},"5":{"name":"start","decl":{"start":{"line":172,"column":32},"end":{"line":172,"column":37}},"loc":{"start":{"line":172,"column":40},"end":{"line":205,"column":1}},"line":172}},"branchMap":{"0":{"loc":{"start":{"line":50,"column":4},"end":{"line":54,"column":5}},"type":"if","locations":[{"start":{"line":50,"column":4},"end":{"line":54,"column":5}},{"start":{"line":52,"column":11},"end":{"line":54,"column":5}}],"line":50},"1":{"loc":{"start":{"line":75,"column":4},"end":{"line":110,"column":5}},"type":"if","locations":[{"start":{"line":75,"column":4},"end":{"line":110,"column":5}},{"start":{"line":105,"column":11},"end":{"line":110,"column":5}}],"line":75},"2":{"loc":{"start":{"line":89,"column":8},"end":{"line":103,"column":9}},"type":"if","locations":[{"start":{"line":89,"column":8},"end":{"line":103,"column":9}},{"start":{"line":94,"column":15},"end":{"line":103,"column":9}}],"line":89},"3":{"loc":{"start":{"line":116,"column":4},"end":{"line":124,"column":5}},"type":"if","locations":[{"start":{"line":116,"column":4},"end":{"line":124,"column":5}},{"start":{"line":120,"column":11},"end":{"line":124,"column":5}}],"line":116},"4":{"loc":{"start":{"line":133,"column":4},"end":{"line":142,"column":5}},"type":"if","locations":[{"start":{"line":133,"column":4},"end":{"line":142,"column":5}},{"start":{"line":137,"column":11},"end":{"line":142,"column":5}}],"line":133},"5":{"loc":{"start":{"line":137,"column":11},"end":{"line":142,"column":5}},"type":"if","locations":[{"start":{"line":137,"column":11},"end":{"line":142,"column":5}},{"start":{},"end":{}}],"line":137},"6":{"loc":{"start":{"line":160,"column":4},"end":{"line":168,"column":5}},"type":"if","locations":[{"start":{"line":160,"column":4},"end":{"line":168,"column":5}},{"start":{"line":164,"column":11},"end":{"line":168,"column":5}}],"line":160},"7":{"loc":{"start":{"line":175,"column":4},"end":{"line":204,"column":5}},"type":"if","locations":[{"start":{"line":175,"column":4},"end":{"line":204,"column":5}},{"start":{"line":180,"column":11},"end":{"line":204,"column":5}}],"line":175},"8":{"loc":{"start":{"line":175,"column":8},"end":{"line":175,"column":70}},"type":"binary-expr","locations":[{"start":{"line":175,"column":8},"end":{"line":175,"column":42}},{"start":{"line":175,"column":46},"end":{"line":175,"column":70}}],"line":175},"9":{"loc":{"start":{"line":186,"column":8},"end":{"line":190,"column":9}},"type":"if","locations":[{"start":{"line":186,"column":8},"end":{"line":190,"column":9}},{"start":{},"end":{}}],"line":186},"10":{"loc":{"start":{"line":186,"column":12},"end":{"line":186,"column":75}},"type":"binary-expr","locations":[{"start":{"line":186,"column":12},"end":{"line":186,"column":47}},{"start":{"line":186,"column":51},"end":{"line":186,"column":75}}],"line":186}},"s":{"0":1,"1":1,"2":1,"3":1,"4":1,"5":1,"6":1,"7":1,"8":1,"9":1,"10":1,"11":1,"12":1,"13":1,"14":1,"15":1,"16":1,"17":1,"18":1,"19":0,"20":0,"21":0,"22":0,"23":0,"24":0,"25":0,"26":0,"27":0,"28":0,"29":0,"30":0,"31":0,"32":0,"33":0,"34":1,"35":0,"36":0,"37":0,"38":0,"39":0,"40":0,"41":0,"42":0,"43":0,"44":0,"45":0,"46":0,"47":0,"48":0,"49":0,"50":1,"51":0,"52":0,"53":0,"54":1,"55":1,"56":1,"57":1,"58":1,"59":1,"60":1,"61":0,"62":0,"63":0,"64":0,"65":1,"66":0,"67":0,"68":0,"69":1,"70":0,"71":0,"72":0,"73":0,"74":0,"75":0,"76":0,"77":0},"f":{"0":0,"1":0,"2":0,"3":1,"4":0,"5":0},"b":{"0":[0,0],"1":[0,0],"2":[0,0],"3":[0,0],"4":[1,0],"5":[0,0],"6":[0,0],"7":[0,0],"8":[0,0],"9":[0,0],"10":[0,0]},"_coverageSchema":"1a1c01bbd47fc00a2c39e90264f33305004495a9","hash":"a6e39972b62fb4f71c41f9c70a7a836f934e0e18"}
,"C:\\Users\\nkryvous\\Desktop\\Maksym\\my_restaurant\\restaurantLogs\\audit.js": {"path":"C:\\Users\\nkryvous\\Desktop\\Maksym\\my_restaurant\\restaurantLogs\\audit.js","statementMap":{"0":{"start":{"line":1,"column":11},"end":{"line":1,"column":24}},"1":{"start":{"line":2,"column":22},"end":{"line":2,"column":50}},"2":{"start":{"line":3,"column":28},"end":{"line":3,"column":99}},"3":{"start":{"line":8,"column":8},"end":{"line":8,"column":28}},"4":{"start":{"line":11,"column":11},"end":{"line":22,"column":5}},"5":{"start":{"line":13,"column":12},"end":{"line":19,"column":13}},"6":{"start":{"line":21,"column":8},"end":{"line":21,"column":49}},"7":{"start":{"line":24,"column":10},"end":{"line":32,"column":5}},"8":{"start":{"line":26,"column":23},"end":{"line":26,"column":139}},"9":{"start":{"line":28,"column":24},"end":{"line":30,"column":18}},"10":{"start":{"line":31,"column":8},"end":{"line":31,"column":49}},"11":{"start":{"line":34,"column":17},"end":{"line":53,"column":5}},"12":{"start":{"line":35,"column":8},"end":{"line":35,"column":20}},"13":{"start":{"line":36,"column":8},"end":{"line":36,"column":36}},"14":{"start":{"line":38,"column":8},"end":{"line":50,"column":10}},"15":{"start":{"line":39,"column":30},"end":{"line":39,"column":105}},"16":{"start":{"line":41,"column":12},"end":{"line":49,"column":13}},"17":{"start":{"line":43,"column":20},"end":{"line":46,"column":50}},"18":{"start":{"line":48,"column":12},"end":{"line":48,"column":53}},"19":{"start":{"line":51,"column":36},"end":{"line":51,"column":92}},"20":{"start":{"line":52,"column":8},"end":{"line":52,"column":38}},"21":{"start":{"line":55,"column":17},"end":{"line":57,"column":5}},"22":{"start":{"line":56,"column":8},"end":{"line":56,"column":35}},"23":{"start":{"line":60,"column":14},"end":{"line":60,"column":25}},"24":{"start":{"line":62,"column":0},"end":{"line":62,"column":23}}},"fnMap":{"0":{"name":"(anonymous_0)","decl":{"start":{"line":7,"column":4},"end":{"line":7,"column":5}},"loc":{"start":{"line":7,"column":18},"end":{"line":9,"column":5}},"line":7},"1":{"name":"(anonymous_1)","decl":{"start":{"line":11,"column":11},"end":{"line":11,"column":12}},"loc":{"start":{"line":11,"column":17},"end":{"line":22,"column":5}},"line":11},"2":{"name":"(anonymous_2)","decl":{"start":{"line":24,"column":10},"end":{"line":24,"column":11}},"loc":{"start":{"line":24,"column":35},"end":{"line":32,"column":5}},"line":24},"3":{"name":"(anonymous_3)","decl":{"start":{"line":34,"column":17},"end":{"line":34,"column":18}},"loc":{"start":{"line":34,"column":26},"end":{"line":53,"column":5}},"line":34},"4":{"name":"(anonymous_4)","decl":{"start":{"line":38,"column":31},"end":{"line":38,"column":32}},"loc":{"start":{"line":38,"column":40},"end":{"line":50,"column":9}},"line":38},"5":{"name":"(anonymous_5)","decl":{"start":{"line":55,"column":17},"end":{"line":55,"column":18}},"loc":{"start":{"line":55,"column":28},"end":{"line":57,"column":5}},"line":55}},"branchMap":{"0":{"loc":{"start":{"line":26,"column":23},"end":{"line":26,"column":139}},"type":"cond-expr","locations":[{"start":{"line":26,"column":83},"end":{"line":26,"column":135}},{"start":{"line":26,"column":138},"end":{"line":26,"column":139}}],"line":26},"1":{"loc":{"start":{"line":39,"column":30},"end":{"line":39,"column":105}},"type":"cond-expr","locations":[{"start":{"line":39,"column":59},"end":{"line":39,"column":81}},{"start":{"line":39,"column":84},"end":{"line":39,"column":105}}],"line":39},"2":{"loc":{"start":{"line":41,"column":12},"end":{"line":49,"column":13}},"type":"if","locations":[{"start":{"line":41,"column":12},"end":{"line":49,"column":13}},{"start":{},"end":{}}],"line":41}},"s":{"0":1,"1":1,"2":1,"3":1,"4":1,"5":0,"6":0,"7":1,"8":0,"9":0,"10":0,"11":1,"12":0,"13":0,"14":0,"15":0,"16":0,"17":0,"18":0,"19":0,"20":0,"21":1,"22":0,"23":1,"24":1},"f":{"0":1,"1":0,"2":0,"3":0,"4":0,"5":0},"b":{"0":[0,0],"1":[0,0],"2":[0,0]},"_coverageSchema":"1a1c01bbd47fc00a2c39e90264f33305004495a9","hash":"46925a48fc97f3b59a505658b96df7973631118b"}
,"C:\\Users\\nkryvous\\Desktop\\Maksym\\my_restaurant\\restaurantLogs\\logs.js": {"path":"C:\\Users\\nkryvous\\Desktop\\Maksym\\my_restaurant\\restaurantLogs\\logs.js","statementMap":{"0":{"start":{"line":1,"column":11},"end":{"line":1,"column":24}},"1":{"start":{"line":6,"column":15},"end":{"line":6,"column":55}},"2":{"start":{"line":9,"column":0},"end":{"line":9,"column":59}}},"fnMap":{},"branchMap":{},"s":{"0":1,"1":1,"2":1},"f":{},"b":{},"_coverageSchema":"1a1c01bbd47fc00a2c39e90264f33305004495a9","hash":"10e5db6eb69e4533ba3035cf46a07d6c34b99ec3"}
,"C:\\Users\\nkryvous\\Desktop\\Maksym\\my_restaurant\\restaurantLogs\\operationWithLogs.js": {"path":"C:\\Users\\nkryvous\\Desktop\\Maksym\\my_restaurant\\restaurantLogs\\operationWithLogs.js","statementMap":{"0":{"start":{"line":1,"column":11},"end":{"line":1,"column":24}},"1":{"start":{"line":2,"column":17},"end":{"line":2,"column":34}},"2":{"start":{"line":5,"column":0},"end":{"line":5,"column":31}},"3":{"start":{"line":8,"column":0},"end":{"line":15,"column":1}},"4":{"start":{"line":11,"column":4},"end":{"line":11,"column":28}},"5":{"start":{"line":14,"column":4},"end":{"line":14,"column":23}},"6":{"start":{"line":18,"column":0},"end":{"line":29,"column":1}},"7":{"start":{"line":21,"column":4},"end":{"line":21,"column":33}},"8":{"start":{"line":24,"column":4},"end":{"line":24,"column":27}},"9":{"start":{"line":28,"column":4},"end":{"line":28,"column":30}},"10":{"start":{"line":32,"column":0},"end":{"line":37,"column":1}},"11":{"start":{"line":35,"column":17},"end":{"line":35,"column":45}},"12":{"start":{"line":36,"column":4},"end":{"line":36,"column":59}},"13":{"start":{"line":40,"column":0},"end":{"line":50,"column":1}},"14":{"start":{"line":43,"column":17},"end":{"line":43,"column":44}},"15":{"start":{"line":44,"column":4},"end":{"line":44,"column":32}},"16":{"start":{"line":46,"column":4},"end":{"line":46,"column":23}},"17":{"start":{"line":49,"column":4},"end":{"line":49,"column":17}},"18":{"start":{"line":53,"column":0},"end":{"line":57,"column":1}},"19":{"start":{"line":56,"column":4},"end":{"line":56,"column":51}}},"fnMap":{"0":{"name":"addLogs","decl":{"start":{"line":8,"column":34},"end":{"line":8,"column":41}},"loc":{"start":{"line":8,"column":49},"end":{"line":15,"column":1}},"line":8},"1":{"name":"writeLogs","decl":{"start":{"line":18,"column":36},"end":{"line":18,"column":45}},"loc":{"start":{"line":18,"column":48},"end":{"line":29,"column":1}},"line":18},"2":{"name":"writeFile_writeLogs","decl":{"start":{"line":32,"column":46},"end":{"line":32,"column":65}},"loc":{"start":{"line":32,"column":67},"end":{"line":37,"column":1}},"line":32},"3":{"name":"showLogs","decl":{"start":{"line":40,"column":35},"end":{"line":40,"column":43}},"loc":{"start":{"line":40,"column":46},"end":{"line":50,"column":1}},"line":40},"4":{"name":"readFile_showLogs","decl":{"start":{"line":53,"column":44},"end":{"line":53,"column":61}},"loc":{"start":{"line":53,"column":63},"end":{"line":57,"column":1}},"line":53}},"branchMap":{},"s":{"0":1,"1":1,"2":1,"3":1,"4":0,"5":0,"6":1,"7":0,"8":0,"9":0,"10":1,"11":0,"12":0,"13":1,"14":0,"15":0,"16":0,"17":0,"18":1,"19":0},"f":{"0":0,"1":0,"2":0,"3":0,"4":0},"b":{},"_coverageSchema":"1a1c01bbd47fc00a2c39e90264f33305004495a9","hash":"7679e370aea6667c9bdbcffa2e344acd9277f0ea"}
,"C:\\Users\\nkryvous\\Desktop\\Maksym\\my_restaurant\\services\\trashService.js": {"path":"C:\\Users\\nkryvous\\Desktop\\Maksym\\my_restaurant\\services\\trashService.js","statementMap":{"0":{"start":{"line":3,"column":8},"end":{"line":3,"column":30}},"1":{"start":{"line":4,"column":8},"end":{"line":4,"column":24}},"2":{"start":{"line":5,"column":8},"end":{"line":5,"column":27}},"3":{"start":{"line":8,"column":15},"end":{"line":10,"column":5}},"4":{"start":{"line":9,"column":8},"end":{"line":9,"column":26}},"5":{"start":{"line":12,"column":18},"end":{"line":14,"column":5}},"6":{"start":{"line":13,"column":8},"end":{"line":13,"column":30}},"7":{"start":{"line":16,"column":20},"end":{"line":18,"column":5}},"8":{"start":{"line":17,"column":8},"end":{"line":17,"column":49}},"9":{"start":{"line":20,"column":16},"end":{"line":22,"column":5}},"10":{"start":{"line":21,"column":8},"end":{"line":21,"column":36}},"11":{"start":{"line":24,"column":27},"end":{"line":29,"column":5}},"12":{"start":{"line":25,"column":27},"end":{"line":25,"column":48}},"13":{"start":{"line":26,"column":8},"end":{"line":28,"column":14}},"14":{"start":{"line":27,"column":12},"end":{"line":27,"column":48}},"15":{"start":{"line":31,"column":28},"end":{"line":35,"column":5}},"16":{"start":{"line":32,"column":22},"end":{"line":32,"column":52}},"17":{"start":{"line":33,"column":34},"end":{"line":33,"column":66}},"18":{"start":{"line":34,"column":8},"end":{"line":34,"column":59}},"19":{"start":{"line":37,"column":22},"end":{"line":43,"column":5}},"20":{"start":{"line":38,"column":25},"end":{"line":38,"column":57}},"21":{"start":{"line":39,"column":8},"end":{"line":42,"column":26}},"22":{"start":{"line":40,"column":12},"end":{"line":40,"column":40}},"23":{"start":{"line":42,"column":13},"end":{"line":42,"column":26}},"24":{"start":{"line":45,"column":17},"end":{"line":51,"column":5}},"25":{"start":{"line":46,"column":8},"end":{"line":50,"column":9}},"26":{"start":{"line":47,"column":12},"end":{"line":47,"column":82}},"27":{"start":{"line":49,"column":12},"end":{"line":49,"column":57}},"28":{"start":{"line":53,"column":14},"end":{"line":55,"column":5}},"29":{"start":{"line":54,"column":8},"end":{"line":54,"column":24}},"30":{"start":{"line":57,"column":21},"end":{"line":71,"column":5}},"31":{"start":{"line":58,"column":8},"end":{"line":68,"column":15}},"32":{"start":{"line":60,"column":34},"end":{"line":62,"column":18}},"33":{"start":{"line":61,"column":20},"end":{"line":61,"column":38}},"34":{"start":{"line":63,"column":16},"end":{"line":67,"column":17}},"35":{"start":{"line":64,"column":20},"end":{"line":64,"column":57}},"36":{"start":{"line":66,"column":20},"end":{"line":66,"column":56}},"37":{"start":{"line":70,"column":8},"end":{"line":70,"column":30}},"38":{"start":{"line":73,"column":19},"end":{"line":81,"column":5}},"39":{"start":{"line":74,"column":26},"end":{"line":74,"column":87}},"40":{"start":{"line":75,"column":8},"end":{"line":80,"column":9}},"41":{"start":{"line":76,"column":12},"end":{"line":76,"column":56}},"42":{"start":{"line":78,"column":12},"end":{"line":78,"column":56}},"43":{"start":{"line":79,"column":12},"end":{"line":79,"column":33}},"44":{"start":{"line":84,"column":21},"end":{"line":84,"column":39}},"45":{"start":{"line":86,"column":0},"end":{"line":86,"column":30}}},"fnMap":{"0":{"name":"(anonymous_0)","decl":{"start":{"line":2,"column":4},"end":{"line":2,"column":5}},"loc":{"start":{"line":2,"column":18},"end":{"line":6,"column":5}},"line":2},"1":{"name":"(anonymous_1)","decl":{"start":{"line":8,"column":15},"end":{"line":8,"column":16}},"loc":{"start":{"line":8,"column":21},"end":{"line":10,"column":5}},"line":8},"2":{"name":"(anonymous_2)","decl":{"start":{"line":12,"column":18},"end":{"line":12,"column":19}},"loc":{"start":{"line":12,"column":24},"end":{"line":14,"column":5}},"line":12},"3":{"name":"(anonymous_3)","decl":{"start":{"line":16,"column":20},"end":{"line":16,"column":21}},"loc":{"start":{"line":16,"column":34},"end":{"line":18,"column":5}},"line":16},"4":{"name":"(anonymous_4)","decl":{"start":{"line":20,"column":16},"end":{"line":20,"column":17}},"loc":{"start":{"line":20,"column":27},"end":{"line":22,"column":5}},"line":20},"5":{"name":"(anonymous_5)","decl":{"start":{"line":24,"column":27},"end":{"line":24,"column":28}},"loc":{"start":{"line":24,"column":38},"end":{"line":29,"column":5}},"line":24},"6":{"name":"(anonymous_6)","decl":{"start":{"line":26,"column":33},"end":{"line":26,"column":34}},"loc":{"start":{"line":26,"column":66},"end":{"line":28,"column":9}},"line":26},"7":{"name":"(anonymous_7)","decl":{"start":{"line":31,"column":28},"end":{"line":31,"column":29}},"loc":{"start":{"line":31,"column":67},"end":{"line":35,"column":5}},"line":31},"8":{"name":"(anonymous_8)","decl":{"start":{"line":37,"column":22},"end":{"line":37,"column":23}},"loc":{"start":{"line":37,"column":45},"end":{"line":43,"column":5}},"line":37},"9":{"name":"(anonymous_9)","decl":{"start":{"line":45,"column":17},"end":{"line":45,"column":18}},"loc":{"start":{"line":45,"column":49},"end":{"line":51,"column":5}},"line":45},"10":{"name":"(anonymous_10)","decl":{"start":{"line":53,"column":14},"end":{"line":53,"column":15}},"loc":{"start":{"line":53,"column":20},"end":{"line":55,"column":5}},"line":53},"11":{"name":"(anonymous_11)","decl":{"start":{"line":57,"column":21},"end":{"line":57,"column":22}},"loc":{"start":{"line":57,"column":27},"end":{"line":71,"column":5}},"line":57},"12":{"name":"(anonymous_12)","decl":{"start":{"line":59,"column":44},"end":{"line":59,"column":45}},"loc":{"start":{"line":59,"column":50},"end":{"line":68,"column":13}},"line":59},"13":{"name":"(anonymous_13)","decl":{"start":{"line":60,"column":67},"end":{"line":60,"column":68}},"loc":{"start":{"line":60,"column":74},"end":{"line":62,"column":17}},"line":60},"14":{"name":"(anonymous_14)","decl":{"start":{"line":73,"column":19},"end":{"line":73,"column":20}},"loc":{"start":{"line":73,"column":70},"end":{"line":81,"column":5}},"line":73}},"branchMap":{"0":{"loc":{"start":{"line":17,"column":15},"end":{"line":17,"column":48}},"type":"cond-expr","locations":[{"start":{"line":17,"column":33},"end":{"line":17,"column":43}},{"start":{"line":17,"column":46},"end":{"line":17,"column":48}}],"line":17},"1":{"loc":{"start":{"line":39,"column":8},"end":{"line":42,"column":26}},"type":"if","locations":[{"start":{"line":39,"column":8},"end":{"line":42,"column":26}},{"start":{"line":42,"column":13},"end":{"line":42,"column":26}}],"line":39},"2":{"loc":{"start":{"line":46,"column":8},"end":{"line":50,"column":9}},"type":"if","locations":[{"start":{"line":46,"column":8},"end":{"line":50,"column":9}},{"start":{"line":48,"column":15},"end":{"line":50,"column":9}}],"line":46},"3":{"loc":{"start":{"line":58,"column":8},"end":{"line":68,"column":14}},"type":"cond-expr","locations":[{"start":{"line":58,"column":46},"end":{"line":58,"column":100}},{"start":{"line":59,"column":12},"end":{"line":68,"column":14}}],"line":58},"4":{"loc":{"start":{"line":63,"column":16},"end":{"line":67,"column":17}},"type":"if","locations":[{"start":{"line":63,"column":16},"end":{"line":67,"column":17}},{"start":{"line":65,"column":23},"end":{"line":67,"column":17}}],"line":63},"5":{"loc":{"start":{"line":75,"column":8},"end":{"line":80,"column":9}},"type":"if","locations":[{"start":{"line":75,"column":8},"end":{"line":80,"column":9}},{"start":{"line":77,"column":15},"end":{"line":80,"column":9}}],"line":75}},"s":{"0":1,"1":1,"2":1,"3":1,"4":0,"5":1,"6":0,"7":1,"8":0,"9":1,"10":0,"11":1,"12":0,"13":0,"14":0,"15":1,"16":0,"17":0,"18":0,"19":1,"20":0,"21":0,"22":0,"23":0,"24":1,"25":0,"26":0,"27":0,"28":1,"29":0,"30":1,"31":0,"32":0,"33":0,"34":0,"35":0,"36":0,"37":0,"38":1,"39":0,"40":0,"41":0,"42":0,"43":0,"44":1,"45":1},"f":{"0":1,"1":0,"2":0,"3":0,"4":0,"5":0,"6":0,"7":0,"8":0,"9":0,"10":0,"11":0,"12":0,"13":0,"14":0},"b":{"0":[0,0],"1":[0,0],"2":[0,0],"3":[0,0],"4":[0,0],"5":[0,0]},"_coverageSchema":"1a1c01bbd47fc00a2c39e90264f33305004495a9","hash":"30828752fe3c1f1c541c6ed0173e6f4fde06ff85"}
,"C:\\Users\\nkryvous\\Desktop\\Maksym\\my_restaurant\\systemCommands\\systemCommands.js": {"path":"C:\\Users\\nkryvous\\Desktop\\Maksym\\my_restaurant\\systemCommands\\systemCommands.js","statementMap":{"0":{"start":{"line":1,"column":0},"end":{"line":8,"column":1}},"1":{"start":{"line":3,"column":4},"end":{"line":3,"column":53}},"2":{"start":{"line":4,"column":4},"end":{"line":4,"column":21}},"3":{"start":{"line":5,"column":4},"end":{"line":5,"column":53}},"4":{"start":{"line":6,"column":4},"end":{"line":6,"column":18}},"5":{"start":{"line":7,"column":4},"end":{"line":7,"column":15}}},"fnMap":{"0":{"name":"EXIT","decl":{"start":{"line":1,"column":31},"end":{"line":1,"column":35}},"loc":{"start":{"line":1,"column":42},"end":{"line":8,"column":1}},"line":1}},"branchMap":{},"s":{"0":1,"1":0,"2":0,"3":0,"4":0,"5":0},"f":{"0":0},"b":{},"_coverageSchema":"1a1c01bbd47fc00a2c39e90264f33305004495a9","hash":"1159c5f1993470ad8bb9df1d6fdf505860ea800e"}
,"C:\\Users\\nkryvous\\Desktop\\Maksym\\my_restaurant\\taxes\\operationWithDailyTax.js": {"path":"C:\\Users\\nkryvous\\Desktop\\Maksym\\my_restaurant\\taxes\\operationWithDailyTax.js","statementMap":{"0":{"start":{"line":1,"column":11},"end":{"line":1,"column":24}},"1":{"start":{"line":2,"column":15},"end":{"line":2,"column":52}},"2":{"start":{"line":3,"column":20},"end":{"line":3,"column":44}},"3":{"start":{"line":4,"column":33},"end":{"line":4,"column":70}},"4":{"start":{"line":5,"column":28},"end":{"line":5,"column":68}},"5":{"start":{"line":6,"column":25},"end":{"line":6,"column":62}},"6":{"start":{"line":7,"column":14},"end":{"line":7,"column":48}},"7":{"start":{"line":9,"column":0},"end":{"line":9,"column":44}},"8":{"start":{"line":10,"column":0},"end":{"line":10,"column":40}},"9":{"start":{"line":11,"column":0},"end":{"line":11,"column":46}},"10":{"start":{"line":14,"column":0},"end":{"line":24,"column":1}},"11":{"start":{"line":17,"column":4},"end":{"line":17,"column":39}},"12":{"start":{"line":20,"column":4},"end":{"line":20,"column":47}},"13":{"start":{"line":23,"column":4},"end":{"line":23,"column":30}},"14":{"start":{"line":27,"column":0},"end":{"line":38,"column":1}},"15":{"start":{"line":30,"column":4},"end":{"line":30,"column":37}},"16":{"start":{"line":32,"column":4},"end":{"line":32,"column":62}},"17":{"start":{"line":35,"column":4},"end":{"line":35,"column":23}},"18":{"start":{"line":37,"column":4},"end":{"line":37,"column":52}},"19":{"start":{"line":41,"column":0},"end":{"line":77,"column":1}},"20":{"start":{"line":44,"column":17},"end":{"line":44,"column":79}},"21":{"start":{"line":47,"column":16},"end":{"line":47,"column":39}},"22":{"start":{"line":50,"column":4},"end":{"line":76,"column":5}},"23":{"start":{"line":53,"column":8},"end":{"line":53,"column":62}},"24":{"start":{"line":55,"column":27},"end":{"line":57,"column":9}},"25":{"start":{"line":59,"column":8},"end":{"line":59,"column":37}},"26":{"start":{"line":61,"column":8},"end":{"line":61,"column":60}},"27":{"start":{"line":62,"column":8},"end":{"line":62,"column":84}},"28":{"start":{"line":65,"column":8},"end":{"line":65,"column":63}},"29":{"start":{"line":68,"column":8},"end":{"line":68,"column":30}},"30":{"start":{"line":72,"column":8},"end":{"line":72,"column":79}},"31":{"start":{"line":73,"column":8},"end":{"line":73,"column":84}},"32":{"start":{"line":75,"column":8},"end":{"line":75,"column":30}}},"fnMap":{"0":{"name":"openRestaurant","decl":{"start":{"line":14,"column":41},"end":{"line":14,"column":55}},"loc":{"start":{"line":14,"column":58},"end":{"line":24,"column":1}},"line":14},"1":{"name":"closeRestaurant","decl":{"start":{"line":27,"column":42},"end":{"line":27,"column":57}},"loc":{"start":{"line":27,"column":60},"end":{"line":38,"column":1}},"line":27},"2":{"name":"Calculate","decl":{"start":{"line":41,"column":36},"end":{"line":41,"column":45}},"loc":{"start":{"line":41,"column":48},"end":{"line":77,"column":1}},"line":41}},"branchMap":{"0":{"loc":{"start":{"line":50,"column":4},"end":{"line":76,"column":5}},"type":"if","locations":[{"start":{"line":50,"column":4},"end":{"line":76,"column":5}},{"start":{"line":69,"column":11},"end":{"line":76,"column":5}}],"line":50}},"s":{"0":1,"1":1,"2":1,"3":1,"4":1,"5":1,"6":1,"7":1,"8":1,"9":1,"10":1,"11":0,"12":0,"13":0,"14":1,"15":0,"16":0,"17":0,"18":0,"19":1,"20":0,"21":0,"22":0,"23":0,"24":0,"25":0,"26":0,"27":0,"28":0,"29":0,"30":0,"31":0,"32":0},"f":{"0":0,"1":0,"2":0},"b":{"0":[0,0]},"_coverageSchema":"1a1c01bbd47fc00a2c39e90264f33305004495a9","hash":"d521a9c5df3938f4c5f014dfdc23b8ea1ceb8c7f"}
,"C:\\Users\\nkryvous\\Desktop\\Maksym\\my_restaurant\\taxes\\operationWithPurchaseTax.js": {"path":"C:\\Users\\nkryvous\\Desktop\\Maksym\\my_restaurant\\taxes\\operationWithPurchaseTax.js","statementMap":{"0":{"start":{"line":1,"column":11},"end":{"line":1,"column":24}},"1":{"start":{"line":3,"column":30},"end":{"line":3,"column":64}},"2":{"start":{"line":4,"column":23},"end":{"line":4,"column":47}},"3":{"start":{"line":7,"column":0},"end":{"line":21,"column":1}},"4":{"start":{"line":10,"column":17},"end":{"line":10,"column":43}},"5":{"start":{"line":12,"column":4},"end":{"line":12,"column":27}},"6":{"start":{"line":14,"column":4},"end":{"line":14,"column":39}},"7":{"start":{"line":17,"column":4},"end":{"line":17,"column":35}},"8":{"start":{"line":20,"column":4},"end":{"line":20,"column":37}},"9":{"start":{"line":24,"column":0},"end":{"line":28,"column":1}},"10":{"start":{"line":27,"column":4},"end":{"line":27,"column":95}},"11":{"start":{"line":31,"column":0},"end":{"line":41,"column":1}},"12":{"start":{"line":34,"column":4},"end":{"line":34,"column":34}},"13":{"start":{"line":37,"column":4},"end":{"line":37,"column":40}},"14":{"start":{"line":40,"column":4},"end":{"line":40,"column":37}},"15":{"start":{"line":44,"column":0},"end":{"line":48,"column":1}},"16":{"start":{"line":47,"column":4},"end":{"line":47,"column":95}},"17":{"start":{"line":51,"column":0},"end":{"line":58,"column":1}},"18":{"start":{"line":54,"column":17},"end":{"line":54,"column":44}},"19":{"start":{"line":57,"column":4},"end":{"line":57,"column":40}},"20":{"start":{"line":61,"column":0},"end":{"line":65,"column":1}},"21":{"start":{"line":64,"column":4},"end":{"line":64,"column":58}}},"fnMap":{"0":{"name":"purchaseTax","decl":{"start":{"line":7,"column":38},"end":{"line":7,"column":49}},"loc":{"start":{"line":7,"column":56},"end":{"line":21,"column":1}},"line":7},"1":{"name":"purchaseTax","decl":{"start":{"line":24,"column":48},"end":{"line":24,"column":59}},"loc":{"start":{"line":24,"column":61},"end":{"line":28,"column":1}},"line":24},"2":{"name":"resetPurchaseTax","decl":{"start":{"line":31,"column":43},"end":{"line":31,"column":59}},"loc":{"start":{"line":31,"column":61},"end":{"line":41,"column":1}},"line":31},"3":{"name":"resetPurchaseTax","decl":{"start":{"line":44,"column":53},"end":{"line":44,"column":69}},"loc":{"start":{"line":44,"column":71},"end":{"line":48,"column":1}},"line":44},"4":{"name":"getTaxes","decl":{"start":{"line":51,"column":35},"end":{"line":51,"column":43}},"loc":{"start":{"line":51,"column":46},"end":{"line":58,"column":1}},"line":51},"5":{"name":"readFile_getTaxes","decl":{"start":{"line":61,"column":44},"end":{"line":61,"column":61}},"loc":{"start":{"line":61,"column":63},"end":{"line":65,"column":1}},"line":61}},"branchMap":{},"s":{"0":1,"1":1,"2":1,"3":1,"4":0,"5":0,"6":0,"7":0,"8":0,"9":1,"10":0,"11":1,"12":0,"13":0,"14":0,"15":1,"16":0,"17":1,"18":0,"19":0,"20":1,"21":0},"f":{"0":0,"1":0,"2":0,"3":0,"4":0,"5":0},"b":{},"_coverageSchema":"1a1c01bbd47fc00a2c39e90264f33305004495a9","hash":"02105632d9fe2744025190c5dee72c48bae9b98f"}
,"C:\\Users\\nkryvous\\Desktop\\Maksym\\my_restaurant\\taxes\\operationWithTax.js": {"path":"C:\\Users\\nkryvous\\Desktop\\Maksym\\my_restaurant\\taxes\\operationWithTax.js","statementMap":{"0":{"start":{"line":1,"column":33},"end":{"line":1,"column":70}},"1":{"start":{"line":2,"column":11},"end":{"line":2,"column":24}},"2":{"start":{"line":3,"column":12},"end":{"line":3,"column":28}},"3":{"start":{"line":4,"column":26},"end":{"line":4,"column":72}},"4":{"start":{"line":7,"column":0},"end":{"line":25,"column":1}},"5":{"start":{"line":10,"column":17},"end":{"line":10,"column":32}},"6":{"start":{"line":13,"column":4},"end":{"line":13,"column":73}},"7":{"start":{"line":16,"column":4},"end":{"line":16,"column":26}},"8":{"start":{"line":19,"column":4},"end":{"line":19,"column":55}},"9":{"start":{"line":20,"column":4},"end":{"line":20,"column":62}},"10":{"start":{"line":21,"column":4},"end":{"line":21,"column":80}},"11":{"start":{"line":24,"column":4},"end":{"line":24,"column":39}},"12":{"start":{"line":28,"column":0},"end":{"line":41,"column":1}},"13":{"start":{"line":31,"column":17},"end":{"line":31,"column":32}},"14":{"start":{"line":33,"column":4},"end":{"line":33,"column":61}},"15":{"start":{"line":36,"column":4},"end":{"line":36,"column":65}},"16":{"start":{"line":37,"column":4},"end":{"line":37,"column":33}},"17":{"start":{"line":40,"column":4},"end":{"line":40,"column":28}}},"fnMap":{"0":{"name":"withdrawTaxes","decl":{"start":{"line":7,"column":40},"end":{"line":7,"column":53}},"loc":{"start":{"line":7,"column":61},"end":{"line":25,"column":1}},"line":7},"1":{"name":"addTaxes","decl":{"start":{"line":28,"column":35},"end":{"line":28,"column":43}},"loc":{"start":{"line":28,"column":51},"end":{"line":41,"column":1}},"line":28}},"branchMap":{},"s":{"0":1,"1":1,"2":1,"3":1,"4":1,"5":0,"6":0,"7":0,"8":0,"9":0,"10":0,"11":0,"12":1,"13":0,"14":0,"15":0,"16":0,"17":0},"f":{"0":0,"1":0},"b":{},"_coverageSchema":"1a1c01bbd47fc00a2c39e90264f33305004495a9","hash":"180e3ff8f869ef79e92bba15e41b6134946a5d59"}
,"C:\\Users\\nkryvous\\Desktop\\Maksym\\my_restaurant\\taxes\\percent.js": {"path":"C:\\Users\\nkryvous\\Desktop\\Maksym\\my_restaurant\\taxes\\percent.js","statementMap":{"0":{"start":{"line":1,"column":11},"end":{"line":1,"column":24}},"1":{"start":{"line":4,"column":0},"end":{"line":8,"column":1}},"2":{"start":{"line":5,"column":18},"end":{"line":5,"column":61}},"3":{"start":{"line":7,"column":18},"end":{"line":7,"column":21}},"4":{"start":{"line":11,"column":0},"end":{"line":11,"column":54}}},"fnMap":{},"branchMap":{"0":{"loc":{"start":{"line":4,"column":0},"end":{"line":8,"column":1}},"type":"if","locations":[{"start":{"line":4,"column":0},"end":{"line":8,"column":1}},{"start":{"line":6,"column":5},"end":{"line":8,"column":1}}],"line":4}},"s":{"0":1,"1":1,"2":1,"3":0,"4":1},"f":{},"b":{"0":[1,0]},"_coverageSchema":"1a1c01bbd47fc00a2c39e90264f33305004495a9","hash":"76de499147bf7420bc250081dd58e9230ff933cc"}
,"C:\\Users\\nkryvous\\Desktop\\Maksym\\my_restaurant\\taxes\\purchaseTax.js": {"path":"C:\\Users\\nkryvous\\Desktop\\Maksym\\my_restaurant\\taxes\\purchaseTax.js","statementMap":{"0":{"start":{"line":1,"column":11},"end":{"line":1,"column":24}},"1":{"start":{"line":3,"column":18},"end":{"line":3,"column":65}},"2":{"start":{"line":5,"column":0},"end":{"line":5,"column":66}}},"fnMap":{},"branchMap":{},"s":{"0":1,"1":1,"2":1},"f":{},"b":{},"_coverageSchema":"1a1c01bbd47fc00a2c39e90264f33305004495a9","hash":"bdcba0e5427a32d635937fdcdab5cf17b0d91bef"}
,"C:\\Users\\nkryvous\\Desktop\\Maksym\\my_restaurant\\taxes\\tax.js": {"path":"C:\\Users\\nkryvous\\Desktop\\Maksym\\my_restaurant\\taxes\\tax.js","statementMap":{"0":{"start":{"line":1,"column":11},"end":{"line":1,"column":24}},"1":{"start":{"line":3,"column":0},"end":{"line":7,"column":1}},"2":{"start":{"line":4,"column":14},"end":{"line":4,"column":52}},"3":{"start":{"line":6,"column":14},"end":{"line":6,"column":17}},"4":{"start":{"line":9,"column":0},"end":{"line":9,"column":42}}},"fnMap":{},"branchMap":{"0":{"loc":{"start":{"line":3,"column":0},"end":{"line":7,"column":1}},"type":"if","locations":[{"start":{"line":3,"column":0},"end":{"line":7,"column":1}},{"start":{"line":5,"column":5},"end":{"line":7,"column":1}}],"line":3}},"s":{"0":1,"1":1,"2":1,"3":0,"4":1},"f":{},"b":{"0":[1,0]},"_coverageSchema":"1a1c01bbd47fc00a2c39e90264f33305004495a9","hash":"22d327bf1164b527c3c8d650718318ff75b5cf9a"}
,"C:\\Users\\nkryvous\\Desktop\\Maksym\\my_restaurant\\tips\\tips.js": {"path":"C:\\Users\\nkryvous\\Desktop\\Maksym\\my_restaurant\\tips\\tips.js","statementMap":{"0":{"start":{"line":1,"column":11},"end":{"line":1,"column":24}},"1":{"start":{"line":5,"column":8},"end":{"line":5,"column":25}},"2":{"start":{"line":9,"column":8},"end":{"line":9,"column":81}},"3":{"start":{"line":11,"column":8},"end":{"line":11,"column":28}},"4":{"start":{"line":15,"column":26},"end":{"line":15,"column":51}},"5":{"start":{"line":16,"column":8},"end":{"line":16,"column":25}},"6":{"start":{"line":20,"column":20},"end":{"line":20,"column":37}},"7":{"start":{"line":22,"column":0},"end":{"line":22,"column":29}}},"fnMap":{"0":{"name":"(anonymous_0)","decl":{"start":{"line":4,"column":4},"end":{"line":4,"column":5}},"loc":{"start":{"line":4,"column":18},"end":{"line":6,"column":5}},"line":4},"1":{"name":"(anonymous_1)","decl":{"start":{"line":8,"column":4},"end":{"line":8,"column":5}},"loc":{"start":{"line":8,"column":19},"end":{"line":12,"column":5}},"line":8},"2":{"name":"(anonymous_2)","decl":{"start":{"line":14,"column":4},"end":{"line":14,"column":5}},"loc":{"start":{"line":14,"column":28},"end":{"line":17,"column":5}},"line":14}},"branchMap":{"0":{"loc":{"start":{"line":9,"column":8},"end":{"line":9,"column":81}},"type":"cond-expr","locations":[{"start":{"line":9,"column":45},"end":{"line":9,"column":61}},{"start":{"line":9,"column":64},"end":{"line":9,"column":81}}],"line":9}},"s":{"0":1,"1":1,"2":0,"3":0,"4":0,"5":0,"6":1,"7":1},"f":{"0":1,"1":0,"2":0},"b":{"0":[0,0]},"_coverageSchema":"1a1c01bbd47fc00a2c39e90264f33305004495a9","hash":"4ecf10066cfecba84e6e5b715bb4f4d2c2c55e11"}
,"C:\\Users\\nkryvous\\Desktop\\Maksym\\my_restaurant\\user\\user.js": {"path":"C:\\Users\\nkryvous\\Desktop\\Maksym\\my_restaurant\\user\\user.js","statementMap":{"0":{"start":{"line":2,"column":0},"end":{"line":39,"column":1}},"1":{"start":{"line":5,"column":4},"end":{"line":5,"column":20}},"2":{"start":{"line":8,"column":4},"end":{"line":8,"column":24}},"3":{"start":{"line":11,"column":4},"end":{"line":11,"column":20}},"4":{"start":{"line":14,"column":4},"end":{"line":14,"column":26}},"5":{"start":{"line":17,"column":4},"end":{"line":17,"column":18}},"6":{"start":{"line":20,"column":4},"end":{"line":20,"column":25}},"7":{"start":{"line":23,"column":4},"end":{"line":23,"column":25}},"8":{"start":{"line":26,"column":4},"end":{"line":26,"column":27}},"9":{"start":{"line":29,"column":4},"end":{"line":29,"column":24}},"10":{"start":{"line":32,"column":4},"end":{"line":32,"column":24}},"11":{"start":{"line":35,"column":4},"end":{"line":35,"column":37}},"12":{"start":{"line":38,"column":4},"end":{"line":38,"column":40}},"13":{"start":{"line":45,"column":0},"end":{"line":47,"column":1}},"14":{"start":{"line":46,"column":4},"end":{"line":46,"column":20}},"15":{"start":{"line":49,"column":0},"end":{"line":51,"column":1}},"16":{"start":{"line":50,"column":4},"end":{"line":50,"column":20}},"17":{"start":{"line":53,"column":0},"end":{"line":55,"column":1}},"18":{"start":{"line":54,"column":4},"end":{"line":54,"column":22}},"19":{"start":{"line":57,"column":0},"end":{"line":59,"column":1}},"20":{"start":{"line":58,"column":4},"end":{"line":58,"column":24}},"21":{"start":{"line":61,"column":0},"end":{"line":63,"column":1}},"22":{"start":{"line":62,"column":4},"end":{"line":62,"column":20}},"23":{"start":{"line":65,"column":0},"end":{"line":67,"column":1}},"24":{"start":{"line":66,"column":4},"end":{"line":66,"column":20}},"25":{"start":{"line":69,"column":0},"end":{"line":71,"column":1}},"26":{"start":{"line":70,"column":4},"end":{"line":70,"column":23}},"27":{"start":{"line":73,"column":0},"end":{"line":75,"column":1}},"28":{"start":{"line":74,"column":4},"end":{"line":74,"column":26}},"29":{"start":{"line":77,"column":0},"end":{"line":79,"column":1}},"30":{"start":{"line":78,"column":4},"end":{"line":78,"column":22}},"31":{"start":{"line":81,"column":0},"end":{"line":83,"column":1}},"32":{"start":{"line":82,"column":4},"end":{"line":82,"column":21}},"33":{"start":{"line":85,"column":0},"end":{"line":87,"column":1}},"34":{"start":{"line":86,"column":4},"end":{"line":86,"column":34}},"35":{"start":{"line":89,"column":0},"end":{"line":91,"column":1}},"36":{"start":{"line":90,"column":4},"end":{"line":90,"column":27}},"37":{"start":{"line":93,"column":0},"end":{"line":95,"column":1}},"38":{"start":{"line":94,"column":4},"end":{"line":94,"column":34}},"39":{"start":{"line":97,"column":0},"end":{"line":99,"column":1}},"40":{"start":{"line":98,"column":4},"end":{"line":98,"column":27}},"41":{"start":{"line":101,"column":0},"end":{"line":104,"column":1}},"42":{"start":{"line":102,"column":4},"end":{"line":102,"column":40}},"43":{"start":{"line":103,"column":4},"end":{"line":103,"column":25}},"44":{"start":{"line":106,"column":0},"end":{"line":108,"column":1}},"45":{"start":{"line":107,"column":4},"end":{"line":107,"column":30}},"46":{"start":{"line":110,"column":0},"end":{"line":112,"column":1}},"47":{"start":{"line":111,"column":4},"end":{"line":111,"column":34}},"48":{"start":{"line":114,"column":0},"end":{"line":116,"column":1}},"49":{"start":{"line":115,"column":4},"end":{"line":115,"column":27}},"50":{"start":{"line":118,"column":0},"end":{"line":120,"column":1}},"51":{"start":{"line":119,"column":4},"end":{"line":119,"column":32}},"52":{"start":{"line":122,"column":0},"end":{"line":124,"column":1}},"53":{"start":{"line":123,"column":4},"end":{"line":123,"column":26}},"54":{"start":{"line":126,"column":0},"end":{"line":128,"column":1}},"55":{"start":{"line":127,"column":4},"end":{"line":127,"column":58}},"56":{"start":{"line":130,"column":0},"end":{"line":132,"column":1}},"57":{"start":{"line":131,"column":4},"end":{"line":131,"column":39}}},"fnMap":{"0":{"name":"User","decl":{"start":{"line":2,"column":31},"end":{"line":2,"column":35}},"loc":{"start":{"line":2,"column":65},"end":{"line":39,"column":1}},"line":2},"1":{"name":"getName","decl":{"start":{"line":45,"column":34},"end":{"line":45,"column":41}},"loc":{"start":{"line":45,"column":44},"end":{"line":47,"column":1}},"line":45},"2":{"name":"setName","decl":{"start":{"line":49,"column":34},"end":{"line":49,"column":41}},"loc":{"start":{"line":49,"column":48},"end":{"line":51,"column":1}},"line":49},"3":{"name":"getBudget","decl":{"start":{"line":53,"column":36},"end":{"line":53,"column":45}},"loc":{"start":{"line":53,"column":48},"end":{"line":55,"column":1}},"line":53},"4":{"name":"setBudget","decl":{"start":{"line":57,"column":36},"end":{"line":57,"column":45}},"loc":{"start":{"line":57,"column":54},"end":{"line":59,"column":1}},"line":57},"5":{"name":"getFood","decl":{"start":{"line":61,"column":34},"end":{"line":61,"column":41}},"loc":{"start":{"line":61,"column":44},"end":{"line":63,"column":1}},"line":61},"6":{"name":"setFood","decl":{"start":{"line":65,"column":34},"end":{"line":65,"column":41}},"loc":{"start":{"line":65,"column":48},"end":{"line":67,"column":1}},"line":65},"7":{"name":"getAllergy","decl":{"start":{"line":69,"column":37},"end":{"line":69,"column":47}},"loc":{"start":{"line":69,"column":50},"end":{"line":71,"column":1}},"line":69},"8":{"name":"setAllergy","decl":{"start":{"line":73,"column":37},"end":{"line":73,"column":47}},"loc":{"start":{"line":73,"column":57},"end":{"line":75,"column":1}},"line":73},"9":{"name":"setPrice","decl":{"start":{"line":77,"column":35},"end":{"line":77,"column":43}},"loc":{"start":{"line":77,"column":51},"end":{"line":79,"column":1}},"line":77},"10":{"name":"getPrice","decl":{"start":{"line":81,"column":35},"end":{"line":81,"column":43}},"loc":{"start":{"line":81,"column":46},"end":{"line":83,"column":1}},"line":81},"11":{"name":"setIngradients","decl":{"start":{"line":85,"column":41},"end":{"line":85,"column":55}},"loc":{"start":{"line":85,"column":69},"end":{"line":87,"column":1}},"line":85},"12":{"name":"getIngradients","decl":{"start":{"line":89,"column":41},"end":{"line":89,"column":55}},"loc":{"start":{"line":89,"column":58},"end":{"line":91,"column":1}},"line":89},"13":{"name":"setHaveAllergy","decl":{"start":{"line":93,"column":41},"end":{"line":93,"column":55}},"loc":{"start":{"line":93,"column":69},"end":{"line":95,"column":1}},"line":93},"14":{"name":"getHaveAllergy","decl":{"start":{"line":97,"column":41},"end":{"line":97,"column":55}},"loc":{"start":{"line":97,"column":58},"end":{"line":99,"column":1}},"line":97},"15":{"name":"setBudgetAfterPay","decl":{"start":{"line":101,"column":44},"end":{"line":101,"column":61}},"loc":{"start":{"line":101,"column":78},"end":{"line":104,"column":1}},"line":101},"16":{"name":"getBudgetAfterPay","decl":{"start":{"line":106,"column":44},"end":{"line":106,"column":61}},"loc":{"start":{"line":106,"column":64},"end":{"line":108,"column":1}},"line":106},"17":{"name":"setFullPayment","decl":{"start":{"line":110,"column":41},"end":{"line":110,"column":55}},"loc":{"start":{"line":110,"column":69},"end":{"line":112,"column":1}},"line":110},"18":{"name":"getFullPayment","decl":{"start":{"line":114,"column":41},"end":{"line":114,"column":55}},"loc":{"start":{"line":114,"column":58},"end":{"line":116,"column":1}},"line":114},"19":{"name":"setReadyMeals","decl":{"start":{"line":118,"column":40},"end":{"line":118,"column":53}},"loc":{"start":{"line":118,"column":65},"end":{"line":120,"column":1}},"line":118},"20":{"name":"getReadyMeals","decl":{"start":{"line":122,"column":40},"end":{"line":122,"column":53}},"loc":{"start":{"line":122,"column":55},"end":{"line":124,"column":1}},"line":122},"21":{"name":"setIngradientsOfReadyMeals","decl":{"start":{"line":126,"column":53},"end":{"line":126,"column":79}},"loc":{"start":{"line":126,"column":104},"end":{"line":128,"column":1}},"line":126},"22":{"name":"getIngradientsOfReadyMeals","decl":{"start":{"line":130,"column":53},"end":{"line":130,"column":79}},"loc":{"start":{"line":130,"column":81},"end":{"line":132,"column":1}},"line":130}},"branchMap":{},"s":{"0":1,"1":0,"2":0,"3":0,"4":0,"5":0,"6":0,"7":0,"8":0,"9":0,"10":0,"11":0,"12":0,"13":1,"14":0,"15":1,"16":0,"17":1,"18":0,"19":1,"20":0,"21":1,"22":0,"23":1,"24":0,"25":1,"26":0,"27":1,"28":0,"29":1,"30":0,"31":1,"32":0,"33":1,"34":0,"35":1,"36":0,"37":1,"38":0,"39":1,"40":0,"41":1,"42":1,"43":1,"44":1,"45":0,"46":1,"47":0,"48":1,"49":0,"50":1,"51":0,"52":1,"53":0,"54":1,"55":0,"56":1,"57":0},"f":{"0":0,"1":0,"2":0,"3":0,"4":0,"5":0,"6":0,"7":0,"8":0,"9":0,"10":0,"11":0,"12":0,"13":0,"14":0,"15":1,"16":0,"17":0,"18":0,"19":0,"20":0,"21":0,"22":0},"b":{},"_coverageSchema":"1a1c01bbd47fc00a2c39e90264f33305004495a9","hash":"53137111ea97d866cdc510a2eaf273f137c26d23"}
,"C:\\Users\\nkryvous\\Desktop\\Maksym\\my_restaurant\\visits\\operationWithVisits.js": {"path":"C:\\Users\\nkryvous\\Desktop\\Maksym\\my_restaurant\\visits\\operationWithVisits.js","statementMap":{"0":{"start":{"line":1,"column":11},"end":{"line":1,"column":24}},"1":{"start":{"line":2,"column":13},"end":{"line":2,"column":36}},"2":{"start":{"line":5,"column":0},"end":{"line":5,"column":34}},"3":{"start":{"line":8,"column":15},"end":{"line":8,"column":18}},"4":{"start":{"line":11,"column":0},"end":{"line":52,"column":1}},"5":{"start":{"line":14,"column":17},"end":{"line":14,"column":18}},"6":{"start":{"line":17,"column":4},"end":{"line":48,"column":5}},"7":{"start":{"line":20,"column":8},"end":{"line":20,"column":39}},"8":{"start":{"line":22,"column":8},"end":{"line":22,"column":37}},"9":{"start":{"line":25,"column":8},"end":{"line":39,"column":9}},"10":{"start":{"line":28,"column":12},"end":{"line":28,"column":41}},"11":{"start":{"line":30,"column":12},"end":{"line":30,"column":38}},"12":{"start":{"line":33,"column":12},"end":{"line":33,"column":58}},"13":{"start":{"line":38,"column":12},"end":{"line":38,"column":43}},"14":{"start":{"line":44,"column":8},"end":{"line":44,"column":34}},"15":{"start":{"line":47,"column":8},"end":{"line":47,"column":22}},"16":{"start":{"line":51,"column":4},"end":{"line":51,"column":53}},"17":{"start":{"line":55,"column":0},"end":{"line":59,"column":1}},"18":{"start":{"line":58,"column":4},"end":{"line":58,"column":35}},"19":{"start":{"line":62,"column":0},"end":{"line":66,"column":1}},"20":{"start":{"line":65,"column":4},"end":{"line":65,"column":34}},"21":{"start":{"line":69,"column":0},"end":{"line":77,"column":1}},"22":{"start":{"line":72,"column":4},"end":{"line":72,"column":26}},"23":{"start":{"line":73,"column":4},"end":{"line":73,"column":40}},"24":{"start":{"line":76,"column":4},"end":{"line":76,"column":34}},"25":{"start":{"line":80,"column":0},"end":{"line":84,"column":1}},"26":{"start":{"line":83,"column":4},"end":{"line":83,"column":60}},"27":{"start":{"line":87,"column":0},"end":{"line":91,"column":1}},"28":{"start":{"line":90,"column":4},"end":{"line":90,"column":77}}},"fnMap":{"0":{"name":"setVisit","decl":{"start":{"line":11,"column":35},"end":{"line":11,"column":43}},"loc":{"start":{"line":11,"column":50},"end":{"line":52,"column":1}},"line":11},"1":{"name":"setDiscount","decl":{"start":{"line":55,"column":38},"end":{"line":55,"column":49}},"loc":{"start":{"line":55,"column":57},"end":{"line":59,"column":1}},"line":55},"2":{"name":"getDiscount","decl":{"start":{"line":62,"column":38},"end":{"line":62,"column":49}},"loc":{"start":{"line":62,"column":52},"end":{"line":66,"column":1}},"line":62},"3":{"name":"resetVisits","decl":{"start":{"line":69,"column":38},"end":{"line":69,"column":49}},"loc":{"start":{"line":69,"column":52},"end":{"line":77,"column":1}},"line":69},"4":{"name":"readFile","decl":{"start":{"line":80,"column":35},"end":{"line":80,"column":43}},"loc":{"start":{"line":80,"column":50},"end":{"line":84,"column":1}},"line":80},"5":{"name":"writeFile","decl":{"start":{"line":87,"column":36},"end":{"line":87,"column":45}},"loc":{"start":{"line":87,"column":59},"end":{"line":91,"column":1}},"line":87}},"branchMap":{"0":{"loc":{"start":{"line":17,"column":4},"end":{"line":48,"column":5}},"type":"if","locations":[{"start":{"line":17,"column":4},"end":{"line":48,"column":5}},{"start":{"line":41,"column":11},"end":{"line":48,"column":5}}],"line":17},"1":{"loc":{"start":{"line":25,"column":8},"end":{"line":39,"column":9}},"type":"if","locations":[{"start":{"line":25,"column":8},"end":{"line":39,"column":9}},{"start":{"line":35,"column":15},"end":{"line":39,"column":9}}],"line":25}},"s":{"0":1,"1":1,"2":1,"3":1,"4":1,"5":0,"6":0,"7":0,"8":0,"9":0,"10":0,"11":0,"12":0,"13":0,"14":0,"15":0,"16":0,"17":1,"18":0,"19":1,"20":0,"21":1,"22":0,"23":0,"24":0,"25":1,"26":0,"27":1,"28":0},"f":{"0":0,"1":0,"2":0,"3":0,"4":0,"5":0},"b":{"0":[0,0],"1":[0,0]},"_coverageSchema":"1a1c01bbd47fc00a2c39e90264f33305004495a9","hash":"f19893c929508771ff301c1e3571c6ae2bc7c5d0"}
,"C:\\Users\\nkryvous\\Desktop\\Maksym\\my_restaurant\\warehouse\\chanceToSpoil.js": {"path":"C:\\Users\\nkryvous\\Desktop\\Maksym\\my_restaurant\\warehouse\\chanceToSpoil.js","statementMap":{"0":{"start":{"line":1,"column":11},"end":{"line":1,"column":24}},"1":{"start":{"line":6,"column":20},"end":{"line":6,"column":69}},"2":{"start":{"line":9,"column":0},"end":{"line":9,"column":73}}},"fnMap":{},"branchMap":{},"s":{"0":1,"1":1,"2":1},"f":{},"b":{},"_coverageSchema":"1a1c01bbd47fc00a2c39e90264f33305004495a9","hash":"c5b10f2535cae29eda9cf581639a91a1861189bf"}
,"C:\\Users\\nkryvous\\Desktop\\Maksym\\my_restaurant\\warehouse\\maxPriceForAFood.js": {"path":"C:\\Users\\nkryvous\\Desktop\\Maksym\\my_restaurant\\warehouse\\maxPriceForAFood.js","statementMap":{"0":{"start":{"line":1,"column":11},"end":{"line":1,"column":24}},"1":{"start":{"line":6,"column":23},"end":{"line":6,"column":75}},"2":{"start":{"line":9,"column":0},"end":{"line":9,"column":82}}},"fnMap":{},"branchMap":{},"s":{"0":1,"1":1,"2":1},"f":{},"b":{},"_coverageSchema":"1a1c01bbd47fc00a2c39e90264f33305004495a9","hash":"33feb960e9d5d13ed535d073e6468f41c053e12d"}
,"C:\\Users\\nkryvous\\Desktop\\Maksym\\my_restaurant\\warehouse\\operationWithChanceToSpoil.js": {"path":"C:\\Users\\nkryvous\\Desktop\\Maksym\\my_restaurant\\warehouse\\operationWithChanceToSpoil.js","statementMap":{"0":{"start":{"line":1,"column":22},"end":{"line":1,"column":48}},"1":{"start":{"line":4,"column":8},"end":{"line":4,"column":9}},"2":{"start":{"line":7,"column":0},"end":{"line":16,"column":1}},"3":{"start":{"line":9,"column":4},"end":{"line":9,"column":9}},"4":{"start":{"line":12,"column":4},"end":{"line":12,"column":20}},"5":{"start":{"line":15,"column":4},"end":{"line":15,"column":12}},"6":{"start":{"line":19,"column":0},"end":{"line":38,"column":1}},"7":{"start":{"line":22,"column":17},"end":{"line":22,"column":73}},"8":{"start":{"line":25,"column":4},"end":{"line":37,"column":5}},"9":{"start":{"line":28,"column":8},"end":{"line":28,"column":17}},"10":{"start":{"line":32,"column":8},"end":{"line":32,"column":24}},"11":{"start":{"line":36,"column":8},"end":{"line":36,"column":19}},"12":{"start":{"line":41,"column":0},"end":{"line":45,"column":1}},"13":{"start":{"line":42,"column":4},"end":{"line":42,"column":25}},"14":{"start":{"line":43,"column":4},"end":{"line":43,"column":26}},"15":{"start":{"line":44,"column":4},"end":{"line":44,"column":57}}},"fnMap":{"0":{"name":"chackChanceToSpoil","decl":{"start":{"line":7,"column":45},"end":{"line":7,"column":63}},"loc":{"start":{"line":7,"column":66},"end":{"line":16,"column":1}},"line":7},"1":{"name":"random","decl":{"start":{"line":19,"column":33},"end":{"line":19,"column":39}},"loc":{"start":{"line":19,"column":42},"end":{"line":38,"column":1}},"line":19},"2":{"name":"getRandomInt","decl":{"start":{"line":41,"column":39},"end":{"line":41,"column":51}},"loc":{"start":{"line":41,"column":62},"end":{"line":45,"column":1}},"line":41}},"branchMap":{"0":{"loc":{"start":{"line":25,"column":4},"end":{"line":37,"column":5}},"type":"if","locations":[{"start":{"line":25,"column":4},"end":{"line":37,"column":5}},{"start":{"line":33,"column":11},"end":{"line":37,"column":5}}],"line":25}},"s":{"0":1,"1":1,"2":1,"3":0,"4":0,"5":0,"6":1,"7":0,"8":0,"9":0,"10":0,"11":0,"12":1,"13":0,"14":0,"15":0},"f":{"0":0,"1":0,"2":0},"b":{"0":[0,0]},"_coverageSchema":"1a1c01bbd47fc00a2c39e90264f33305004495a9","hash":"cddd7b38da195ca17ba31693fc172285438839ad"}
,"C:\\Users\\nkryvous\\Desktop\\Maksym\\my_restaurant\\warehouse\\operationWithTotalQuantityOfAllInWarehouse.js": {"path":"C:\\Users\\nkryvous\\Desktop\\Maksym\\my_restaurant\\warehouse\\operationWithTotalQuantityOfAllInWarehouse.js","statementMap":{"0":{"start":{"line":1,"column":11},"end":{"line":1,"column":24}},"1":{"start":{"line":2,"column":22},"end":{"line":2,"column":73}},"2":{"start":{"line":3,"column":39},"end":{"line":3,"column":82}},"3":{"start":{"line":4,"column":38},"end":{"line":4,"column":80}},"4":{"start":{"line":7,"column":0},"end":{"line":28,"column":1}},"5":{"start":{"line":10,"column":18},"end":{"line":10,"column":45}},"6":{"start":{"line":11,"column":4},"end":{"line":11,"column":52}},"7":{"start":{"line":14,"column":18},"end":{"line":14,"column":42}},"8":{"start":{"line":15,"column":4},"end":{"line":15,"column":49}},"9":{"start":{"line":18,"column":18},"end":{"line":18,"column":35}},"10":{"start":{"line":21,"column":4},"end":{"line":27,"column":5}},"11":{"start":{"line":23,"column":8},"end":{"line":23,"column":19}},"12":{"start":{"line":26,"column":8},"end":{"line":26,"column":22}}},"fnMap":{"0":{"name":"checkTotalQuantity","decl":{"start":{"line":7,"column":45},"end":{"line":7,"column":63}},"loc":{"start":{"line":7,"column":89},"end":{"line":28,"column":1}},"line":7}},"branchMap":{"0":{"loc":{"start":{"line":21,"column":4},"end":{"line":27,"column":5}},"type":"if","locations":[{"start":{"line":21,"column":4},"end":{"line":27,"column":5}},{"start":{"line":24,"column":11},"end":{"line":27,"column":5}}],"line":21}},"s":{"0":1,"1":1,"2":1,"3":1,"4":1,"5":0,"6":0,"7":0,"8":0,"9":0,"10":0,"11":0,"12":0},"f":{"0":0},"b":{"0":[0,0]},"_coverageSchema":"1a1c01bbd47fc00a2c39e90264f33305004495a9","hash":"cb04d474ed3f1851896295d26db24949109574fc"}
,"C:\\Users\\nkryvous\\Desktop\\Maksym\\my_restaurant\\warehouse\\operationWithWarehouse.js": {"path":"C:\\Users\\nkryvous\\Desktop\\Maksym\\my_restaurant\\warehouse\\operationWithWarehouse.js","statementMap":{"0":{"start":{"line":1,"column":29},"end":{"line":1,"column":62}},"1":{"start":{"line":2,"column":13},"end":{"line":2,"column":36}},"2":{"start":{"line":3,"column":11},"end":{"line":3,"column":24}},"3":{"start":{"line":4,"column":19},"end":{"line":4,"column":42}},"4":{"start":{"line":5,"column":14},"end":{"line":5,"column":60}},"5":{"start":{"line":6,"column":27},"end":{"line":6,"column":64}},"6":{"start":{"line":7,"column":23},"end":{"line":7,"column":66}},"7":{"start":{"line":8,"column":51},"end":{"line":8,"column":106}},"8":{"start":{"line":9,"column":39},"end":{"line":9,"column":82}},"9":{"start":{"line":10,"column":38},"end":{"line":10,"column":80}},"10":{"start":{"line":11,"column":22},"end":{"line":11,"column":55}},"11":{"start":{"line":12,"column":26},"end":{"line":12,"column":72}},"12":{"start":{"line":13,"column":28},"end":{"line":13,"column":68}},"13":{"start":{"line":14,"column":24},"end":{"line":14,"column":58}},"14":{"start":{"line":15,"column":23},"end":{"line":15,"column":56}},"15":{"start":{"line":16,"column":35},"end":{"line":16,"column":74}},"16":{"start":{"line":17,"column":27},"end":{"line":17,"column":58}},"17":{"start":{"line":18,"column":25},"end":{"line":18,"column":54}},"18":{"start":{"line":19,"column":25},"end":{"line":19,"column":62}},"19":{"start":{"line":20,"column":20},"end":{"line":20,"column":54}},"20":{"start":{"line":23,"column":0},"end":{"line":55,"column":1}},"21":{"start":{"line":26,"column":4},"end":{"line":54,"column":5}},"22":{"start":{"line":29,"column":8},"end":{"line":29,"column":42}},"23":{"start":{"line":32,"column":8},"end":{"line":32,"column":58}},"24":{"start":{"line":33,"column":8},"end":{"line":33,"column":37}},"25":{"start":{"line":36,"column":8},"end":{"line":36,"column":76}},"26":{"start":{"line":40,"column":8},"end":{"line":40,"column":56}},"27":{"start":{"line":41,"column":8},"end":{"line":41,"column":37}},"28":{"start":{"line":44,"column":23},"end":{"line":44,"column":63}},"29":{"start":{"line":47,"column":22},"end":{"line":
[...]
nts","decl":{"start":{"line":99,"column":43},"end":{"line":99,"column":59}},"loc":{"start":{"line":99,"column":72},"end":{"line":118,"column":1}},"line":99},"3":{"name":"addIngradientsInWarehouse","decl":{"start":{"line":121,"column":52},"end":{"line":121,"column":77}},"loc":{"start":{"line":121,"column":85},"end":{"line":128,"column":1}},"line":121},"4":{"name":"addIngradientsInWarehouse","decl":{"start":{"line":130,"column":62},"end":{"line":130,"column":87}},"loc":{"start":{"line":130,"column":95},"end":{"line":133,"column":1}},"line":130},"5":{"name":"removeFoodFromReadyMeals","decl":{"start":{"line":136,"column":51},"end":{"line":136,"column":75}},"loc":{"start":{"line":136,"column":78},"end":{"line":146,"column":1}},"line":136},"6":{"name":"writeFile_removeFoodFromReadyMeals","decl":{"start":{"line":149,"column":61},"end":{"line":149,"column":95}},"loc":{"start":{"line":149,"column":98},"end":{"line":153,"column":1}},"line":149},"7":{"name":"removeIngradientsFromWarehouse","decl":{"start":{"line":157,"column":57},"end":{"line":157,"column":87}},"loc":{"start":{"line":157,"column":90},"end":{"line":251,"column":1}},"line":157},"8":{"name":"writeFile_removeIngradientsFromWarehouse","decl":{"start":{"line":254,"column":67},"end":{"line":254,"column":107}},"loc":{"start":{"line":254,"column":110},"end":{"line":258,"column":1}},"line":254},"9":{"name":"addReadyMeals","decl":{"start":{"line":261,"column":40},"end":{"line":261,"column":53}},"loc":{"start":{"line":261,"column":61},"end":{"line":268,"column":1}},"line":261},"10":{"name":"writeFile_addReadyMeals","decl":{"start":{"line":271,"column":50},"end":{"line":271,"column":73}},"loc":{"start":{"line":271,"column":81},"end":{"line":275,"column":1}},"line":271}},"branchMap":{"0":{"loc":{"start":{"line":26,"column":4},"end":{"line":54,"column":5}},"type":"if","locations":[{"start":{"line":26,"column":4},"end":{"line":54,"column":5}},{"start":{"line":37,"column":11},"end":{"line":54,"column":5}}],"line":26},"1":{"loc":{"start":{"line":26,"column":8},"end":{"line":26,"column":106}},"type":"binary-expr","locations":[{"start":{"line":26,"column":8},"end":{"line":26,"column":60}},{"start":{"line":26,"column":64},"end":{"line":26,"column":106}}],"line":26},"2":{"loc":{"start":{"line":61,"column":4},"end":{"line":95,"column":5}},"type":"if","locations":[{"start":{"line":61,"column":4},"end":{"line":95,"column":5}},{"start":{},"end":{}}],"line":61},"3":{"loc":{"start":{"line":67,"column":8},"end":{"line":94,"column":9}},"type":"if","locations":[{"start":{"line":67,"column":8},"end":{"line":94,"column":9}},{"start":{},"end":{}}],"line":67},"4":{"loc":{"start":{"line":70,"column":12},"end":{"line":93,"column":13}},"type":"if","locations":[{"start":{"line":70,"column":12},"end":{"line":93,"column":13}},{"start":{},"end":{}}],"line":70},"5":{"loc":{"start":{"line":72,"column":16},"end":{"line":92,"column":17}},"type":"if","locations":[{"start":{"line":72,"column":16},"end":{"line":92,"column":17}},{"start":{"line":87,"column":23},"end":{"line":92,"column":17}}],"line":72},"6":{"loc":{"start":{"line":102,"column":4},"end":{"line":117,"column":5}},"type":"if","locations":[{"start":{"line":102,"column":4},"end":{"line":117,"column":5}},{"start":{"line":113,"column":11},"end":{"line":117,"column":5}}],"line":102},"7":{"loc":{"start":{"line":165,"column":4},"end":{"line":190,"column":5}},"type":"if","locations":[{"start":{"line":165,"column":4},"end":{"line":190,"column":5}},{"start":{},"end":{}}],"line":165},"8":{"loc":{"start":{"line":170,"column":12},"end":{"line":188,"column":13}},"type":"if","locations":[{"start":{"line":170,"column":12},"end":{"line":188,"column":13}},{"start":{},"end":{}}],"line":170},"9":{"loc":{"start":{"line":179,"column":16},"end":{"line":185,"column":17}},"type":"if","locations":[{"start":{"line":179,"column":16},"end":{"line":185,"column":17}},{"start":{},"end":{}}],"line":179},"10":{"loc":{"start":{"line":193,"column":4},"end":{"line":242,"column":5}},"type":"if","locations":[{"start":{"line":193,"column":4},"end":{"line":242,"column":5}},{"start":{},"end":{}}],"line":193},"11":{"loc":{"start":{"line":199,"column":12},"end":{"line":240,"column":13}},"type":"if","locations":[{"start":{"line":199,"column":12},"end":{"line":240,"column":13}},{"start":{},"end":{}}],"line":199},"12":{"loc":{"start":{"line":202,"column":16},"end":{"line":239,"column":17}},"type":"if","locations":[{"start":{"line":202,"column":16},"end":{"line":239,"column":17}},{"start":{"line":206,"column":23},"end":{"line":239,"column":17}}],"line":202},"13":{"loc":{"start":{"line":212,"column":20},"end":{"line":238,"column":21}},"type":"if","locations":[{"start":{"line":212,"column":20},"end":{"line":238,"column":21}},{"start":{},"end":{}}],"line":212},"14":{"loc":{"start":{"line":218,"column":28},"end":{"line":236,"column":29}},"type":"if","locations":[{"start":{"line":218,"column":28},"end":{"line":236,"column":29}},{"start":{},"end":{}}],"line":218},"15":{"loc":{"start":{"line":227,"column":32},"end":{"line":233,"column":33}},"type":"if","locations":[{"start":{"line":227,"column":32},"end":{"line":233,"column":33}},{"start":{},"end":{}}],"line":227}},"s":{"0":1,"1":1,"2":1,"3":1,"4":1,"5":1,"6":1,"7":1,"8":1,"9":1,"10":1,"11":1,"12":1,"13":1,"14":1,"15":1,"16":1,"17":1,"18":1,"19":1,"20":1,"21":0,"22":0,"23":0,"24":0,"25":0,"26":0,"27":0,"28":0,"29":0,"30":0,"31":0,"32":1,"33":0,"34":0,"35":0,"36":0,"37":0,"38":0,"39":0,"40":0,"41":0,"42":0,"43":0,"44":0,"45":1,"46":0,"47":0,"48":0,"49":0,"50":0,"51":1,"52":0,"53":0,"54":1,"55":0,"56":1,"57":0,"58":0,"59":0,"60":1,"61":0,"62":1,"63":0,"64":0,"65":0,"66":0,"67":0,"68":0,"69":0,"70":0,"71":0,"72":0,"73":0,"74":0,"75":0,"76":0,"77":0,"78":0,"79":0,"80":0,"81":0,"82":0,"83":0,"84":0,"85":0,"86":0,"87":0,"88":0,"89":0,"90":0,"91":0,"92":0,"93":0,"94":0,"95":0,"96":1,"97":0,"98":1,"99":0,"100":0,"101":1,"102":0},"f":{"0":0,"1":0,"2":0,"3":0,"4":0,"5":0,"6":0,"7":0,"8":0,"9":0,"10":0},"b":{"0":[0,0],"1":[0,0],"2":[0,0],"3":[0,0],"4":[0,0],"5":[0,0],"6":[0,0],"7":[0,0],"8":[0,0],"9":[0,0],"10":[0,0],"11":[0,0],"12":[0,0],"13":[0,0],"14":[0,0],"15":[0,0]},"_coverageSchema":"1a1c01bbd47fc00a2c39e90264f33305004495a9","hash":"5c3193a968930c40756cba5ca3947b1ed6ec9a31"}
,"C:\\Users\\nkryvous\\Desktop\\Maksym\\my_restaurant\\warehouse\\operationWithWaste.js": {"path":"C:\\Users\\nkryvous\\Desktop\\Maksym\\my_restaurant\\warehouse\\operationWithWaste.js","statementMap":{"0":{"start":{"line":1,"column":11},"end":{"line":1,"column":24}},"1":{"start":{"line":2,"column":14},"end":{"line":2,"column":32}},"2":{"start":{"line":3,"column":24},"end":{"line":3,"column":58}},"3":{"start":{"line":5,"column":0},"end":{"line":12,"column":1}},"4":{"start":{"line":7,"column":4},"end":{"line":7,"column":37}},"5":{"start":{"line":9,"column":4},"end":{"line":9,"column":34}},"6":{"start":{"line":11,"column":4},"end":{"line":11,"column":16}},"7":{"start":{"line":14,"column":0},"end":{"line":17,"column":1}},"8":{"start":{"line":16,"column":4},"end":{"line":16,"column":75}},"9":{"start":{"line":19,"column":0},"end":{"line":27,"column":1}},"10":{"start":{"line":21,"column":4},"end":{"line":24,"column":5}},"11":{"start":{"line":21,"column":17},"end":{"line":21,"column":18}},"12":{"start":{"line":23,"column":8},"end":{"line":23,"column":52}},"13":{"start":{"line":26,"column":4},"end":{"line":26,"column":34}},"14":{"start":{"line":29,"column":0},"end":{"line":32,"column":1}},"15":{"start":{"line":31,"column":4},"end":{"line":31,"column":75}}},"fnMap":{"0":{"name":"addToWaste","decl":{"start":{"line":5,"column":37},"end":{"line":5,"column":47}},"loc":{"start":{"line":5,"column":55},"end":{"line":12,"column":1}},"line":5},"1":{"name":"writeFile_addToWaste","decl":{"start":{"line":14,"column":47},"end":{"line":14,"column":67}},"loc":{"start":{"line":14,"column":70},"end":{"line":17,"column":1}},"line":14},"2":{"name":"clearWaste","decl":{"start":{"line":19,"column":37},"end":{"line":19,"column":47}},"loc":{"start":{"line":19,"column":50},"end":{"line":27,"column":1}},"line":19},"3":{"name":"writeFile_clearWaste","decl":{"start":{"line":29,"column":47},"end":{"line":29,"column":67}},"loc":{"start":{"line":29,"column":70},"end":{"line":32,"column":1}},"line":29}},"branchMap":{},"s":{"0":1,"1":1,"2":1,"3":1,"4":0,"5":0,"6":0,"7":1,"8":0,"9":1,"10":0,"11":0,"12":0,"13":0,"14":1,"15":0},"f":{"0":0,"1":0,"2":0,"3":0},"b":{},"_coverageSchema":"1a1c01bbd47fc00a2c39e90264f33305004495a9","hash":"5259bb4d98a3358532789f6c143463995dd77517"}
,"C:\\Users\\nkryvous\\Desktop\\Maksym\\my_restaurant\\warehouse\\quantityIngradientsInWarehouse.js": {"path":"C:\\Users\\nkryvous\\Desktop\\Maksym\\my_restaurant\\warehouse\\quantityIngradientsInWarehouse.js","statementMap":{"0":{"start":{"line":1,"column":20},"end":{"line":1,"column":69}},"1":{"start":{"line":2,"column":29},"end":{"line":2,"column":62}},"2":{"start":{"line":3,"column":11},"end":{"line":3,"column":24}},"3":{"start":{"line":4,"column":51},"end":{"line":4,"column":106}},"4":{"start":{"line":5,"column":38},"end":{"line":5,"column":80}},"5":{"start":{"line":6,"column":23},"end":{"line":6,"column":66}},"6":{"start":{"line":7,"column":14},"end":{"line":7,"column":48}},"7":{"start":{"line":8,"column":21},"end":{"line":8,"column":56}},"8":{"start":{"line":11,"column":0},"end":{"line":78,"column":1}},"9":{"start":{"line":14,"column":34},"end":{"line":14,"column":57}},"10":{"start":{"line":17,"column":4},"end":{"line":77,"column":5}},"11":{"start":{"line":20,"column":42},"end":{"line":20,"column":95}},"12":{"start":{"line":23,"column":21},"end":{"line":23,"column":79}},"13":{"start":{"line":26,"column":22},"end":{"line":26,"column":186}},"14":{"start":{"line":28,"column":8},"end":{"line":38,"column":9}},"15":{"start":{"line":32,"column":12},"end":{"line":32,"column":80}},"16":{"start":{"line":33,"column":12},"end":{"line":33,"column":60}},"17":{"start":{"line":36,"column":12},"end":{"line":36,"column":88}},"18":{"start":{"line":37,"column":12},"end":{"line":37,"column":24}},"19":{"start":{"line":42,"column":8},"end":{"line":73,"column":9}},"20":{"start":{"line":45,"column":12},"end":{"line":45,"column":53}},"21":{"start":{"line":47,"column":12},"end":{"line":47,"column":40}},"22":{"start":{"line":50,"column":12},"end":{"line":50,"column":90}},"23":{"start":{"line":54,"column":37},"end":{"line":54,"column":108}},"24":{"start":{"line":55,"column":30},"end":{"line":55,"column":110}},"25":{"start":{"line":56,"column":40},"end":{"line":56,"column":130}},"26":{"start":{"line":57,"column":31},"end":{"line":60,"column":13}},"27":{"start":{"line":61,"column":26},"end":{"line":61,"column":49}},"28":{"start":{"line":62,"column":30},"end":{"line":62,"column":41}},"29":{"start":{"line":63,"column":32},"end":{"line":68,"column":13}},"30":{"start":{"line":69,"column":12},"end":{"line":69,"column":42}},"31":{"start":{"line":72,"column":12},"end":{"line":72,"column":27}},"32":{"start":{"line":76,"column":8},"end":{"line":76,"column":23}},"33":{"start":{"line":81,"column":0},"end":{"line":95,"column":1}},"34":{"start":{"line":84,"column":19},"end":{"line":84,"column":20}},"35":{"start":{"line":87,"column":4},"end":{"line":91,"column":5}},"36":{"start":{"line":87,"column":17},"end":{"line":87,"column":18}},"37":{"start":{"line":90,"column":8},"end":{"line":90,"column":89}},"38":{"start":{"line":94,"column":4},"end":{"line":94,"column":29}}},"fnMap":{"0":{"name":"checkQuantityOfIngradients","decl":{"start":{"line":11,"column":53},"end":{"line":11,"column":79}},"loc":{"start":{"line":11,"column":102},"end":{"line":78,"column":1}},"line":11},"1":{"name":"getTotalQuantityOfIngradients","decl":{"start":{"line":81,"column":56},"end":{"line":81,"column":85}},"loc":{"start":{"line":81,"column":88},"end":{"line":95,"column":1}},"line":81}},"branchMap":{"0":{"loc":{"start":{"line":17,"column":4},"end":{"line":77,"column":5}},"type":"if","locations":[{"start":{"line":17,"column":4},"end":{"line":77,"column":5}},{"start":{},"end":{}}],"line":17},"1":{"loc":{"start":{"line":28,"column":8},"end":{"line":38,"column":9}},"type":"if","locations":[{"start":{"line":28,"column":8},"end":{"line":38,"column":9}},{"start":{"line":30,"column":15},"end":{"line":38,"column":9}}],"line":28},"2":{"loc":{"start":{"line":42,"column":8},"end":{"line":73,"column":9}},"type":"if","locations":[{"start":{"line":42,"column":8},"end":{"line":73,"column":9}},{"start":{},"end":{}}],"line":42}},"s":{"0":1,"1":1,"2":1,"3":1,"4":1,"5":1,"6":1,"7":1,"8":1,"9":0,"10":0,"11":0,"12":0,"13":0,"14":0,"15":0,"16":0,"17":0,"18":0,"19":0,"20":0,"21":0,"22":0,"23":0,"24":0,"25":0,"26":0,"27":0,"28":0,"29":0,"30":0,"31":0,"32":0,"33":1,"34":0,"35":0,"36":0,"37":0,"38":0},"f":{"0":0,"1":0},"b":{"0":[0,0],"1":[0,0],"2":[0,0]},"_coverageSchema":"1a1c01bbd47fc00a2c39e90264f33305004495a9","hash":"58e37e9e70ad2037239ca90d3a056543c12f09bf"}
,"C:\\Users\\nkryvous\\Desktop\\Maksym\\my_restaurant\\warehouse\\quantityReadyMealsInWarehouse.js": {"path":"C:\\Users\\nkryvous\\Desktop\\Maksym\\my_restaurant\\warehouse\\quantityReadyMealsInWarehouse.js","statementMap":{"0":{"start":{"line":1,"column":11},"end":{"line":1,"column":24}},"1":{"start":{"line":2,"column":14},"end":{"line":2,"column":62}},"2":{"start":{"line":3,"column":27},"end":{"line":3,"column":64}},"3":{"start":{"line":4,"column":19},"end":{"line":4,"column":42}},"4":{"start":{"line":5,"column":51},"end":{"line":5,"column":106}},"5":{"start":{"line":6,"column":39},"end":{"line":6,"column":82}},"6":{"start":{"line":7,"column":14},"end":{"line":7,"column":48}},"7":{"start":{"line":10,"column":0},"end":{"line":56,"column":1}},"8":{"start":{"line":13,"column":34},"end":{"line":13,"column":50}},"9":{"start":{"line":16,"column":4},"end":{"line":55,"column":5}},"10":{"start":{"line":19,"column":42},"end":{"line":19,"column":69}},"11":{"start":{"line":22,"column":21},"end":{"line":22,"column":79}},"12":{"start":{"line":24,"column":22},"end":{"line":24,"column":186}},"13":{"start":{"line":25,"column":8},"end":{"line":33,"column":9}},"14":{"start":{"line":29,"column":12},"end":{"line":29,"column":80}},"15":{"start":{"line":30,"column":12},"end":{"line":30,"column":60}},"16":{"start":{"line":32,"column":12},"end":{"line":32,"column":24}},"17":{"start":{"line":36,"column":8},"end":{"line":50,"column":9}},"18":{"start":{"line":39,"column":12},"end":{"line":39,"column":53}},"19":{"start":{"line":41,"column":12},"end":{"line":41,"column":40}},"20":{"start":{"line":44,"column":12},"end":{"line":44,"column":84}},"21":{"start":{"line":48,"column":12},"end":{"line":48,"column":27}},"22":{"start":{"line":54,"column":8},"end":{"line":54,"column":23}},"23":{"start":{"line":59,"column":0},"end":{"line":73,"column":1}},"24":{"start":{"line":62,"column":19},"end":{"line":62,"column":20}},"25":{"start":{"line":65,"column":4},"end":{"line":69,"column":5}},"26":{"start":{"line":65,"column":17},"end":{"line":65,"column":18}},"27":{"start":{"line":68,"column":8},"end":{"line":68,"column":69}},"28":{"start":{"line":72,"column":4},"end":{"line":72,"column":29}}},"fnMap":{"0":{"name":"checkQuantityOfReadyMeals","decl":{"start":{"line":10,"column":52},"end":{"line":10,"column":77}},"loc":{"start":{"line":10,"column":94},"end":{"line":56,"column":1}},"line":10},"1":{"name":"getTotalQuantityOfReadyMeals","decl":{"start":{"line":59,"column":55},"end":{"line":59,"column":83}},"loc":{"start":{"line":59,"column":86},"end":{"line":73,"column":1}},"line":59}},"branchMap":{"0":{"loc":{"start":{"line":16,"column":4},"end":{"line":55,"column":5}},"type":"if","locations":[{"start":{"line":16,"column":4},"end":{"line":55,"column":5}},{"start":{},"end":{}}],"line":16},"1":{"loc":{"start":{"line":25,"column":8},"end":{"line":33,"column":9}},"type":"if","locations":[{"start":{"line":25,"column":8},"end":{"line":33,"column":9}},{"start":{"line":28,"column":15},"end":{"line":33,"column":9}}],"line":25},"2":{"loc":{"start":{"line":36,"column":8},"end":{"line":50,"column":9}},"type":"if","locations":[{"start":{"line":36,"column":8},"end":{"line":50,"column":9}},{"start":{},"end":{}}],"line":36}},"s":{"0":1,"1":1,"2":1,"3":1,"4":1,"5":1,"6":1,"7":1,"8":0,"9":0,"10":0,"11":0,"12":0,"13":0,"14":0,"15":0,"16":0,"17":0,"18":0,"19":0,"20":0,"21":0,"22":0,"23":1,"24":0,"25":0,"26":0,"27":0,"28":0},"f":{"0":0,"1":0},"b":{"0":[0,0],"1":[0,0],"2":[0,0]},"_coverageSchema":"1a1c01bbd47fc00a2c39e90264f33305004495a9","hash":"0d9542210e83345b7f4e5af9129a7b5f0f20a114"}
,"C:\\Users\\nkryvous\\Desktop\\Maksym\\my_restaurant\\warehouse\\readyMeals.js": {"path":"C:\\Users\\nkryvous\\Desktop\\Maksym\\my_restaurant\\warehouse\\readyMeals.js","statementMap":{"0":{"start":{"line":1,"column":11},"end":{"line":1,"column":24}},"1":{"start":{"line":6,"column":17},"end":{"line":6,"column":63}},"2":{"start":{"line":9,"column":0},"end":{"line":9,"column":64}}},"fnMap":{},"branchMap":{},"s":{"0":1,"1":1,"2":1},"f":{},"b":{},"_coverageSchema":"1a1c01bbd47fc00a2c39e90264f33305004495a9","hash":"e7a77212565b21a8d5d898bb965ae7dc8f3854f3"}
,"C:\\Users\\nkryvous\\Desktop\\Maksym\\my_restaurant\\warehouse\\warehouseIngradients.js": {"path":"C:\\Users\\nkryvous\\Desktop\\Maksym\\my_restaurant\\warehouse\\warehouseIngradients.js","statementMap":{"0":{"start":{"line":1,"column":11},"end":{"line":1,"column":24}},"1":{"start":{"line":6,"column":27},"end":{"line":6,"column":83}},"2":{"start":{"line":9,"column":0},"end":{"line":9,"column":94}}},"fnMap":{},"branchMap":{},"s":{"0":1,"1":1,"2":1},"f":{},"b":{},"_coverageSchema":"1a1c01bbd47fc00a2c39e90264f33305004495a9","hash":"b718fd34183a7d3304e3368fdb232ac10c2c8382"}
,"C:\\Users\\nkryvous\\Desktop\\Maksym\\my_restaurant\\warehouse\\waste.js": {"path":"C:\\Users\\nkryvous\\Desktop\\Maksym\\my_restaurant\\warehouse\\waste.js","statementMap":{"0":{"start":{"line":1,"column":11},"end":{"line":1,"column":24}},"1":{"start":{"line":3,"column":12},"end":{"line":3,"column":53}},"2":{"start":{"line":5,"column":0},"end":{"line":5,"column":49}}},"fnMap":{},"branchMap":{},"s":{"0":1,"1":1,"2":1},"f":{},"b":{},"_coverageSchema":"1a1c01bbd47fc00a2c39e90264f33305004495a9","hash":"f7e0839eafad05bde822e72895bc8b37b727af33"}
,"C:\\Users\\nkryvous\\Desktop\\Maksym\\my_restaurant\\warehouse\\allowableQuantityInStock\\ingradients.js": {"path":"C:\\Users\\nkryvous\\Desktop\\Maksym\\my_restaurant\\warehouse\\allowableQuantityInStock\\ingradients.js","statementMap":{"0":{"start":{"line":1,"column":11},"end":{"line":1,"column":24}},"1":{"start":{"line":3,"column":13},"end":{"line":3,"column":60}},"2":{"start":{"line":5,"column":0},"end":{"line":5,"column":61}}},"fnMap":{},"branchMap":{},"s":{"0":1,"1":1,"2":1},"f":{},"b":{},"_coverageSchema":"1a1c01bbd47fc00a2c39e90264f33305004495a9","hash":"c962fc524037946a620df5ab5817144968349ed2"}
,"C:\\Users\\nkryvous\\Desktop\\Maksym\\my_restaurant\\warehouse\\allowableQuantityInStock\\readyMeals.js": {"path":"C:\\Users\\nkryvous\\Desktop\\Maksym\\my_restaurant\\warehouse\\allowableQuantityInStock\\readyMeals.js","statementMap":{"0":{"start":{"line":1,"column":11},"end":{"line":1,"column":24}},"1":{"start":{"line":3,"column":13},"end":{"line":3,"column":59}},"2":{"start":{"line":5,"column":0},"end":{"line":5,"column":59}}},"fnMap":{},"branchMap":{},"s":{"0":1,"1":1,"2":1},"f":{},"b":{},"_coverageSchema":"1a1c01bbd47fc00a2c39e90264f33305004495a9","hash":"ed3196efb5201070b8c62f9ec2895248a22e6f99"}
,"C:\\Users\\nkryvous\\Desktop\\Maksym\\my_restaurant\\warehouse\\allowableQuantityInStock\\totalQuantity.js": {"path":"C:\\Users\\nkryvous\\Desktop\\Maksym\\my_restaurant\\warehouse\\allowableQuantityInStock\\totalQuantity.js","statementMap":{"0":{"start":{"line":1,"column":11},"end":{"line":1,"column":24}},"1":{"start":{"line":3,"column":13},"end":{"line":3,"column":62}},"2":{"start":{"line":5,"column":0},"end":{"line":5,"column":65}}},"fnMap":{},"branchMap":{},"s":{"0":1,"1":1,"2":1},"f":{},"b":{},"_coverageSchema":"1a1c01bbd47fc00a2c39e90264f33305004495a9","hash":"fa2339b35c04e4214b8ee3fdd725a29412621f17"}
}
