TN:
SF:admin\buyIngradients.js
FN:14,addIngradients
FN:52,removeMoney
FNF:2
FNH:2
FNDA:4,addIngradients
FNDA:3,removeMoney
DA:1,2
DA:2,2
DA:3,2
DA:4,2
DA:5,2
DA:6,2
DA:7,2
DA:8,2
DA:9,2
DA:10,2
DA:11,2
DA:14,2
DA:17,4
DA:20,4
DA:22,3
DA:24,3
DA:26,3
DA:28,3
DA:30,3
DA:32,10
DA:33,10
DA:34,10
DA:40,1
DA:41,1
DA:46,3
DA:48,3
DA:52,2
DA:57,3
DA:60,3
DA:61,3
DA:62,2
DA:64,1
DA:67,2
DA:72,1
DA:78,1
DA:84,2
DA:86,2
DA:89,2
DA:91,2
LF:39
LH:39
BRDA:20,0,0,3
BRDA:20,0,1,1
BRDA:26,1,0,3
BRDA:26,1,1,0
BRDA:61,2,0,2
BRDA:61,2,1,1
BRDA:62,3,0,1
BRDA:62,3,1,1
BRF:8
BRH:7
end_of_record
TN:
SF:admin\buyReadyMeals.js
FN:14,addReadyMeals
FN:49,removeMoney
FNF:2
FNH:2
FNDA:3,addReadyMeals
FNDA:3,removeMoney
DA:1,4
DA:2,4
DA:3,4
DA:4,4
DA:5,4
DA:6,4
DA:7,4
DA:8,4
DA:9,4
DA:10,4
DA:11,4
DA:14,4
DA:17,3
DA:20,3
DA:23,2
DA:24,2
DA:27,2
DA:30,2
DA:36,1
DA:37,1
DA:42,2
DA:45,2
DA:49,4
DA:52,3
DA:55,3
DA:58,3
DA:61,2
DA:64,2
DA:67,2
DA:71,1
DA:76,2
DA:79,2
DA:83,2
LF:33
LH:33
BRDA:20,0,0,2
BRDA:20,0,1,1
BRDA:27,1,0,2
BRDA:27,1,1,0
BRDA:58,2,0,2
BRDA:58,2,1,1
BRF:6
BRH:5
end_of_record
TN:
SF:budget\operationWithBudget.js
FN:11,Calculate
FN:47,removeFromBudget
FN:60,addToBudget
FN:74,checkBudgetForBankruptcy
FN:88,_removeFromBudget
FN:102,_addToBudget
FN:114,(anonymous_6)
FNF:7
FNH:7
FNDA:1,Calculate
FNDA:5,removeFromBudget
FNDA:5,addToBudget
FNDA:8,checkBudgetForBankruptcy
FNDA:6,_removeFromBudget
FNDA:5,_addToBudget
FNDA:10,(anonymous_6)
DA:1,8
DA:2,8
DA:3,8
DA:4,8
DA:5,8
DA:6,8
DA:7,8
DA:8,8
DA:11,8
DA:14,1
DA:17,1
DA:18,1
DA:21,1
DA:24,1
DA:29,1
DA:36,1
DA:40,1
DA:41,1
DA:43,1
DA:47,8
DA:50,5
DA:53,5
DA:56,5
DA:60,8
DA:64,5
DA:67,5
DA:70,5
DA:74,8
DA:77,8
DA:81,1
DA:82,1
DA:88,8
DA:91,6
DA:97,6
DA:102,8
DA:105,5
DA:111,5
DA:114,8
DA:115,10
DA:116,10
LF:40
LH:40
BRDA:24,0,0,0
BRDA:24,0,1,1
BRDA:77,1,0,1
BRDA:77,1,1,7
BRDA:115,2,0,10
BRDA:115,2,1,10
BRF:6
BRH:5
end_of_record
TN:
SF:budget\restaurantBudget.js
FNF:0
FNH:0
DA:1,9
DA:4,9
DA:7,9
LF:3
LH:3
BRF:0
BRH:0
end_of_record
TN:
SF:menu\baseIngradients.js
FNF:0
FNH:0
DA:1,7
DA:6,7
DA:9,7
LF:3
LH:3
BRF:0
BRH:0
end_of_record
TN:
SF:menu\getIngradients.js
FN:9,getAllIngradients
FN:31,ingradients
FN:43,getReadyMeals
FNF:3
FNH:3
FNDA:35,getAllIngradients
FNDA:6,ingradients
FNDA:6,getReadyMeals
DA:1,5
DA:2,5
DA:3,5
DA:6,5
DA:11,35
DA:13,35
DA:16,93
DA:18,29
DA:21,93
DA:23,64
DA:27,35
DA:31,5
DA:33,6
DA:37,6
DA:39,6
DA:43,5
DA:45,6
DA:46,6
DA:48,6
DA:50,6
DA:52,8
DA:54,6
DA:56,8
DA:58,2
DA:62,6
DA:64,2
DA:67,4
LF:27
LH:27
BRDA:16,0,0,29
BRDA:16,0,1,64
BRDA:21,1,0,64
BRDA:21,1,1,29
BRDA:52,2,0,6
BRDA:52,2,1,2
BRDA:56,3,0,2
BRDA:56,3,1,6
BRDA:62,4,0,2
BRDA:62,4,1,4
BRF:10
BRH:10
end_of_record
TN:
SF:menu\getPrice.js
FN:6,getAllPrice
FN:23,price
FNF:2
FNH:2
FNDA:21,getAllPrice
FNDA:21,price
DA:1,5
DA:4,5
DA:8,21
DA:10,58
DA:12,57
DA:14,1
DA:15,1
DA:19,20
DA:23,5
DA:25,21
DA:29,21
DA:31,21
LF:12
LH:12
BRDA:10,0,0,57
BRDA:10,0,1,1
BRF:2
BRH:2
end_of_record
TN:
SF:menu\notBaseIngradients.js
FNF:0
FNH:0
DA:1,10
DA:6,10
DA:9,10
LF:3
LH:3
BRF:0
BRH:0
end_of_record
TN:
SF:output\eating.js
FN:4,eating
FNF:1
FNH:1
FNDA:1,eating
DA:1,1
DA:4,1
DA:7,1
DA:10,1
DA:13,1
DA:15,1
DA:18,1
LF:7
LH:7
BRF:0
BRH:0
end_of_record
TN:
SF:output\userInfo.js
FN:18,StartInfoForUser
FN:63,fullPayment
FN:111,haveAllergy
FN:125,budgetAfterPay
FN:135,canBuy
FN:150,start
FNF:6
FNH:6
FNDA:1,StartInfoForUser
FNDA:4,fullPayment
FNDA:6,haveAllergy
FNDA:6,budgetAfterPay
FNDA:4,canBuy
FNDA:2,start
DA:1,1
DA:2,1
DA:3,1
DA:4,1
DA:5,1
DA:6,1
DA:7,1
DA:8,1
DA:9,1
DA:10,1
DA:11,1
DA:12,1
DA:13,1
DA:14,1
DA:15,1
DA:18,1
DA:21,1
DA:24,1
DA:27,1
DA:30,1
DA:33,1
DA:36,1
DA:39,1
DA:41,1
DA:44,1
DA:47,1
DA:48,0
DA:50,1
DA:54,1
DA:56,1
DA:59,1
DA:63,1
DA:66,4
DA:69,4
DA:72,4
DA:75,1
DA:76,1
DA:79,1
DA:86,1
DA:88,0
DA:90,0
DA:93,1
DA:94,1
DA:97,1
DA:99,1
DA:104,3
DA:106,3
DA:111,1
DA:113,6
DA:116,3
DA:120,3
DA:125,1
DA:128,6
DA:131,6
DA:135,1
DA:138,4
DA:141,2
DA:145,2
DA:150,1
DA:153,2
DA:156,1
DA:164,1
DA:166,0
DA:175,1
DA:176,1
DA:179,1
DA:181,1
LF:67
LH:63
BRDA:47,0,0,0
BRDA:47,0,1,1
BRDA:72,1,0,1
BRDA:72,1,1,3
BRDA:86,2,0,0
BRDA:86,2,1,1
BRDA:113,3,0,3
BRDA:113,3,1,3
BRDA:138,4,0,2
BRDA:138,4,1,2
BRDA:153,5,0,1
BRDA:153,5,1,1
BRDA:153,6,0,2
BRDA:153,6,1,1
BRDA:164,7,0,0
BRDA:164,7,1,1
BRDA:164,8,0,1
BRDA:164,8,1,1
BRF:18
BRH:15
end_of_record
TN:
SF:restaurantLogs\logs.js
FNF:0
FNH:0
DA:1,10
DA:6,10
DA:9,10
LF:3
LH:3
BRF:0
BRH:0
end_of_record
TN:
SF:restaurantLogs\operationWithLogs.js
FN:8,addLogs
FN:18,writeLogs
FN:32,writeFile_writeLogs
FN:39,showLogs
FN:52,readFile_showLogs
FNF:5
FNH:4
FNDA:9,addLogs
FNDA:12,writeLogs
FNDA:11,writeFile_writeLogs
FNDA:1,showLogs
FNDA:0,readFile_showLogs
DA:1,9
DA:2,9
DA:5,9
DA:8,9
DA:11,9
DA:14,9
DA:18,9
DA:21,12
DA:24,12
DA:28,12
DA:32,9
DA:35,11
DA:39,9
DA:42,1
DA:43,1
DA:45,1
DA:48,1
DA:52,9
DA:55,0
LF:19
LH:18
BRF:0
BRH:0
end_of_record
TN:
SF:systemCommands\systemCommands.js
FN:1,EXIT
FNF:1
FNH:1
FNDA:1,EXIT
DA:1,13
DA:3,1
DA:4,1
DA:5,1
DA:6,1
DA:7,1
LF:6
LH:6
BRF:0
BRH:0
end_of_record
TN:
SF:taxes\operationWithDailyTax.js
FN:13,openRestaurant
FN:26,closeRestaurant
FN:40,Calculate
FNF:3
FNH:3
FNDA:1,openRestaurant
FNDA:1,closeRestaurant
FNDA:2,Calculate
DA:1,8
DA:2,8
DA:3,8
DA:4,8
DA:5,8
DA:6,8
DA:8,8
DA:9,8
DA:10,8
DA:13,8
DA:16,1
DA:19,1
DA:22,1
DA:26,8
DA:29,1
DA:31,1
DA:34,1
DA:36,1
DA:40,8
DA:43,2
DA:46,2
DA:49,2
DA:52,1
DA:54,1
DA:55,1
DA:58,1
DA:61,1
DA:65,1
DA:66,1
DA:68,1
LF:30
LH:30
BRDA:49,0,0,1
BRDA:49,0,1,1
BRF:2
BRH:2
end_of_record
TN:
SF:taxes\operationWithPurchaseTax.js
FN:7,purchaseTax
FN:24,purchaseTax
FN:31,resetPurchaseTax
FN:44,resetPurchaseTax
FN:51,getTaxes
FN:61,readFile_getTaxes
FNF:6
FNH:3
FNDA:1,purchaseTax
FNDA:0,purchaseTax
FNDA:1,resetPurchaseTax
FNDA:0,resetPurchaseTax
FNDA:1,getTaxes
FNDA:0,readFile_getTaxes
DA:1,8
DA:3,8
DA:4,8
DA:7,8
DA:10,1
DA:12,1
DA:14,1
DA:17,1
DA:20,1
DA:24,8
DA:27,0
DA:31,8
DA:34,1
DA:37,1
DA:40,1
DA:44,8
DA:47,0
DA:51,8
DA:54,1
DA:57,1
DA:61,8
DA:64,0
LF:22
LH:19
BRF:0
BRH:0
end_of_record
TN:
SF:taxes\operationWithTax.js
FN:7,withdrawTaxes
FN:28,addTaxes
FNF:2
FNH:2
FNDA:1,withdrawTaxes
FNDA:5,addTaxes
DA:1,8
DA:2,8
DA:3,8
DA:4,8
DA:7,8
DA:10,1
DA:13,1
DA:16,1
DA:19,1
DA:20,1
DA:21,1
DA:24,1
DA:28,8
DA:31,5
DA:33,5
DA:36,5
DA:37,5
DA:40,5
LF:18
LH:18
BRF:0
BRH:0
end_of_record
TN:
SF:taxes\percent.js
FNF:0
FNH:0
DA:1,2
DA:4,2
DA:5,2
DA:7,0
DA:11,2
LF:5
LH:4
BRDA:4,0,0,2
BRDA:4,0,1,0
BRF:2
BRH:1
end_of_record
TN:
SF:taxes\purchaseTax.js
FNF:0
FNH:0
DA:1,9
DA:3,9
DA:5,9
LF:3
LH:3
BRF:0
BRH:0
end_of_record
TN:
SF:taxes\tax.js
FNF:0
FNH:0
DA:1,9
DA:3,9
DA:4,9
DA:6,0
DA:9,9
LF:5
LH:4
BRDA:3,0,0,9
BRDA:3,0,1,0
BRF:2
BRH:1
end_of_record
TN:
SF:user\checkUserData.js
FN:5,allergyCheck
FN:30,checkUser
FNF:2
FNH:2
FNDA:4,allergyCheck
FNDA:5,checkUser
DA:1,1
DA:2,1
DA:5,1
DA:8,4
DA:11,4
DA:14,12
DA:17,21
DA:20,6
DA:26,4
DA:30,1
DA:33,5
DA:34,1
DA:35,1
DA:36,1
DA:40,4
DA:41,1
DA:42,1
DA:43,1
DA:47,3
DA:48,1
DA:49,1
DA:50,1
DA:54,2
DA:55,1
DA:56,1
DA:57,1
DA:61,1
LF:27
LH:27
BRDA:17,0,0,6
BRDA:17,0,1,15
BRDA:33,1,0,1
BRDA:33,1,1,4
BRDA:33,2,0,5
BRDA:33,2,1,4
BRDA:40,3,0,1
BRDA:40,3,1,3
BRDA:40,4,0,4
BRDA:40,4,1,4
BRDA:40,4,2,3
BRDA:47,5,0,1
BRDA:47,5,1,2
BRDA:54,6,0,1
BRDA:54,6,1,1
BRF:15
BRH:15
end_of_record
TN:
SF:user\user.js
FN:2,User
FN:45,getName
FN:49,setName
FN:53,getBudget
FN:57,setBudget
FN:61,getFood
FN:65,setFood
FN:69,getAllergy
FN:73,setAllergy
FN:77,setPrice
FN:81,getPrice
FN:85,setIngradients
FN:89,getIngradients
FN:93,setHaveAllergy
FN:97,getHaveAllergy
FN:101,setBudgetAfterPay
FN:105,getBudgetAfterPay
FN:109,setFullPayment
FN:113,getFullPayment
FN:117,setReadyMeals
FN:121,getReadyMeals
FN:125,setIngradientsOfReadyMeals
FN:129,getIngradientsOfReadyMeals
FNF:23
FNH:19
FNDA:1,User
FNDA:6,getName
FNDA:4,setName
FNDA:10,getBudget
FNDA:6,setBudget
FNDA:21,getFood
FNDA:13,setFood
FNDA:3,getAllergy
FNDA:2,setAllergy
FNDA:9,setPrice
FNDA:13,getPrice
FNDA:2,setIngradients
FNDA:2,getIngradients
FNDA:5,setHaveAllergy
FNDA:12,getHaveAllergy
FNDA:7,setBudgetAfterPay
FNDA:8,getBudgetAfterPay
FNDA:8,setFullPayment
FNDA:12,getFullPayment
FNDA:0,setReadyMeals
FNDA:0,getReadyMeals
FNDA:0,setIngradientsOfReadyMeals
FNDA:0,getIngradientsOfReadyMeals
DA:2,11
DA:5,1
DA:8,1
DA:11,1
DA:14,1
DA:17,1
DA:20,1
DA:23,1
DA:26,1
DA:29,1
DA:32,1
DA:35,1
DA:38,1
DA:45,11
DA:46,6
DA:49,11
DA:50,4
DA:53,11
DA:54,10
DA:57,11
DA:58,6
DA:61,11
DA:62,21
DA:65,11
DA:66,13
DA:69,11
DA:70,3
DA:73,11
DA:74,2
DA:77,11
DA:78,9
DA:81,11
DA:82,13
DA:85,11
DA:86,2
DA:89,11
DA:90,2
DA:93,11
DA:94,5
DA:97,11
DA:98,12
DA:101,11
DA:102,7
DA:105,11
DA:106,8
DA:109,11
DA:110,8
DA:113,11
DA:114,12
DA:117,11
DA:118,0
DA:121,11
DA:122,0
DA:125,11
DA:126,0
DA:129,11
DA:130,0
LF:57
LH:53
BRF:0
BRH:0
end_of_record
TN:
SF:visits\operationWithVisits.js
FN:11,setVisit
FN:55,setDiscount
FN:62,getDiscount
FN:69,resetVisits
FN:80,readFile
FN:87,writeFile
FNF:6
FNH:6
FNDA:3,setVisit
FNDA:2,setDiscount
FNDA:3,getDiscount
FNDA:1,resetVisits
FNDA:4,readFile
FNDA:4,writeFile
DA:1,2
DA:2,2
DA:5,2
DA:8,2
DA:11,2
DA:14,3
DA:17,3
DA:20,2
DA:22,2
DA:25,2
DA:28,1
DA:30,1
DA:33,1
DA:38,1
DA:44,1
DA:47,1
DA:51,2
DA:55,2
DA:58,2
DA:62,2
DA:65,3
DA:69,2
DA:72,1
DA:73,1
DA:76,1
DA:80,2
DA:83,4
DA:87,2
DA:90,4
LF:29
LH:29
BRDA:17,0,0,2
BRDA:17,0,1,1
BRDA:25,1,0,1
BRDA:25,1,1,1
BRF:4
BRH:4
end_of_record
TN:
SF:warehouse\chanceToSpoil.js
FNF:0
FNH:0
DA:1,6
DA:6,6
DA:9,6
LF:3
LH:3
BRF:0
BRH:0
end_of_record
TN:
SF:warehouse\maxPriceForAFood.js
FNF:0
FNH:0
DA:1,5
DA:6,5
DA:9,5
LF:3
LH:3
BRF:0
BRH:0
end_of_record
TN:
SF:warehouse\operationWithChanceToSpoil.js
FN:7,chackChanceToSpoil
FN:19,random
FN:41,getRandomInt
FNF:3
FNH:3
FNDA:14,chackChanceToSpoil
FNDA:15,random
FNDA:13,getRandomInt
DA:1,5
DA:4,5
DA:7,5
DA:9,14
DA:12,14
DA:15,14
DA:19,5
DA:22,15
DA:25,15
DA:28,1
DA:32,1
DA:36,14
DA:41,5
DA:42,13
DA:43,13
DA:44,13
LF:16
LH:16
BRDA:25,0,0,1
BRDA:25,0,1,14
BRF:2
BRH:2
end_of_record
TN:
SF:warehouse\operationWithTotalQuantityOfAllInWarehouse.js
FN:7,checkTotalQuantity
FNF:1
FNH:1
FNDA:15,checkTotalQuantity
DA:1,7
DA:2,7
DA:3,7
DA:4,7
DA:7,7
DA:10,15
DA:11,15
DA:14,15
DA:15,15
DA:18,15
DA:21,15
DA:23,12
DA:26,3
LF:13
LH:13
BRDA:21,0,0,12
BRDA:21,0,1,3
BRF:2
BRH:2
end_of_record
TN:
SF:warehouse\operationWithWarehouse.js
FN:22,Calculate
FN:57,addFood
FN:98,checkIngradients
FN:120,addIngradientsInWarehouse
FN:129,addIngradientsInWarehouse
FN:135,removeFoodFromReadyMeals
FN:148,writeFile_removeFoodFromReadyMeals
FN:156,removeIngradientsFromWarehouse
FN:254,writeFile_removeIngradientsFromWarehouse
FN:261,addReadyMeals
FN:271,writeFile_addReadyMeals
FNF:11
FNH:6
FNDA:2,Calculate
FNDA:3,addFood
FNDA:22,checkIngradients
FNDA:1,addIngradientsInWarehouse
FNDA:0,addIngradientsInWarehouse
FNDA:0,removeFoodFromReadyMeals
FNDA:0,writeFile_removeFoodFromReadyMeals
FNDA:6,removeIngradientsFromWarehouse
FNDA:0,writeFile_removeIngradientsFromWarehouse
FNDA:1,addReadyMeals
FNDA:0,writeFile_addReadyMeals
DA:1,4
DA:2,4
DA:3,4
DA:4,4
DA:5,4
DA:6,4
DA:7,4
DA:8,4
DA:9,4
DA:10,4
DA:11,4
DA:12,4
DA:13,4
DA:14,4
DA:15,4
DA:16,4
DA:17,4
DA:18,4
DA:19,4
DA:22,4
DA:25,2
DA:28,1
DA:31,1
DA:32,1
DA:35,1
DA:39,1
DA:40,1
DA:43,1
DA:46,1
DA:49,1
DA:52,1
DA:57,4
DA:60,3
DA:63,2
DA:66,2
DA:69,2
DA:71,2
DA:74,1
DA:77,1
DA:78,1
DA:83,1
DA:85,1
DA:88,1
DA:90,1
DA:98,4
DA:101,22
DA:104,2
DA:105,2
DA:108,2
DA:111,2
DA:115,20
DA:120,4
DA:123,1
DA:126,1
DA:129,4
DA:131,0
DA:135,4
DA:138,0
DA:141,0
DA:144,0
DA:148,4
DA:151,0
DA:156,4
DA:161,6
DA:164,6
DA:167,6
DA:170,6
DA:173,6
DA:175,6
DA:177,6
DA:179,6
DA:182,2
DA:184,2
DA:187,6
DA:193,6
DA:196,2
DA:199,2
DA:202,2
DA:205,1
DA:209,1
DA:212,1
DA:215,1
DA:218,3
DA:221,3
DA:223,3
DA:225,3
DA:227,3
DA:230,0
DA:232,0
DA:235,3
DA:245,6
DA:247,6
DA:250,6
DA:254,4
DA:257,0
DA:261,4
DA:264,1
DA:267,1
DA:271,4
DA:274,0
LF:100
LH:91
BRDA:25,0,0,1
BRDA:25,0,1,1
BRDA:25,1,0,2
BRDA:25,1,1,2
BRDA:60,2,0,2
BRDA:60,2,1,1
BRDA:66,3,0,2
BRDA:66,3,1,0
BRDA:69,4,0,2
BRDA:69,4,1,0
BRDA:71,5,0,1
BRDA:71,5,1,1
BRDA:101,6,0,2
BRDA:101,6,1,20
BRDA:164,7,0,6
BRDA:164,7,1,0
BRDA:170,8,0,6
BRDA:170,8,1,0
BRDA:179,9,0,2
BRDA:179,9,1,4
BRDA:193,10,0,2
BRDA:193,10,1,4
BRDA:199,11,0,2
BRDA:199,11,1,0
BRDA:202,12,0,1
BRDA:202,12,1,1
BRDA:212,13,0,1
BRDA:212,13,1,0
BRDA:218,14,0,3
BRDA:218,14,1,0
BRDA:227,15,0,0
BRDA:227,15,1,3
BRF:32
BRH:24
end_of_record
TN:
SF:warehouse\operationWithWaste.js
FN:3,addToWaste
FN:10,writeFile_addToWaste
FNF:2
FNH:1
FNDA:1,addToWaste
FNDA:0,writeFile_addToWaste
DA:1,5
DA:3,5
DA:5,1
DA:7,1
DA:10,5
DA:12,0
LF:6
LH:5
BRF:0
BRH:0
end_of_record
TN:
SF:warehouse\quantityIngradientsInWarehouse.js
FN:9,checkQuantityOfIngradients
FN:60,getTotalQuantityOfIngradients
FNF:2
FNH:2
FNDA:6,checkQuantityOfIngradients
FNDA:12,getTotalQuantityOfIngradients
DA:1,7
DA:2,7
DA:3,7
DA:4,7
DA:5,7
DA:6,7
DA:9,7
DA:12,6
DA:15,6
DA:18,6
DA:21,6
DA:24,6
DA:26,6
DA:30,1
DA:31,1
DA:34,1
DA:35,1
DA:40,5
DA:43,2
DA:45,2
DA:48,2
DA:51,2
DA:55,3
DA:60,7
DA:63,12
DA:66,12
DA:69,192
DA:73,12
LF:28
LH:28
BRDA:15,0,0,6
BRDA:15,0,1,0
BRDA:26,1,0,5
BRDA:26,1,1,1
BRDA:40,2,0,2
BRDA:40,2,1,3
BRF:6
BRH:5
end_of_record
TN:
SF:warehouse\quantityReadyMealsInWarehouse.js
FN:9,checkQuantityOfReadyMeals
FN:54,getTotalQuantityOfReadyMeals
FNF:2
FNH:2
FNDA:5,checkQuantityOfReadyMeals
FNDA:12,getTotalQuantityOfReadyMeals
DA:1,7
DA:2,7
DA:3,7
DA:4,7
DA:5,7
DA:6,7
DA:9,7
DA:12,5
DA:15,5
DA:18,5
DA:21,5
DA:23,5
DA:24,5
DA:27,1
DA:28,1
DA:29,1
DA:33,4
DA:36,2
DA:38,2
DA:41,2
DA:44,2
DA:49,2
DA:54,7
DA:57,12
DA:60,12
DA:63,156
DA:67,12
LF:27
LH:27
BRDA:15,0,0,5
BRDA:15,0,1,0
BRDA:24,1,0,4
BRDA:24,1,1,1
BRDA:33,2,0,2
BRDA:33,2,1,2
BRF:6
BRH:5
end_of_record
TN:
SF:warehouse\readyMeals.js
FNF:0
FNH:0
DA:1,9
DA:6,9
DA:9,9
LF:3
LH:3
BRF:0
BRH:0
end_of_record
TN:
SF:warehouse\warehouseIngradients.js
FNF:0
FNH:0
DA:1,9
DA:6,9
DA:9,9
LF:3
LH:3
BRF:0
BRH:0
end_of_record
TN:
SF:warehouse\allowableQuantityInStock\ingradients.js
FNF:0
FNH:0
DA:1,8
DA:3,8
DA:5,8
LF:3
LH:3
BRF:0
BRH:0
end_of_record
TN:
SF:warehouse\allowableQuantityInStock\readyMeals.js
FNF:0
FNH:0
DA:1,8
DA:3,8
DA:5,8
LF:3
LH:3
BRF:0
BRH:0
end_of_record
TN:
SF:warehouse\allowableQuantityInStock\totalQuantity.js
FNF:0
FNH:0
DA:1,8
DA:3,8
DA:5,8
LF:3
LH:3
BRF:0
BRH:0
end_of_record
