TN:
SF:admin\buyReadyMeals.js
FN:19,addReadyMeals
FN:42,(anonymous_1)
FN:51,(anonymous_2)
FN:72,removeMoney
FNF:4
FNH:0
FNDA:0,addReadyMeals
FNDA:0,(anonymous_1)
FNDA:0,(anonymous_2)
FNDA:0,removeMoney
DA:1,1
DA:2,1
DA:3,1
DA:4,1
DA:5,1
DA:6,1
DA:7,1
DA:8,1
DA:9,1
DA:10,1
DA:11,1
DA:12,1
DA:13,1
DA:14,1
DA:15,1
DA:19,1
DA:22,0
DA:25,0
DA:27,0
DA:30,0
DA:31,0
DA:34,0
DA:37,0
DA:38,0
DA:40,0
DA:41,0
DA:42,0
DA:43,0
DA:48,0
DA:50,0
DA:51,0
DA:52,0
DA:59,0
DA:60,0
DA:65,0
DA:68,0
DA:72,1
DA:75,0
DA:78,0
DA:81,0
DA:84,0
DA:87,0
DA:90,0
DA:94,0
DA:99,0
DA:102,0
DA:106,0
LF:47
LH:17
BRDA:25,0,0,0
BRDA:25,0,1,0
BRDA:34,1,0,0
BRDA:34,1,1,0
BRDA:40,2,0,0
BRDA:40,2,1,0
BRDA:81,3,0,0
BRDA:81,3,1,0
BRF:8
BRH:0
end_of_record
TN:
SF:budget\operationWithBudget.js
FN:11,Calculate
FN:47,removeFromBudget
FN:60,addToBudget
FN:74,checkBudgetForBankruptcy
FN:88,_removeFromBudget
FN:102,_addToBudget
FN:114,(anonymous_6)
FN:119,(anonymous_7)
FNF:8
FNH:0
FNDA:0,Calculate
FNDA:0,removeFromBudget
FNDA:0,addToBudget
FNDA:0,checkBudgetForBankruptcy
FNDA:0,_removeFromBudget
FNDA:0,_addToBudget
FNDA:0,(anonymous_6)
FNDA:0,(anonymous_7)
DA:1,1
DA:2,1
DA:3,1
DA:4,1
DA:5,1
DA:6,1
DA:7,1
DA:8,1
DA:11,1
DA:14,0
DA:17,0
DA:18,0
DA:24,0
DA:29,0
DA:36,0
DA:40,0
DA:41,0
DA:43,0
DA:47,1
DA:50,0
DA:53,0
DA:56,0
DA:60,1
DA:64,0
DA:67,0
DA:70,0
DA:74,1
DA:77,0
DA:81,0
DA:82,0
DA:88,1
DA:91,0
DA:97,0
DA:102,1
DA:105,0
DA:111,0
DA:114,1
DA:115,0
DA:116,0
DA:119,1
DA:120,0
DA:121,0
DA:122,0
DA:124,0
DA:125,0
DA:126,0
DA:129,0
DA:130,0
DA:131,0
LF:49
LH:16
BRDA:24,0,0,0
BRDA:24,0,1,0
BRDA:77,1,0,0
BRDA:77,1,1,0
BRDA:115,2,0,0
BRDA:115,2,1,0
BRDA:120,3,0,0
BRDA:120,3,1,0
BRDA:124,4,0,0
BRDA:124,4,1,0
BRDA:129,5,0,0
BRDA:129,5,1,0
BRF:12
BRH:0
end_of_record
TN:
SF:budget\restaurantBudget.js
FNF:0
FNH:0
DA:1,1
DA:4,1
DA:7,1
LF:3
LH:3
BRF:0
BRH:0
end_of_record
TN:
SF:menu\baseIngradients.js
FNF:0
FNH:0
DA:1,1
DA:6,1
DA:9,1
LF:3
LH:3
BRF:0
BRH:0
end_of_record
TN:
SF:menu\getIngradients.js
FN:9,getAllIngradients
FN:31,ingradients
FN:43,getReadyMeals
FNF:3
FNH:0
FNDA:0,getAllIngradients
FNDA:0,ingradients
FNDA:0,getReadyMeals
DA:1,1
DA:2,1
DA:3,1
DA:6,1
DA:11,0
DA:13,0
DA:16,0
DA:18,0
DA:21,0
DA:23,0
DA:27,0
DA:31,1
DA:33,0
DA:37,0
DA:39,0
DA:43,1
DA:45,0
DA:46,0
DA:48,0
DA:50,0
DA:52,0
DA:54,0
DA:56,0
DA:58,0
DA:62,0
DA:64,0
DA:67,0
LF:27
LH:6
BRDA:16,0,0,0
BRDA:16,0,1,0
BRDA:21,1,0,0
BRDA:21,1,1,0
BRDA:52,2,0,0
BRDA:52,2,1,0
BRDA:56,3,0,0
BRDA:56,3,1,0
BRDA:62,4,0,0
BRDA:62,4,1,0
BRF:10
BRH:0
end_of_record
TN:
SF:menu\getPrice.js
FN:6,getAllPrice
FN:23,price
FNF:2
FNH:0
FNDA:0,getAllPrice
FNDA:0,price
DA:1,1
DA:4,1
DA:8,0
DA:10,0
DA:12,0
DA:14,0
DA:15,0
DA:19,0
DA:23,1
DA:25,0
DA:29,0
DA:31,0
LF:12
LH:3
BRDA:10,0,0,0
BRDA:10,0,1,0
BRF:2
BRH:0
end_of_record
TN:
SF:menu\notBaseIngradients.js
FNF:0
FNH:0
DA:1,1
DA:6,1
DA:9,1
LF:3
LH:3
BRF:0
BRH:0
end_of_record
TN:
SF:output\userInfo.js
FN:21,StartInfoForUser
FN:66,fullPayment
FN:114,haveAllergy
FN:129,budgetAfterPay
FN:158,canBuy
FN:172,start
FNF:6
FNH:1
FNDA:0,StartInfoForUser
FNDA:0,fullPayment
FNDA:0,haveAllergy
FNDA:1,budgetAfterPay
FNDA:0,canBuy
FNDA:0,start
DA:1,1
DA:2,1
DA:3,1
DA:4,1
DA:5,1
DA:6,1
DA:7,1
DA:8,1
DA:9,1
DA:10,1
DA:11,1
DA:12,1
DA:13,1
DA:14,1
DA:15,1
DA:16,1
DA:17,1
DA:18,1
DA:21,1
DA:24,0
DA:27,0
DA:30,0
DA:33,0
DA:36,0
DA:39,0
DA:42,0
DA:44,0
DA:47,0
DA:50,0
DA:51,0
DA:53,0
DA:57,0
DA:59,0
DA:62,0
DA:66,1
DA:69,0
DA:72,0
DA:75,0
DA:78,0
DA:79,0
DA:82,0
DA:89,0
DA:91,0
DA:93,0
DA:96,0
DA:97,0
DA:100,0
DA:102,0
DA:107,0
DA:109,0
DA:114,1
DA:116,0
DA:119,0
DA:123,0
DA:129,1
DA:130,1
DA:131,1
DA:133,1
DA:134,1
DA:135,1
DA:136,1
DA:137,0
DA:138,0
DA:139,0
DA:140,0
DA:158,1
DA:160,0
DA:163,0
DA:167,0
DA:172,1
DA:175,0
DA:178,0
DA:179,0
DA:186,0
DA:188,0
DA:197,0
DA:198,0
DA:203,0
LF:78
LH:30
BRDA:50,0,0,0
BRDA:50,0,1,0
BRDA:75,1,0,0
BRDA:75,1,1,0
BRDA:89,2,0,0
BRDA:89,2,1,0
BRDA:116,3,0,0
BRDA:116,3,1,0
BRDA:133,4,0,1
BRDA:133,4,1,0
BRDA:137,5,0,0
BRDA:137,5,1,0
BRDA:160,6,0,0
BRDA:160,6,1,0
BRDA:175,7,0,0
BRDA:175,7,1,0
BRDA:175,8,0,0
BRDA:175,8,1,0
BRDA:186,9,0,0
BRDA:186,9,1,0
BRDA:186,10,0,0
BRDA:186,10,1,0
BRF:22
BRH:1
end_of_record
TN:
SF:restaurantLogs\audit.js
FN:7,(anonymous_0)
FN:11,(anonymous_1)
FN:24,(anonymous_2)
FN:34,(anonymous_3)
FN:38,(anonymous_4)
FN:55,(anonymous_5)
FNF:6
FNH:1
FNDA:1,(anonymous_0)
FNDA:0,(anonymous_1)
FNDA:0,(anonymous_2)
FNDA:0,(anonymous_3)
FNDA:0,(anonymous_4)
FNDA:0,(anonymous_5)
DA:1,1
DA:2,1
DA:3,1
DA:8,1
DA:11,1
DA:13,0
DA:21,0
DA:24,1
DA:26,0
DA:28,0
DA:31,0
DA:34,1
DA:35,0
DA:36,0
DA:38,0
DA:39,0
DA:41,0
DA:43,0
DA:48,0
DA:51,0
DA:52,0
DA:55,1
DA:56,0
DA:60,1
DA:62,1
LF:25
LH:10
BRDA:26,0,0,0
BRDA:26,0,1,0
BRDA:39,1,0,0
BRDA:39,1,1,0
BRDA:41,2,0,0
BRDA:41,2,1,0
BRF:6
BRH:0
end_of_record
TN:
SF:restaurantLogs\logs.js
FNF:0
FNH:0
DA:1,1
DA:6,1
DA:9,1
LF:3
LH:3
BRF:0
BRH:0
end_of_record
TN:
SF:restaurantLogs\operationWithLogs.js
FN:8,addLogs
FN:18,writeLogs
FN:32,writeFile_writeLogs
FN:40,showLogs
FN:53,readFile_showLogs
FNF:5
FNH:0
FNDA:0,addLogs
FNDA:0,writeLogs
FNDA:0,writeFile_writeLogs
FNDA:0,showLogs
FNDA:0,readFile_showLogs
DA:1,1
DA:2,1
DA:5,1
DA:8,1
DA:11,0
DA:14,0
DA:18,1
DA:21,0
DA:24,0
DA:28,0
DA:32,1
DA:35,0
DA:36,0
DA:40,1
DA:43,0
DA:44,0
DA:46,0
DA:49,0
DA:53,1
DA:56,0
LF:20
LH:8
BRF:0
BRH:0
end_of_record
TN:
SF:services\trashService.js
FN:2,(anonymous_0)
FN:8,(anonymous_1)
FN:12,(anonymous_2)
FN:16,(anonymous_3)
FN:20,(anonymous_4)
FN:24,(anonymous_5)
FN:26,(anonymous_6)
FN:31,(anonymous_7)
FN:37,(anonymous_8)
FN:45,(anonymous_9)
FN:53,(anonymous_10)
FN:57,(anonymous_11)
FN:59,(anonymous_12)
FN:60,(anonymous_13)
FN:73,(anonymous_14)
FNF:15
FNH:1
FNDA:1,(anonymous_0)
FNDA:0,(anonymous_1)
FNDA:0,(anonymous_2)
FNDA:0,(anonymous_3)
FNDA:0,(anonymous_4)
FNDA:0,(anonymous_5)
FNDA:0,(anonymous_6)
FNDA:0,(anonymous_7)
FNDA:0,(anonymous_8)
FNDA:0,(anonymous_9)
FNDA:0,(anonymous_10)
FNDA:0,(anonymous_11)
FNDA:0,(anonymous_12)
FNDA:0,(anonymous_13)
FNDA:0,(anonymous_14)
DA:3,1
DA:4,1
DA:5,1
DA:8,1
DA:9,0
DA:12,1
DA:13,0
DA:16,1
DA:17,0
DA:20,1
DA:21,0
DA:24,1
DA:25,0
DA:26,0
DA:27,0
DA:31,1
DA:32,0
DA:33,0
DA:34,0
DA:37,1
DA:38,0
DA:39,0
DA:40,0
DA:42,0
DA:45,1
DA:46,0
DA:47,0
DA:49,0
DA:53,1
DA:54,0
DA:57,1
DA:58,0
DA:60,0
DA:61,0
DA:63,0
DA:64,0
DA:66,0
DA:70,0
DA:73,1
DA:74,0
DA:75,0
DA:76,0
DA:78,0
DA:79,0
DA:84,1
DA:86,1
LF:46
LH:16
BRDA:17,0,0,0
BRDA:17,0,1,0
BRDA:39,1,0,0
BRDA:39,1,1,0
BRDA:46,2,0,0
BRDA:46,2,1,0
BRDA:58,3,0,0
BRDA:58,3,1,0
BRDA:63,4,0,0
BRDA:63,4,1,0
BRDA:75,5,0,0
BRDA:75,5,1,0
BRF:12
BRH:0
end_of_record
TN:
SF:systemCommands\systemCommands.js
FN:1,EXIT
FNF:1
FNH:0
FNDA:0,EXIT
DA:1,1
DA:3,0
DA:4,0
DA:5,0
DA:6,0
DA:7,0
LF:6
LH:1
BRF:0
BRH:0
end_of_record
TN:
SF:taxes\operationWithDailyTax.js
FN:14,openRestaurant
FN:27,closeRestaurant
FN:41,Calculate
FNF:3
FNH:0
FNDA:0,openRestaurant
FNDA:0,closeRestaurant
FNDA:0,Calculate
DA:1,1
DA:2,1
DA:3,1
DA:4,1
DA:5,1
DA:6,1
DA:7,1
DA:9,1
DA:10,1
DA:11,1
DA:14,1
DA:17,0
DA:20,0
DA:23,0
DA:27,1
DA:30,0
DA:32,0
DA:35,0
DA:37,0
DA:41,1
DA:44,0
DA:47,0
DA:50,0
DA:53,0
DA:55,0
DA:59,0
DA:61,0
DA:62,0
DA:65,0
DA:68,0
DA:72,0
DA:73,0
DA:75,0
LF:33
LH:13
BRDA:50,0,0,0
BRDA:50,0,1,0
BRF:2
BRH:0
end_of_record
TN:
SF:taxes\operationWithPurchaseTax.js
FN:7,purchaseTax
FN:24,purchaseTax
FN:31,resetPurchaseTax
FN:44,resetPurchaseTax
FN:51,getTaxes
FN:61,readFile_getTaxes
FNF:6
FNH:0
FNDA:0,purchaseTax
FNDA:0,purchaseTax
FNDA:0,resetPurchaseTax
FNDA:0,resetPurchaseTax
FNDA:0,getTaxes
FNDA:0,readFile_getTaxes
DA:1,1
DA:3,1
DA:4,1
DA:7,1
DA:10,0
DA:12,0
DA:14,0
DA:17,0
DA:20,0
DA:24,1
DA:27,0
DA:31,1
DA:34,0
DA:37,0
DA:40,0
DA:44,1
DA:47,0
DA:51,1
DA:54,0
DA:57,0
DA:61,1
DA:64,0
LF:22
LH:9
BRF:0
BRH:0
end_of_record
TN:
SF:taxes\operationWithTax.js
FN:7,withdrawTaxes
FN:28,addTaxes
FNF:2
FNH:0
FNDA:0,withdrawTaxes
FNDA:0,addTaxes
DA:1,1
DA:2,1
DA:3,1
DA:4,1
DA:7,1
DA:10,0
DA:13,0
DA:16,0
DA:19,0
DA:20,0
DA:21,0
DA:24,0
DA:28,1
DA:31,0
DA:33,0
DA:36,0
DA:37,0
DA:40,0
LF:18
LH:6
BRF:0
BRH:0
end_of_record
TN:
SF:taxes\percent.js
FNF:0
FNH:0
DA:1,1
DA:4,1
DA:5,1
DA:7,0
DA:11,1
LF:5
LH:4
BRDA:4,0,0,1
BRDA:4,0,1,0
BRF:2
BRH:1
end_of_record
TN:
SF:taxes\purchaseTax.js
FNF:0
FNH:0
DA:1,1
DA:3,1
DA:5,1
LF:3
LH:3
BRF:0
BRH:0
end_of_record
TN:
SF:taxes\tax.js
FNF:0
FNH:0
DA:1,1
DA:3,1
DA:4,1
DA:6,0
DA:9,1
LF:5
LH:4
BRDA:3,0,0,1
BRDA:3,0,1,0
BRF:2
BRH:1
end_of_record
TN:
SF:tips\tips.js
FN:4,(anonymous_0)
FN:8,(anonymous_1)
FN:14,(anonymous_2)
FNF:3
FNH:1
FNDA:1,(anonymous_0)
FNDA:0,(anonymous_1)
FNDA:0,(anonymous_2)
DA:1,1
DA:5,1
DA:9,0
DA:11,0
DA:15,0
DA:16,0
DA:20,1
DA:22,1
LF:8
LH:4
BRDA:9,0,0,0
BRDA:9,0,1,0
BRF:2
BRH:0
end_of_record
TN:
SF:user\user.js
FN:2,User
FN:45,getName
FN:49,setName
FN:53,getBudget
FN:57,setBudget
FN:61,getFood
FN:65,setFood
FN:69,getAllergy
FN:73,setAllergy
FN:77,setPrice
FN:81,getPrice
FN:85,setIngradients
FN:89,getIngradients
FN:93,setHaveAllergy
FN:97,getHaveAllergy
FN:101,setBudgetAfterPay
FN:106,getBudgetAfterPay
FN:110,setFullPayment
FN:114,getFullPayment
FN:118,setReadyMeals
FN:122,getReadyMeals
FN:126,setIngradientsOfReadyMeals
FN:130,getIngradientsOfReadyMeals
FNF:23
FNH:1
FNDA:0,User
FNDA:0,getName
FNDA:0,setName
FNDA:0,getBudget
FNDA:0,setBudget
FNDA:0,getFood
FNDA:0,setFood
FNDA:0,getAllergy
FNDA:0,setAllergy
FNDA:0,setPrice
FNDA:0,getPrice
FNDA:0,setIngradients
FNDA:0,getIngradients
FNDA:0,setHaveAllergy
FNDA:0,getHaveAllergy
FNDA:1,setBudgetAfterPay
FNDA:0,getBudgetAfterPay
FNDA:0,setFullPayment
FNDA:0,getFullPayment
FNDA:0,setReadyMeals
FNDA:0,getReadyMeals
FNDA:0,setIngradientsOfReadyMeals
FNDA:0,getIngradientsOfReadyMeals
DA:2,1
DA:5,0
DA:8,0
DA:11,0
DA:14,0
DA:17,0
DA:20,0
DA:23,0
DA:26,0
DA:29,0
DA:32,0
DA:35,0
DA:38,0
DA:45,1
DA:46,0
DA:49,1
DA:50,0
DA:53,1
DA:54,0
DA:57,1
DA:58,0
DA:61,1
DA:62,0
DA:65,1
DA:66,0
DA:69,1
DA:70,0
DA:73,1
DA:74,0
DA:77,1
DA:78,0
DA:81,1
DA:82,0
DA:85,1
DA:86,0
DA:89,1
DA:90,0
DA:93,1
DA:94,0
DA:97,1
DA:98,0
DA:101,1
DA:102,1
DA:103,1
DA:106,1
DA:107,0
DA:110,1
DA:111,0
DA:114,1
DA:115,0
DA:118,1
DA:119,0
DA:122,1
DA:123,0
DA:126,1
DA:127,0
DA:130,1
DA:131,0
LF:58
LH:25
BRF:0
BRH:0
end_of_record
TN:
SF:visits\operationWithVisits.js
FN:11,setVisit
FN:55,setDiscount
FN:62,getDiscount
FN:69,resetVisits
FN:80,readFile
FN:87,writeFile
FNF:6
FNH:0
FNDA:0,setVisit
FNDA:0,setDiscount
FNDA:0,getDiscount
FNDA:0,resetVisits
FNDA:0,readFile
FNDA:0,writeFile
DA:1,1
DA:2,1
DA:5,1
DA:8,1
DA:11,1
DA:14,0
DA:17,0
DA:20,0
DA:22,0
DA:25,0
DA:28,0
DA:30,0
DA:33,0
DA:38,0
DA:44,0
DA:47,0
DA:51,0
DA:55,1
DA:58,0
DA:62,1
DA:65,0
DA:69,1
DA:72,0
DA:73,0
DA:76,0
DA:80,1
DA:83,0
DA:87,1
DA:90,0
LF:29
LH:10
BRDA:17,0,0,0
BRDA:17,0,1,0
BRDA:25,1,0,0
BRDA:25,1,1,0
BRF:4
BRH:0
end_of_record
TN:
SF:warehouse\chanceToSpoil.js
FNF:0
FNH:0
DA:1,1
DA:6,1
DA:9,1
LF:3
LH:3
BRF:0
BRH:0
end_of_record
TN:
SF:warehouse\maxPriceForAFood.js
FNF:0
FNH:0
DA:1,1
DA:6,1
DA:9,1
LF:3
LH:3
BRF:0
BRH:0
end_of_record
TN:
SF:warehouse\operationWithChanceToSpoil.js
FN:7,chackChanceToSpoil
FN:19,random
FN:41,getRandomInt
FNF:3
FNH:0
FNDA:0,chackChanceToSpoil
FNDA:0,random
FNDA:0,getRandomInt
DA:1,1
DA:4,1
DA:7,1
DA:9,0
DA:12,0
DA:15,0
DA:19,1
DA:22,0
DA:25,0
DA:28,0
DA:32,0
DA:36,0
DA:41,1
DA:42,0
DA:43,0
DA:44,0
LF:16
LH:5
BRDA:25,0,0,0
BRDA:25,0,1,0
BRF:2
BRH:0
end_of_record
TN:
SF:warehouse\operationWithTotalQuantityOfAllInWarehouse.js
FN:7,checkTotalQuantity
FNF:1
FNH:0
FNDA:0,checkTotalQuantity
DA:1,1
DA:2,1
DA:3,1
DA:4,1
DA:7,1
DA:10,0
DA:11,0
DA:14,0
DA:15,0
DA:18,0
DA:21,0
DA:23,0
DA:26,0
LF:13
LH:5
BRDA:21,0,0,0
BRDA:21,0,1,0
BRF:2
BRH:0
end_of_record
TN:
SF:warehouse\operationWithWarehouse.js
FN:23,Calculate
FN:58,addFood
FN:99,checkIngradients
FN:121,addIngradientsInWarehouse
FN:130,addIngradientsInWarehouse
FN:136,removeFoodFromReadyMeals
FN:149,writeFile_removeFoodFromReadyMeals
FN:157,removeIngradientsFromWarehouse
FN:254,writeFile_removeIngradientsFromWarehouse
FN:261,addReadyMeals
FN:271,writeFile_addReadyMeals
FNF:11
FNH:0
FNDA:0,Calculate
FNDA:0,addFood
FNDA:0,checkIngradients
FNDA:0,addIngradientsInWarehouse
FNDA:0,addIngradientsInWarehouse
FNDA:0,removeFoodFromReadyMeals
FNDA:0,writeFile_removeFoodFromReadyMeals
FNDA:0,removeIngradientsFromWarehouse
FNDA:0,writeFile_removeIngradientsFromWarehouse
FNDA:0,addReadyMeals
FNDA:0,writeFile_addReadyMeals
DA:1,1
DA:2,1
DA:3,1
DA:4,1
DA:5,1
DA:6,1
DA:7,1
DA:8,1
DA:9,1
DA:10,1
DA:11,1
DA:12,1
DA:13,1
DA:14,1
DA:15,1
DA:16,1
DA:17,1
DA:18,1
DA:19,1
DA:20,1
DA:23,1
DA:26,0
DA:29,0
DA:32,0
DA:33,0
DA:36,0
DA:40,0
DA:41,0
DA:44,0
DA:47,0
DA:50,0
DA:53,0
DA:58,1
DA:61,0
DA:64,0
DA:67,0
DA:70,0
DA:72,0
DA:75,0
DA:78,0
DA:79,0
DA:84,0
DA:86,0
DA:89,0
DA:91,0
DA:99,1
DA:102,0
DA:105,0
DA:106,0
DA:112,0
DA:116,0
DA:121,1
DA:124,0
DA:127,0
DA:130,1
DA:132,0
DA:136,1
DA:139,0
DA:142,0
DA:145,0
DA:149,1
DA:152,0
DA:157,1
DA:162,0
DA:165,0
DA:167,0
DA:170,0
DA:173,0
DA:175,0
DA:177,0
DA:179,0
DA:182,0
DA:184,0
DA:187,0
DA:193,0
DA:196,0
DA:199,0
DA:202,0
DA:205,0
DA:209,0
DA:212,0
DA:215,0
DA:218,0
DA:221,0
DA:223,0
DA:225,0
DA:227,0
DA:230,0
DA:232,0
DA:235,0
DA:245,0
DA:247,0
DA:250,0
DA:254,1
DA:257,0
DA:261,1
DA:264,0
DA:267,0
DA:271,1
DA:274,0
LF:100
LH:31
BRDA:26,0,0,0
BRDA:26,0,1,0
BRDA:26,1,0,0
BRDA:26,1,1,0
BRDA:61,2,0,0
BRDA:61,2,1,0
BRDA:67,3,0,0
BRDA:67,3,1,0
BRDA:70,4,0,0
BRDA:70,4,1,0
BRDA:72,5,0,0
BRDA:72,5,1,0
BRDA:102,6,0,0
BRDA:102,6,1,0
BRDA:165,7,0,0
BRDA:165,7,1,0
BRDA:170,8,0,0
BRDA:170,8,1,0
BRDA:179,9,0,0
BRDA:179,9,1,0
BRDA:193,10,0,0
BRDA:193,10,1,0
BRDA:199,11,0,0
BRDA:199,11,1,0
BRDA:202,12,0,0
BRDA:202,12,1,0
BRDA:212,13,0,0
BRDA:212,13,1,0
BRDA:218,14,0,0
BRDA:218,14,1,0
BRDA:227,15,0,0
BRDA:227,15,1,0
BRF:32
BRH:0
end_of_record
TN:
SF:warehouse\operationWithWaste.js
FN:5,addToWaste
FN:14,writeFile_addToWaste
FN:19,clearWaste
FN:29,writeFile_clearWaste
FNF:4
FNH:0
FNDA:0,addToWaste
FNDA:0,writeFile_addToWaste
FNDA:0,clearWaste
FNDA:0,writeFile_clearWaste
DA:1,1
DA:2,1
DA:3,1
DA:5,1
DA:7,0
DA:9,0
DA:11,0
DA:14,1
DA:16,0
DA:19,1
DA:21,0
DA:23,0
DA:26,0
DA:29,1
DA:31,0
LF:15
LH:7
BRF:0
BRH:0
end_of_record
TN:
SF:warehouse\quantityIngradientsInWarehouse.js
FN:11,checkQuantityOfIngradients
FN:81,getTotalQuantityOfIngradients
FNF:2
FNH:0
FNDA:0,checkQuantityOfIngradients
FNDA:0,getTotalQuantityOfIngradients
DA:1,1
DA:2,1
DA:3,1
DA:4,1
DA:5,1
DA:6,1
DA:7,1
DA:8,1
DA:11,1
DA:14,0
DA:17,0
DA:20,0
DA:23,0
DA:26,0
DA:28,0
DA:32,0
DA:33,0
DA:36,0
DA:37,0
DA:42,0
DA:45,0
DA:47,0
DA:50,0
DA:54,0
DA:55,0
DA:56,0
DA:57,0
DA:61,0
DA:62,0
DA:63,0
DA:69,0
DA:72,0
DA:76,0
DA:81,1
DA:84,0
DA:87,0
DA:90,0
DA:94,0
LF:38
LH:10
BRDA:17,0,0,0
BRDA:17,0,1,0
BRDA:28,1,0,0
BRDA:28,1,1,0
BRDA:42,2,0,0
BRDA:42,2,1,0
BRF:6
BRH:0
end_of_record
TN:
SF:warehouse\quantityReadyMealsInWarehouse.js
FN:10,checkQuantityOfReadyMeals
FN:59,getTotalQuantityOfReadyMeals
FNF:2
FNH:0
FNDA:0,checkQuantityOfReadyMeals
FNDA:0,getTotalQuantityOfReadyMeals
DA:1,1
DA:2,1
DA:3,1
DA:4,1
DA:5,1
DA:6,1
DA:7,1
DA:10,1
DA:13,0
DA:16,0
DA:19,0
DA:22,0
DA:24,0
DA:25,0
DA:29,0
DA:30,0
DA:32,0
DA:36,0
DA:39,0
DA:41,0
DA:44,0
DA:48,0
DA:54,0
DA:59,1
DA:62,0
DA:65,0
DA:68,0
DA:72,0
LF:28
LH:9
BRDA:16,0,0,0
BRDA:16,0,1,0
BRDA:25,1,0,0
BRDA:25,1,1,0
BRDA:36,2,0,0
BRDA:36,2,1,0
BRF:6
BRH:0
end_of_record
TN:
SF:warehouse\readyMeals.js
FNF:0
FNH:0
DA:1,1
DA:6,1
DA:9,1
LF:3
LH:3
BRF:0
BRH:0
end_of_record
TN:
SF:warehouse\warehouseIngradients.js
FNF:0
FNH:0
DA:1,1
DA:6,1
DA:9,1
LF:3
LH:3
BRF:0
BRH:0
end_of_record
TN:
SF:warehouse\waste.js
FNF:0
FNH:0
DA:1,1
DA:3,1
DA:5,1
LF:3
LH:3
BRF:0
BRH:0
end_of_record
TN:
SF:warehouse\allowableQuantityInStock\ingradients.js
FNF:0
FNH:0
DA:1,1
DA:3,1
DA:5,1
LF:3
LH:3
BRF:0
BRH:0
end_of_record
TN:
SF:warehouse\allowableQuantityInStock\readyMeals.js
FNF:0
FNH:0
DA:1,1
DA:3,1
DA:5,1
LF:3
LH:3
BRF:0
BRH:0
end_of_record
TN:
SF:warehouse\allowableQuantityInStock\totalQuantity.js
FNF:0
FNH:0
DA:1,1
DA:3,1
DA:5,1
LF:3
LH:3
BRF:0
BRH:0
end_of_record
